(cv) suzuki@dynabook:~/opencv/opencv-3.0.0/build$ cmake -D CMAKE_BUILD_TYPE=RELEASE -D BUILD_SHARED_LIBS=NO -D BUILD_opencv_python2=ON -D BUILD_opencv_python3=ON -D BUILD_opencv_ml=ON -D BUILD_opencv_flann=ON -D BUILD_opencv_features2d=ON -D BUILD_opencv_photo=OFF -D BUILD_opencv_objdetect=OFF -D BUILD_opencv_video=OFF -D BUILD_opencv_videoio=OFF -D BUILD_opencv_ts=OFF -D BUILD_opencv_calib3d=OFF -D BUILD_opencv_dnn=OFF -D BUILD_opencv_highgui=OFF -D CMAKE_INSTALL_PREFIX=/home/suzuki/opencv/3.0 ..
-- The CXX compiler identification is GNU 5.4.0
-- The C compiler identification is GNU 5.4.0
-- Check for working CXX compiler: /usr/bin/c++
-- Check for working CXX compiler: /usr/bin/c++ -- works
-- Detecting CXX compiler ABI info
-- Detecting CXX compiler ABI info - done
-- Detecting CXX compile features
-- Detecting CXX compile features - done
-- Check for working C compiler: /usr/bin/cc
-- Check for working C compiler: /usr/bin/cc -- works
-- Detecting C compiler ABI info
-- Detecting C compiler ABI info - done
-- Detecting C compile features
-- Detecting C compile features - done
-- Detected version of GNU GCC: 54 (504)
-- Performing Test HAVE_CXX_FSIGNED_CHAR
-- Performing Test HAVE_CXX_FSIGNED_CHAR - Success
-- Performing Test HAVE_C_FSIGNED_CHAR
-- Performing Test HAVE_C_FSIGNED_CHAR - Success
-- Performing Test HAVE_CXX_W
-- Performing Test HAVE_CXX_W - Success
-- Performing Test HAVE_C_W
-- Performing Test HAVE_C_W - Success
-- Performing Test HAVE_CXX_WALL
-- Performing Test HAVE_CXX_WALL - Success
-- Performing Test HAVE_C_WALL
-- Performing Test HAVE_C_WALL - Success
-- Performing Test HAVE_CXX_WERROR_RETURN_TYPE
-- Performing Test HAVE_CXX_WERROR_RETURN_TYPE - Success
-- Performing Test HAVE_C_WERROR_RETURN_TYPE
-- Performing Test HAVE_C_WERROR_RETURN_TYPE - Success
-- Performing Test HAVE_CXX_WERROR_NON_VIRTUAL_DTOR
-- Performing Test HAVE_CXX_WERROR_NON_VIRTUAL_DTOR - Success
-- Performing Test HAVE_C_WERROR_NON_VIRTUAL_DTOR
-- Performing Test HAVE_C_WERROR_NON_VIRTUAL_DTOR - Success
-- Performing Test HAVE_CXX_WERROR_ADDRESS
-- Performing Test HAVE_CXX_WERROR_ADDRESS - Success
-- Performing Test HAVE_C_WERROR_ADDRESS
-- Performing Test HAVE_C_WERROR_ADDRESS - Success
-- Performing Test HAVE_CXX_WERROR_SEQUENCE_POINT
-- Performing Test HAVE_CXX_WERROR_SEQUENCE_POINT - Success
-- Performing Test HAVE_C_WERROR_SEQUENCE_POINT
-- Performing Test HAVE_C_WERROR_SEQUENCE_POINT - Success
-- Performing Test HAVE_CXX_WFORMAT
-- Performing Test HAVE_CXX_WFORMAT - Success
-- Performing Test HAVE_C_WFORMAT
-- Performing Test HAVE_C_WFORMAT - Success
-- Performing Test HAVE_CXX_WERROR_FORMAT_SECURITY
-- Performing Test HAVE_CXX_WERROR_FORMAT_SECURITY - Success
-- Performing Test HAVE_C_WERROR_FORMAT_SECURITY
-- Performing Test HAVE_C_WERROR_FORMAT_SECURITY - Success
-- Performing Test HAVE_CXX_WMISSING_DECLARATIONS
-- Performing Test HAVE_CXX_WMISSING_DECLARATIONS - Success
-- Performing Test HAVE_C_WMISSING_DECLARATIONS
-- Performing Test HAVE_C_WMISSING_DECLARATIONS - Success
-- Performing Test HAVE_CXX_WMISSING_PROTOTYPES
-- Performing Test HAVE_CXX_WMISSING_PROTOTYPES - Failed
-- Performing Test HAVE_C_WMISSING_PROTOTYPES
-- Performing Test HAVE_C_WMISSING_PROTOTYPES - Success
-- Performing Test HAVE_CXX_WSTRICT_PROTOTYPES
-- Performing Test HAVE_CXX_WSTRICT_PROTOTYPES - Failed
-- Performing Test HAVE_C_WSTRICT_PROTOTYPES
-- Performing Test HAVE_C_WSTRICT_PROTOTYPES - Success
-- Performing Test HAVE_CXX_WUNDEF
-- Performing Test HAVE_CXX_WUNDEF - Success
-- Performing Test HAVE_C_WUNDEF
-- Performing Test HAVE_C_WUNDEF - Success
-- Performing Test HAVE_CXX_WINIT_SELF
-- Performing Test HAVE_CXX_WINIT_SELF - Success
-- Performing Test HAVE_C_WINIT_SELF
-- Performing Test HAVE_C_WINIT_SELF - Success
-- Performing Test HAVE_CXX_WPOINTER_ARITH
-- Performing Test HAVE_CXX_WPOINTER_ARITH - Success
-- Performing Test HAVE_C_WPOINTER_ARITH
-- Performing Test HAVE_C_WPOINTER_ARITH - Success
-- Performing Test HAVE_CXX_WSHADOW
-- Performing Test HAVE_CXX_WSHADOW - Success
-- Performing Test HAVE_C_WSHADOW
-- Performing Test HAVE_C_WSHADOW - Success
-- Performing Test HAVE_CXX_WSIGN_PROMO
-- Performing Test HAVE_CXX_WSIGN_PROMO - Success
-- Performing Test HAVE_C_WSIGN_PROMO
-- Performing Test HAVE_C_WSIGN_PROMO - Failed
-- Performing Test HAVE_CXX_WNO_NARROWING
-- Performing Test HAVE_CXX_WNO_NARROWING - Success
-- Performing Test HAVE_C_WNO_NARROWING
-- Performing Test HAVE_C_WNO_NARROWING - Success
-- Performing Test HAVE_CXX_WNO_DELETE_NON_VIRTUAL_DTOR
-- Performing Test HAVE_CXX_WNO_DELETE_NON_VIRTUAL_DTOR - Success
-- Performing Test HAVE_C_WNO_DELETE_NON_VIRTUAL_DTOR
-- Performing Test HAVE_C_WNO_DELETE_NON_VIRTUAL_DTOR - Failed
-- Performing Test HAVE_CXX_WNO_UNNAMED_TYPE_TEMPLATE_ARGS
-- Performing Test HAVE_CXX_WNO_UNNAMED_TYPE_TEMPLATE_ARGS - Failed
-- Performing Test HAVE_C_WNO_UNNAMED_TYPE_TEMPLATE_ARGS
-- Performing Test HAVE_C_WNO_UNNAMED_TYPE_TEMPLATE_ARGS - Failed
-- Performing Test HAVE_CXX_FDIAGNOSTICS_SHOW_OPTION
-- Performing Test HAVE_CXX_FDIAGNOSTICS_SHOW_OPTION - Success
-- Performing Test HAVE_C_FDIAGNOSTICS_SHOW_OPTION
-- Performing Test HAVE_C_FDIAGNOSTICS_SHOW_OPTION - Success
-- Performing Test HAVE_CXX_WNO_LONG_LONG
-- Performing Test HAVE_CXX_WNO_LONG_LONG - Success
-- Performing Test HAVE_C_WNO_LONG_LONG
-- Performing Test HAVE_C_WNO_LONG_LONG - Success
-- Performing Test HAVE_CXX_PTHREAD
-- Performing Test HAVE_CXX_PTHREAD - Success
-- Performing Test HAVE_C_PTHREAD
-- Performing Test HAVE_C_PTHREAD - Success
-- Performing Test HAVE_CXX_FOMIT_FRAME_POINTER
-- Performing Test HAVE_CXX_FOMIT_FRAME_POINTER - Success
-- Performing Test HAVE_C_FOMIT_FRAME_POINTER
-- Performing Test HAVE_C_FOMIT_FRAME_POINTER - Success
-- Performing Test HAVE_CXX_MSSE
-- Performing Test HAVE_CXX_MSSE - Success
-- Performing Test HAVE_C_MSSE
-- Performing Test HAVE_C_MSSE - Success
-- Performing Test HAVE_CXX_MSSE2
-- Performing Test HAVE_CXX_MSSE2 - Success
-- Performing Test HAVE_C_MSSE2
-- Performing Test HAVE_C_MSSE2 - Success
-- Performing Test HAVE_CXX_MNO_AVX
-- Performing Test HAVE_CXX_MNO_AVX - Success
-- Performing Test HAVE_C_MNO_AVX
-- Performing Test HAVE_C_MNO_AVX - Success
-- Performing Test HAVE_CXX_MSSE3
-- Performing Test HAVE_CXX_MSSE3 - Success
-- Performing Test HAVE_C_MSSE3
-- Performing Test HAVE_C_MSSE3 - Success
-- Performing Test HAVE_CXX_MNO_SSSE3
-- Performing Test HAVE_CXX_MNO_SSSE3 - Success
-- Performing Test HAVE_C_MNO_SSSE3
-- Performing Test HAVE_C_MNO_SSSE3 - Success
-- Performing Test HAVE_CXX_MNO_SSE4_1
-- Performing Test HAVE_CXX_MNO_SSE4_1 - Success
-- Performing Test HAVE_C_MNO_SSE4_1
-- Performing Test HAVE_C_MNO_SSE4_1 - Success
-- Performing Test HAVE_CXX_MNO_SSE4_2
-- Performing Test HAVE_CXX_MNO_SSE4_2 - Success
-- Performing Test HAVE_C_MNO_SSE4_2
-- Performing Test HAVE_C_MNO_SSE4_2 - Success
-- Performing Test HAVE_CXX_FFUNCTION_SECTIONS
-- Performing Test HAVE_CXX_FFUNCTION_SECTIONS - Success
-- Performing Test HAVE_C_FFUNCTION_SECTIONS
-- Performing Test HAVE_C_FFUNCTION_SECTIONS - Success
-- Performing Test HAVE_CXX_FVISIBILITY_HIDDEN
-- Performing Test HAVE_CXX_FVISIBILITY_HIDDEN - Success
-- Performing Test HAVE_C_FVISIBILITY_HIDDEN
-- Performing Test HAVE_C_FVISIBILITY_HIDDEN - Success
-- Performing Test HAVE_CXX_FVISIBILITY_INLINES_HIDDEN
-- Performing Test HAVE_CXX_FVISIBILITY_INLINES_HIDDEN - Success
-- Performing Test HAVE_C_FVISIBILITY_INLINES_HIDDEN
-- Performing Test HAVE_C_FVISIBILITY_INLINES_HIDDEN - Failed
-- Looking for pthread.h
-- Looking for pthread.h - found
-- Check if the system is big endian
-- Searching 16 bit integer
-- Looking for sys/types.h
-- Looking for sys/types.h - found
-- Looking for stdint.h
-- Looking for stdint.h - found
-- Looking for stddef.h
-- Looking for stddef.h - found
-- Check size of unsigned short
-- Check size of unsigned short - done
-- Using unsigned short
-- Check if the system is big endian - little endian
-- Found ZLIB: /home/suzuki/anaconda3/envs/cv/lib/libz.so (found suitable version "1.2.11", minimum required is "1.2.3") 
-- Found TIFF: /home/suzuki/anaconda3/lib/libtiff.so (found version "4.0.9") 
-- Found JPEG: /home/suzuki/anaconda3/lib/libjpeg.so  
-- Performing Test HAVE_C_WNO_UNUSED_VARIABLE
-- Performing Test HAVE_C_WNO_UNUSED_VARIABLE - Success
-- Performing Test HAVE_C_WNO_SHADOW
-- Performing Test HAVE_C_WNO_SHADOW - Success
-- Performing Test HAVE_C_WNO_MAYBE_UNINITIALIZED
-- Performing Test HAVE_C_WNO_MAYBE_UNINITIALIZED - Success
-- Could NOT find Jasper (missing:  JASPER_LIBRARIES JASPER_INCLUDE_DIR) 
-- Performing Test HAVE_C_WNO_IMPLICIT_FUNCTION_DECLARATION
-- Performing Test HAVE_C_WNO_IMPLICIT_FUNCTION_DECLARATION - Success
-- Performing Test HAVE_C_WNO_UNINITIALIZED
-- Performing Test HAVE_C_WNO_UNINITIALIZED - Success
-- Performing Test HAVE_C_WNO_MISSING_PROTOTYPES
-- Performing Test HAVE_C_WNO_MISSING_PROTOTYPES - Success
-- Performing Test HAVE_C_WNO_UNUSED_BUT_SET_PARAMETER
-- Performing Test HAVE_C_WNO_UNUSED_BUT_SET_PARAMETER - Success
-- Performing Test HAVE_C_WNO_MISSING_DECLARATIONS
-- Performing Test HAVE_C_WNO_MISSING_DECLARATIONS - Success
-- Performing Test HAVE_C_WNO_UNUSED
-- Performing Test HAVE_C_WNO_UNUSED - Success
-- Performing Test HAVE_C_WNO_SIGN_COMPARE
-- Performing Test HAVE_C_WNO_SIGN_COMPARE - Success
-- Performing Test HAVE_C_WNO_STRICT_OVERFLOW
-- Performing Test HAVE_C_WNO_STRICT_OVERFLOW - Success
-- Performing Test HAVE_C_WNO_UNUSED_PARAMETER
-- Performing Test HAVE_C_WNO_UNUSED_PARAMETER - Success
-- Found ZLIB: /home/suzuki/anaconda3/envs/cv/lib/libz.so (found version "1.2.11") 
-- Found PNG: /home/suzuki/anaconda3/lib/libpng.so (found version "1.6.34") 
-- Looking for /home/suzuki/anaconda3/include/libpng/png.h
-- Looking for /home/suzuki/anaconda3/include/libpng/png.h - not found
-- Looking for semaphore.h
-- Looking for semaphore.h - found
-- Performing Test HAVE_CXX_WNO_SHADOW
-- Performing Test HAVE_CXX_WNO_SHADOW - Success
-- Performing Test HAVE_CXX_WNO_UNUSED
-- Performing Test HAVE_CXX_WNO_UNUSED - Success
-- Performing Test HAVE_CXX_WNO_SIGN_COMPARE
-- Performing Test HAVE_CXX_WNO_SIGN_COMPARE - Success
-- Performing Test HAVE_CXX_WNO_UNDEF
-- Performing Test HAVE_CXX_WNO_UNDEF - Success
-- Performing Test HAVE_CXX_WNO_MISSING_DECLARATIONS
-- Performing Test HAVE_CXX_WNO_MISSING_DECLARATIONS - Success
-- Performing Test HAVE_CXX_WNO_UNINITIALIZED
-- Performing Test HAVE_CXX_WNO_UNINITIALIZED - Success
-- Performing Test HAVE_CXX_WNO_SWITCH
-- Performing Test HAVE_CXX_WNO_SWITCH - Success
-- Performing Test HAVE_CXX_WNO_PARENTHESES
-- Performing Test HAVE_CXX_WNO_PARENTHESES - Success
-- Performing Test HAVE_CXX_WNO_ARRAY_BOUNDS
-- Performing Test HAVE_CXX_WNO_ARRAY_BOUNDS - Success
-- Performing Test HAVE_CXX_WNO_EXTRA
-- Performing Test HAVE_CXX_WNO_EXTRA - Success
-- Checking for module 'gtk+-3.0'
--   No package 'gtk+-3.0' found
-- Checking for module 'gtk+-2.0'
--   No package 'gtk+-2.0' found
-- Checking for module 'gthread-2.0'
--   No package 'gthread-2.0' found
-- Checking for module 'gstreamer-base-1.0'
--   No package 'gstreamer-base-1.0' found
-- Checking for module 'gstreamer-video-1.0'
--   No package 'gstreamer-video-1.0' found
-- Checking for module 'gstreamer-app-1.0'
--   No package 'gstreamer-app-1.0' found
-- Checking for module 'gstreamer-riff-1.0'
--   No package 'gstreamer-riff-1.0' found
-- Checking for module 'gstreamer-pbutils-1.0'
--   No package 'gstreamer-pbutils-1.0' found
-- Checking for module 'gstreamer-base-0.10'
--   No package 'gstreamer-base-0.10' found
-- Checking for module 'gstreamer-video-0.10'
--   No package 'gstreamer-video-0.10' found
-- Checking for module 'gstreamer-app-0.10'
--   No package 'gstreamer-app-0.10' found
-- Checking for module 'gstreamer-riff-0.10'
--   No package 'gstreamer-riff-0.10' found
-- Checking for module 'gstreamer-pbutils-0.10'
--   No package 'gstreamer-pbutils-0.10' found
-- Checking for module 'libdc1394-2'
--   No package 'libdc1394-2' found
-- Checking for module 'libdc1394'
--   No package 'libdc1394' found
-- Checking for module 'libv4l1'
--   No package 'libv4l1' found
-- Checking for module 'libv4l2'
--   No package 'libv4l2' found
-- Looking for linux/videodev.h
-- Looking for linux/videodev.h - not found
-- Looking for linux/videodev2.h
-- Looking for linux/videodev2.h - found
-- Looking for sys/videoio.h
-- Looking for sys/videoio.h - not found
-- Checking for module 'libavcodec'
--   No package 'libavcodec' found
-- Checking for module 'libavformat'
--   No package 'libavformat' found
-- Checking for module 'libavutil'
--   No package 'libavutil' found
-- Checking for module 'libswscale'
--   No package 'libswscale' found
-- Checking for module 'libavresample'
--   No package 'libavresample' found
-- Looking for libavformat/avformat.h
-- Looking for libavformat/avformat.h - not found
-- Looking for ffmpeg/avformat.h
-- Looking for ffmpeg/avformat.h - not found
-- Checking for module 'libgphoto2'
--   No package 'libgphoto2' found
-- ICV: Removing previous unpacked package: /home/suzuki/opencv/opencv-3.0.0/3rdparty/ippicv/unpack
-- ICV: Unpacking ippicv_linux_20141027.tgz to /home/suzuki/opencv/opencv-3.0.0/3rdparty/ippicv/unpack...
-- ICV: Package successfully downloaded
-- found IPP (ICV version): 8.2.1 [8.2.1]
-- at: /home/suzuki/opencv/opencv-3.0.0/3rdparty/ippicv/unpack/ippicv_lnx
-- Could NOT find Doxygen (missing:  DOXYGEN_EXECUTABLE) 
-- To enable PlantUML support, set PLANTUML_JAR environment variable or pass -DPLANTUML_JAR=<filepath> option to cmake
-- Found PythonInterp: /home/suzuki/anaconda3/envs/cv/bin/python2.7 (found suitable version "2.7.14", minimum required is "2.7") 
-- Found PythonLibs: /usr/lib/x86_64-linux-gnu/libpython2.7.so (found suitable exact version "2.7.14") 
-- Found PythonInterp: /home/suzuki/anaconda3/bin/python3 (found suitable version "3.6.4", minimum required is "3.4") 
-- Could NOT find PythonLibs (missing:  PYTHON_LIBRARIES PYTHON_INCLUDE_DIRS) (Required is exact version "3.6.4")
-- Could NOT find JNI (missing:  JAVA_AWT_LIBRARY JAVA_JVM_LIBRARY JAVA_INCLUDE_PATH JAVA_INCLUDE_PATH2 JAVA_AWT_INCLUDE_PATH) 
-- Could NOT find Matlab (missing:  MATLAB_MEX_SCRIPT MATLAB_INCLUDE_DIRS MATLAB_ROOT_DIR MATLAB_LIBRARIES MATLAB_LIBRARY_DIRS MATLAB_MEXEXT MATLAB_ARCH MATLAB_BIN) 
-- VTK is not found. Please set -DVTK_DIR in CMake to VTK build directory, or to VTK install subdirectory with VTKConfig.cmake file
-- Module opencv_shape disabled because opencv_video dependency can't be resolved!
-- Module opencv_stitching disabled because opencv_calib3d dependency can't be resolved!
-- Module opencv_superres disabled because opencv_video dependency can't be resolved!
-- Module opencv_videostab disabled because opencv_video dependency can't be resolved!
CMake Warning (dev) at cmake/OpenCVPCHSupport.cmake:80 (GET_DIRECTORY_PROPERTY):
  Policy CMP0059 is not set: Do no treat DEFINITIONS as a built-in directory
  property.  Run "cmake --help-policy CMP0059" for policy details.  Use the
  cmake_policy command to set the policy and suppress this warning.
Call Stack (most recent call first):
  cmake/OpenCVPCHSupport.cmake:256 (_PCH_GET_COMPILE_FLAGS)
  cmake/OpenCVPCHSupport.cmake:369 (add_precompiled_header)
  cmake/OpenCVModule.cmake:835 (ocv_add_precompiled_header_to_target)
  cmake/OpenCVModule.cmake:806 (_ocv_add_precompiled_headers)
  cmake/OpenCVModule.cmake:688 (_ocv_create_module)
  cmake/OpenCVModule.cmake:857 (ocv_create_module)
  modules/hal/CMakeLists.txt:12 (ocv_define_module)
This warning is for project developers.  Use -Wno-dev to suppress it.

CMake Warning (dev) at cmake/OpenCVPCHSupport.cmake:81 (GET_DIRECTORY_PROPERTY):
  Policy CMP0059 is not set: Do no treat DEFINITIONS as a built-in directory
  property.  Run "cmake --help-policy CMP0059" for policy details.  Use the
  cmake_policy command to set the policy and suppress this warning.
Call Stack (most recent call first):
  cmake/OpenCVPCHSupport.cmake:256 (_PCH_GET_COMPILE_FLAGS)
  cmake/OpenCVPCHSupport.cmake:369 (add_precompiled_header)
  cmake/OpenCVModule.cmake:835 (ocv_add_precompiled_header_to_target)
  cmake/OpenCVModule.cmake:806 (_ocv_add_precompiled_headers)
  cmake/OpenCVModule.cmake:688 (_ocv_create_module)
  cmake/OpenCVModule.cmake:857 (ocv_create_module)
  modules/hal/CMakeLists.txt:12 (ocv_define_module)
This warning is for project developers.  Use -Wno-dev to suppress it.

CMake Warning (dev) at cmake/OpenCVPCHSupport.cmake:80 (GET_DIRECTORY_PROPERTY):
  Policy CMP0059 is not set: Do no treat DEFINITIONS as a built-in directory
  property.  Run "cmake --help-policy CMP0059" for policy details.  Use the
  cmake_policy command to set the policy and suppress this warning.
Call Stack (most recent call first):
  cmake/OpenCVPCHSupport.cmake:256 (_PCH_GET_COMPILE_FLAGS)
  cmake/OpenCVPCHSupport.cmake:369 (add_precompiled_header)
  cmake/OpenCVModule.cmake:835 (ocv_add_precompiled_header_to_target)
  cmake/OpenCVModule.cmake:806 (_ocv_add_precompiled_headers)
  cmake/OpenCVModule.cmake:688 (_ocv_create_module)
  modules/core/CMakeLists.txt:26 (ocv_create_module)
This warning is for project developers.  Use -Wno-dev to suppress it.

CMake Warning (dev) at cmake/OpenCVPCHSupport.cmake:81 (GET_DIRECTORY_PROPERTY):
  Policy CMP0059 is not set: Do no treat DEFINITIONS as a built-in directory
  property.  Run "cmake --help-policy CMP0059" for policy details.  Use the
  cmake_policy command to set the policy and suppress this warning.
Call Stack (most recent call first):
  cmake/OpenCVPCHSupport.cmake:256 (_PCH_GET_COMPILE_FLAGS)
  cmake/OpenCVPCHSupport.cmake:369 (add_precompiled_header)
  cmake/OpenCVModule.cmake:835 (ocv_add_precompiled_header_to_target)
  cmake/OpenCVModule.cmake:806 (_ocv_add_precompiled_headers)
  cmake/OpenCVModule.cmake:688 (_ocv_create_module)
  modules/core/CMakeLists.txt:26 (ocv_create_module)
This warning is for project developers.  Use -Wno-dev to suppress it.

CMake Warning (dev) at cmake/OpenCVPCHSupport.cmake:80 (GET_DIRECTORY_PROPERTY):
  Policy CMP0059 is not set: Do no treat DEFINITIONS as a built-in directory
  property.  Run "cmake --help-policy CMP0059" for policy details.  Use the
  cmake_policy command to set the policy and suppress this warning.
Call Stack (most recent call first):
  cmake/OpenCVPCHSupport.cmake:256 (_PCH_GET_COMPILE_FLAGS)
  cmake/OpenCVPCHSupport.cmake:369 (add_precompiled_header)
  cmake/OpenCVModule.cmake:835 (ocv_add_precompiled_header_to_target)
  cmake/OpenCVModule.cmake:806 (_ocv_add_precompiled_headers)
  cmake/OpenCVModule.cmake:688 (_ocv_create_module)
  cmake/OpenCVModule.cmake:857 (ocv_create_module)
  modules/flann/CMakeLists.txt:2 (ocv_define_module)
This warning is for project developers.  Use -Wno-dev to suppress it.

CMake Warning (dev) at cmake/OpenCVPCHSupport.cmake:81 (GET_DIRECTORY_PROPERTY):
  Policy CMP0059 is not set: Do no treat DEFINITIONS as a built-in directory
  property.  Run "cmake --help-policy CMP0059" for policy details.  Use the
  cmake_policy command to set the policy and suppress this warning.
Call Stack (most recent call first):
  cmake/OpenCVPCHSupport.cmake:256 (_PCH_GET_COMPILE_FLAGS)
  cmake/OpenCVPCHSupport.cmake:369 (add_precompiled_header)
  cmake/OpenCVModule.cmake:835 (ocv_add_precompiled_header_to_target)
  cmake/OpenCVModule.cmake:806 (_ocv_add_precompiled_headers)
  cmake/OpenCVModule.cmake:688 (_ocv_create_module)
  cmake/OpenCVModule.cmake:857 (ocv_create_module)
  modules/flann/CMakeLists.txt:2 (ocv_define_module)
This warning is for project developers.  Use -Wno-dev to suppress it.

CMake Warning (dev) at cmake/OpenCVPCHSupport.cmake:80 (GET_DIRECTORY_PROPERTY):
  Policy CMP0059 is not set: Do no treat DEFINITIONS as a built-in directory
  property.  Run "cmake --help-policy CMP0059" for policy details.  Use the
  cmake_policy command to set the policy and suppress this warning.
Call Stack (most recent call first):
  cmake/OpenCVPCHSupport.cmake:256 (_PCH_GET_COMPILE_FLAGS)
  cmake/OpenCVPCHSupport.cmake:369 (add_precompiled_header)
  cmake/OpenCVModule.cmake:835 (ocv_add_precompiled_header_to_target)
  cmake/OpenCVModule.cmake:806 (_ocv_add_precompiled_headers)
  cmake/OpenCVModule.cmake:688 (_ocv_create_module)
  cmake/OpenCVModule.cmake:857 (ocv_create_module)
  modules/imgproc/CMakeLists.txt:2 (ocv_define_module)
This warning is for project developers.  Use -Wno-dev to suppress it.

CMake Warning (dev) at cmake/OpenCVPCHSupport.cmake:81 (GET_DIRECTORY_PROPERTY):
  Policy CMP0059 is not set: Do no treat DEFINITIONS as a built-in directory
  property.  Run "cmake --help-policy CMP0059" for policy details.  Use the
  cmake_policy command to set the policy and suppress this warning.
Call Stack (most recent call first):
  cmake/OpenCVPCHSupport.cmake:256 (_PCH_GET_COMPILE_FLAGS)
  cmake/OpenCVPCHSupport.cmake:369 (add_precompiled_header)
  cmake/OpenCVModule.cmake:835 (ocv_add_precompiled_header_to_target)
  cmake/OpenCVModule.cmake:806 (_ocv_add_precompiled_headers)
  cmake/OpenCVModule.cmake:688 (_ocv_create_module)
  cmake/OpenCVModule.cmake:857 (ocv_create_module)
  modules/imgproc/CMakeLists.txt:2 (ocv_define_module)
This warning is for project developers.  Use -Wno-dev to suppress it.

CMake Warning (dev) at cmake/OpenCVPCHSupport.cmake:80 (GET_DIRECTORY_PROPERTY):
  Policy CMP0059 is not set: Do no treat DEFINITIONS as a built-in directory
  property.  Run "cmake --help-policy CMP0059" for policy details.  Use the
  cmake_policy command to set the policy and suppress this warning.
Call Stack (most recent call first):
  cmake/OpenCVPCHSupport.cmake:256 (_PCH_GET_COMPILE_FLAGS)
  cmake/OpenCVPCHSupport.cmake:369 (add_precompiled_header)
  cmake/OpenCVModule.cmake:835 (ocv_add_precompiled_header_to_target)
  cmake/OpenCVModule.cmake:806 (_ocv_add_precompiled_headers)
  cmake/OpenCVModule.cmake:688 (_ocv_create_module)
  cmake/OpenCVModule.cmake:857 (ocv_create_module)
  modules/ml/CMakeLists.txt:2 (ocv_define_module)
This warning is for project developers.  Use -Wno-dev to suppress it.

CMake Warning (dev) at cmake/OpenCVPCHSupport.cmake:81 (GET_DIRECTORY_PROPERTY):
  Policy CMP0059 is not set: Do no treat DEFINITIONS as a built-in directory
  property.  Run "cmake --help-policy CMP0059" for policy details.  Use the
  cmake_policy command to set the policy and suppress this warning.
Call Stack (most recent call first):
  cmake/OpenCVPCHSupport.cmake:256 (_PCH_GET_COMPILE_FLAGS)
  cmake/OpenCVPCHSupport.cmake:369 (add_precompiled_header)
  cmake/OpenCVModule.cmake:835 (ocv_add_precompiled_header_to_target)
  cmake/OpenCVModule.cmake:806 (_ocv_add_precompiled_headers)
  cmake/OpenCVModule.cmake:688 (_ocv_create_module)
  cmake/OpenCVModule.cmake:857 (ocv_create_module)
  modules/ml/CMakeLists.txt:2 (ocv_define_module)
This warning is for project developers.  Use -Wno-dev to suppress it.

CMake Warning (dev) at cmake/OpenCVPCHSupport.cmake:80 (GET_DIRECTORY_PROPERTY):
  Policy CMP0059 is not set: Do no treat DEFINITIONS as a built-in directory
  property.  Run "cmake --help-policy CMP0059" for policy details.  Use the
  cmake_policy command to set the policy and suppress this warning.
Call Stack (most recent call first):
  cmake/OpenCVPCHSupport.cmake:256 (_PCH_GET_COMPILE_FLAGS)
  cmake/OpenCVPCHSupport.cmake:369 (add_precompiled_header)
  cmake/OpenCVModule.cmake:835 (ocv_add_precompiled_header_to_target)
  cmake/OpenCVModule.cmake:806 (_ocv_add_precompiled_headers)
  cmake/OpenCVModule.cmake:688 (_ocv_create_module)
  cmake/OpenCVModule.cmake:857 (ocv_create_module)
  modules/features2d/CMakeLists.txt:2 (ocv_define_module)
This warning is for project developers.  Use -Wno-dev to suppress it.

CMake Warning (dev) at cmake/OpenCVPCHSupport.cmake:81 (GET_DIRECTORY_PROPERTY):
  Policy CMP0059 is not set: Do no treat DEFINITIONS as a built-in directory
  property.  Run "cmake --help-policy CMP0059" for policy details.  Use the
  cmake_policy command to set the policy and suppress this warning.
Call Stack (most recent call first):
  cmake/OpenCVPCHSupport.cmake:256 (_PCH_GET_COMPILE_FLAGS)
  cmake/OpenCVPCHSupport.cmake:369 (add_precompiled_header)
  cmake/OpenCVModule.cmake:835 (ocv_add_precompiled_header_to_target)
  cmake/OpenCVModule.cmake:806 (_ocv_add_precompiled_headers)
  cmake/OpenCVModule.cmake:688 (_ocv_create_module)
  cmake/OpenCVModule.cmake:857 (ocv_create_module)
  modules/features2d/CMakeLists.txt:2 (ocv_define_module)
This warning is for project developers.  Use -Wno-dev to suppress it.

CMake Warning (dev) at cmake/OpenCVPCHSupport.cmake:80 (GET_DIRECTORY_PROPERTY):
  Policy CMP0059 is not set: Do no treat DEFINITIONS as a built-in directory
  property.  Run "cmake --help-policy CMP0059" for policy details.  Use the
  cmake_policy command to set the policy and suppress this warning.
Call Stack (most recent call first):
  cmake/OpenCVPCHSupport.cmake:256 (_PCH_GET_COMPILE_FLAGS)
  cmake/OpenCVPCHSupport.cmake:369 (add_precompiled_header)
  cmake/OpenCVModule.cmake:835 (ocv_add_precompiled_header_to_target)
  cmake/OpenCVModule.cmake:806 (_ocv_add_precompiled_headers)
  cmake/OpenCVModule.cmake:688 (_ocv_create_module)
  modules/imgcodecs/CMakeLists.txt:105 (ocv_create_module)
This warning is for project developers.  Use -Wno-dev to suppress it.

CMake Warning (dev) at cmake/OpenCVPCHSupport.cmake:81 (GET_DIRECTORY_PROPERTY):
  Policy CMP0059 is not set: Do no treat DEFINITIONS as a built-in directory
  property.  Run "cmake --help-policy CMP0059" for policy details.  Use the
  cmake_policy command to set the policy and suppress this warning.
Call Stack (most recent call first):
  cmake/OpenCVPCHSupport.cmake:256 (_PCH_GET_COMPILE_FLAGS)
  cmake/OpenCVPCHSupport.cmake:369 (add_precompiled_header)
  cmake/OpenCVModule.cmake:835 (ocv_add_precompiled_header_to_target)
  cmake/OpenCVModule.cmake:806 (_ocv_add_precompiled_headers)
  cmake/OpenCVModule.cmake:688 (_ocv_create_module)
  modules/imgcodecs/CMakeLists.txt:105 (ocv_create_module)
This warning is for project developers.  Use -Wno-dev to suppress it.

-- Performing Test HAVE_CXX_WNO_DEPRECATED_DECLARATIONS
-- Performing Test HAVE_CXX_WNO_DEPRECATED_DECLARATIONS - Success
-- 
-- General configuration for OpenCV 3.0.0 =====================================
--   Version control:               unknown
-- 
--   Platform:
--     Host:                        Linux 4.13.0-36-generic x86_64
--     CMake:                       3.5.1
--     CMake generator:             Unix Makefiles
--     CMake build tool:            /usr/bin/make
--     Configuration:               RELEASE
-- 
--   C/C++:
--     Built as dynamic libs?:      NO
--     C++ Compiler:                /usr/bin/c++  (ver 5.4.0)
--     C++ flags (Release):         -fPIC   -fsigned-char -W -Wall -Werror=return-type -Werror=non-virtual-dtor -Werror=address -Werror=sequence-point -Wformat -Werror=format-security -Wmissing-declarations -Wundef -Winit-self -Wpointer-arith -Wshadow -Wsign-promo -Wno-narrowing -Wno-delete-non-virtual-dtor -fdiagnostics-show-option -Wno-long-long -pthread -fomit-frame-pointer -msse -msse2 -mno-avx -msse3 -mno-ssse3 -mno-sse4.1 -mno-sse4.2 -ffunction-sections -fvisibility=hidden -fvisibility-inlines-hidden -O3 -DNDEBUG  -DNDEBUG
--     C++ flags (Debug):           -fPIC   -fsigned-char -W -Wall -Werror=return-type -Werror=non-virtual-dtor -Werror=address -Werror=sequence-point -Wformat -Werror=format-security -Wmissing-declarations -Wundef -Winit-self -Wpointer-arith -Wshadow -Wsign-promo -Wno-narrowing -Wno-delete-non-virtual-dtor -fdiagnostics-show-option -Wno-long-long -pthread -fomit-frame-pointer -msse -msse2 -mno-avx -msse3 -mno-ssse3 -mno-sse4.1 -mno-sse4.2 -ffunction-sections -fvisibility=hidden -fvisibility-inlines-hidden -g  -O0 -DDEBUG -D_DEBUG
--     C Compiler:                  /usr/bin/cc
--     C flags (Release):           -fPIC   -fsigned-char -W -Wall -Werror=return-type -Werror=non-virtual-dtor -Werror=address -Werror=sequence-point -Wformat -Werror=format-security -Wmissing-declarations -Wmissing-prototypes -Wstrict-prototypes -Wundef -Winit-self -Wpointer-arith -Wshadow -Wno-narrowing -fdiagnostics-show-option -Wno-long-long -pthread -fomit-frame-pointer -msse -msse2 -mno-avx -msse3 -mno-ssse3 -mno-sse4.1 -mno-sse4.2 -ffunction-sections -fvisibility=hidden -O3 -DNDEBUG  -DNDEBUG
--     C flags (Debug):             -fPIC   -fsigned-char -W -Wall -Werror=return-type -Werror=non-virtual-dtor -Werror=address -Werror=sequence-point -Wformat -Werror=format-security -Wmissing-declarations -Wmissing-prototypes -Wstrict-prototypes -Wundef -Winit-self -Wpointer-arith -Wshadow -Wno-narrowing -fdiagnostics-show-option -Wno-long-long -pthread -fomit-frame-pointer -msse -msse2 -mno-avx -msse3 -mno-ssse3 -mno-sse4.1 -mno-sse4.2 -ffunction-sections -fvisibility=hidden -g  -O0 -DDEBUG -D_DEBUG
--     Linker flags (Release):
--     Linker flags (Debug):
--     Precompiled headers:         YES
--     Extra dependencies:          /home/suzuki/anaconda3/lib/libjpeg.so /home/suzuki/anaconda3/lib/libpng.so /home/suzuki/anaconda3/envs/cv/lib/libz.so /home/suzuki/anaconda3/lib/libtiff.so stdc++ dl m pthread rt
--     3rdparty dependencies:       libwebp libjasper IlmImf ippicv
-- 
--   OpenCV modules:
--     To be built:                 hal core flann imgproc ml features2d imgcodecs python2
--     Disabled:                    calib3d highgui objdetect photo ts video videoio world
--     Disabled by dependency:      shape stitching superres videostab
--     Unavailable:                 cudaarithm cudabgsegm cudacodec cudafeatures2d cudafilters cudaimgproc cudalegacy cudaobjdetect cudaoptflow cudastereo cudawarping cudev java python3 viz
-- 
--   GUI: 
--     QT:                          NO
--     GTK+:                        NO
--     GThread :                    NO
--     GtkGlExt:                    NO
--     OpenGL support:              NO
--     VTK support:                 NO
-- 
--   Media I/O: 
--     ZLib:                        /home/suzuki/anaconda3/envs/cv/lib/libz.so (ver 1.2.11)
--     JPEG:                        /home/suzuki/anaconda3/lib/libjpeg.so (ver 90)
--     WEBP:                        build (ver 0.3.1)
--     PNG:                         /home/suzuki/anaconda3/lib/libpng.so (ver 1.6.34)
--     TIFF:                        /home/suzuki/anaconda3/lib/libtiff.so (ver 42 - 4.0.9)
--     JPEG 2000:                   build (ver 1.900.1)
--     OpenEXR:                     build (ver 1.7.1)
--     GDAL:                        NO
-- 
--   Video I/O:
--     DC1394 1.x:                  NO
--     DC1394 2.x:                  NO
--     FFMPEG:                      NO
--       codec:                     NO
--       format:                    NO
--       util:                      NO
--       swscale:                   NO
--       resample:                  NO
--       gentoo-style:              NO
--     GStreamer:                   NO
--     OpenNI:                      NO
--     OpenNI PrimeSensor Modules:  NO
--     OpenNI2:                     NO
--     PvAPI:                       NO
--     GigEVisionSDK:               NO
--     UniCap:                      NO
--     UniCap ucil:                 NO
--     V4L/V4L2:                    NO/YES
--     XIMEA:                       NO
--     Xine:                        NO
--     gPhoto2:                     NO
-- 
--   Other third-party libraries:
--     Use IPP:                     8.2.1 [8.2.1]
--          at:                     /home/suzuki/opencv/opencv-3.0.0/3rdparty/ippicv/unpack/ippicv_lnx
--     Use IPP Async:               NO
--     Use Eigen:                   NO
--     Use TBB:                     NO
--     Use OpenMP:                  NO
--     Use GCD                      NO
--     Use Concurrency              NO
--     Use C=:                      NO
--     Use pthreads for parallel for:
--                                  YES
--     Use Cuda:                    NO
--     Use OpenCL:                  YES
-- 
--   OpenCL:
--     Version:                     dynamic
--     Include path:                /home/suzuki/opencv/opencv-3.0.0/3rdparty/include/opencl/1.2
--     Use AMDFFT:                  NO
--     Use AMDBLAS:                 NO
-- 
--   Python 2:
--     Interpreter:                 /home/suzuki/anaconda3/envs/cv/bin/python2.7 (ver 2.7.14)
--     Libraries:                   /usr/lib/x86_64-linux-gnu/libpython2.7.so (ver 2.7.14)
--     numpy:                       /home/suzuki/anaconda3/envs/cv/lib/python2.7/site-packages/numpy/core/include (ver 1.14.1)
--     packages path:               lib/python2.7/site-packages
-- 
--   Python 3:
--     Interpreter:                 /home/suzuki/anaconda3/bin/python3 (ver 3.6.4)
--     Libraries:                   NO
--     numpy:                       /home/suzuki/anaconda3/lib/python3.6/site-packages/numpy/core/include (ver 1.14.0)
--     packages path:               lib/python3.6/site-packages
-- 
--   Python (for build):            /home/suzuki/anaconda3/envs/cv/bin/python2.7
-- 
--   Java:
--     ant:                         NO
--     JNI:                         NO
--     Java wrappers:               NO
--     Java tests:                  NO
-- 
--   Matlab:
--     mex:                         NO
-- 
--   Documentation:
--     Doxygen:                     NO
--     PlantUML:                    NO
-- 
--   Tests and samples:
--     Tests:                       NO
--     Performance tests:           NO
--     C/C++ Examples:              NO
-- 
--   Install path:                  /home/suzuki/opencv/3.0
-- 
--   cvconfig.h is in:              /home/suzuki/opencv/opencv-3.0.0/build
-- -----------------------------------------------------------------
-- 
-- Configuring done
CMake Warning at cmake/OpenCVUtils.cmake:764 (add_library):
  Cannot generate a safe runtime search path for target opencv_python2
  because files in some directories may conflict with libraries in implicit
  directories:

    runtime library [libpython2.7.so.1.0] in /usr/lib/x86_64-linux-gnu may be hidden by files in:
      /home/suzuki/anaconda3/envs/cv/lib

  Some of these libraries may not be found correctly.
Call Stack (most recent call first):
  modules/python/common.cmake:48 (ocv_add_library)
  modules/python/python2/CMakeLists.txt:19 (include)


-- Generating done
CMake Warning:
  Manually-specified variables were not used by the project:

    BUILD_opencv_dnn


-- Build files have been written to: /home/suzuki/opencv/opencv-3.0.0/build
(cv) suzuki@dynabook:~/opencv/opencv-3.0.0/build$ make
Scanning dependencies of target libwebp
[  0%] Building C object 3rdparty/libwebp/CMakeFiles/libwebp.dir/dec/io.c.o
[  0%] Building C object 3rdparty/libwebp/CMakeFiles/libwebp.dir/dec/layer.c.o
[  0%] Building C object 3rdparty/libwebp/CMakeFiles/libwebp.dir/dec/vp8.c.o
[  1%] Building C object 3rdparty/libwebp/CMakeFiles/libwebp.dir/dec/alpha.c.o
[  1%] Building C object 3rdparty/libwebp/CMakeFiles/libwebp.dir/dec/frame.c.o
[  1%] Building C object 3rdparty/libwebp/CMakeFiles/libwebp.dir/dec/quant.c.o
[  1%] Building C object 3rdparty/libwebp/CMakeFiles/libwebp.dir/dec/buffer.c.o
[  1%] Building C object 3rdparty/libwebp/CMakeFiles/libwebp.dir/dec/vp8l.c.o
[  1%] Building C object 3rdparty/libwebp/CMakeFiles/libwebp.dir/dec/tree.c.o
[  2%] Building C object 3rdparty/libwebp/CMakeFiles/libwebp.dir/dec/idec.c.o
[  2%] Building C object 3rdparty/libwebp/CMakeFiles/libwebp.dir/dec/webp.c.o
[  2%] Building C object 3rdparty/libwebp/CMakeFiles/libwebp.dir/dsp/upsampling.c.o
[  2%] Building C object 3rdparty/libwebp/CMakeFiles/libwebp.dir/dsp/upsampling_sse2.c.o
[  2%] Building C object 3rdparty/libwebp/CMakeFiles/libwebp.dir/dsp/enc_neon.c.o
[  4%] Building C object 3rdparty/libwebp/CMakeFiles/libwebp.dir/dsp/enc_sse2.c.o
[  4%] Building C object 3rdparty/libwebp/CMakeFiles/libwebp.dir/dsp/dec.c.o
[  4%] Building C object 3rdparty/libwebp/CMakeFiles/libwebp.dir/dsp/dec_neon.c.o
[  4%] Building C object 3rdparty/libwebp/CMakeFiles/libwebp.dir/dsp/dec_sse2.c.o
[  4%] Building C object 3rdparty/libwebp/CMakeFiles/libwebp.dir/dsp/upsampling_neon.c.o
[  5%] Building C object 3rdparty/libwebp/CMakeFiles/libwebp.dir/dsp/cpu.c.o
[  5%] Building C object 3rdparty/libwebp/CMakeFiles/libwebp.dir/dsp/yuv.c.o
[  5%] Building C object 3rdparty/libwebp/CMakeFiles/libwebp.dir/dsp/enc.c.o
[  5%] Building C object 3rdparty/libwebp/CMakeFiles/libwebp.dir/dsp/lossless.c.o
[  5%] Building C object 3rdparty/libwebp/CMakeFiles/libwebp.dir/enc/syntax.c.o
[  5%] Building C object 3rdparty/libwebp/CMakeFiles/libwebp.dir/enc/layer.c.o
[  7%] Building C object 3rdparty/libwebp/CMakeFiles/libwebp.dir/enc/histogram.c.o
[  7%] Building C object 3rdparty/libwebp/CMakeFiles/libwebp.dir/enc/alpha.c.o
[  7%] Building C object 3rdparty/libwebp/CMakeFiles/libwebp.dir/enc/backward_references.c.o
[  7%] Building C object 3rdparty/libwebp/CMakeFiles/libwebp.dir/enc/frame.c.o
[  7%] Building C object 3rdparty/libwebp/CMakeFiles/libwebp.dir/enc/config.c.o
[  8%] Building C object 3rdparty/libwebp/CMakeFiles/libwebp.dir/enc/quant.c.o
[  8%] Building C object 3rdparty/libwebp/CMakeFiles/libwebp.dir/enc/analysis.c.o
[  8%] Building C object 3rdparty/libwebp/CMakeFiles/libwebp.dir/enc/filter.c.o
[  8%] Building C object 3rdparty/libwebp/CMakeFiles/libwebp.dir/enc/iterator.c.o
[  8%] Building C object 3rdparty/libwebp/CMakeFiles/libwebp.dir/enc/cost.c.o
[ 10%] Building C object 3rdparty/libwebp/CMakeFiles/libwebp.dir/enc/picture.c.o
[ 10%] Building C object 3rdparty/libwebp/CMakeFiles/libwebp.dir/enc/token.c.o
[ 10%] Building C object 3rdparty/libwebp/CMakeFiles/libwebp.dir/enc/webpenc.c.o
[ 10%] Building C object 3rdparty/libwebp/CMakeFiles/libwebp.dir/enc/vp8l.c.o
[ 10%] Building C object 3rdparty/libwebp/CMakeFiles/libwebp.dir/enc/tree.c.o
[ 10%] Building C object 3rdparty/libwebp/CMakeFiles/libwebp.dir/mux/muxread.c.o
[ 11%] Building C object 3rdparty/libwebp/CMakeFiles/libwebp.dir/mux/muxinternal.c.o
[ 11%] Building C object 3rdparty/libwebp/CMakeFiles/libwebp.dir/mux/muxedit.c.o
[ 11%] Building C object 3rdparty/libwebp/CMakeFiles/libwebp.dir/utils/quant_levels_dec.c.o
[ 11%] Building C object 3rdparty/libwebp/CMakeFiles/libwebp.dir/utils/utils.c.o
[ 11%] Building C object 3rdparty/libwebp/CMakeFiles/libwebp.dir/utils/color_cache.c.o
[ 12%] Building C object 3rdparty/libwebp/CMakeFiles/libwebp.dir/utils/quant_levels.c.o
[ 12%] Building C object 3rdparty/libwebp/CMakeFiles/libwebp.dir/utils/rescaler.c.o
[ 12%] Building C object 3rdparty/libwebp/CMakeFiles/libwebp.dir/utils/huffman_encode.c.o
[ 12%] Building C object 3rdparty/libwebp/CMakeFiles/libwebp.dir/utils/huffman.c.o
[ 12%] Building C object 3rdparty/libwebp/CMakeFiles/libwebp.dir/utils/bit_writer.c.o
[ 14%] Building C object 3rdparty/libwebp/CMakeFiles/libwebp.dir/utils/thread.c.o
[ 14%] Building C object 3rdparty/libwebp/CMakeFiles/libwebp.dir/utils/filters.c.o
[ 14%] Building C object 3rdparty/libwebp/CMakeFiles/libwebp.dir/utils/bit_reader.c.o
[ 14%] Linking C static library ../lib/liblibwebp.a
[ 14%] Built target libwebp
Scanning dependencies of target libjasper
[ 14%] Building C object 3rdparty/libjasper/CMakeFiles/libjasper.dir/jp2_dec.c.o
[ 14%] Building C object 3rdparty/libjasper/CMakeFiles/libjasper.dir/jas_init.c.o
[ 14%] Building C object 3rdparty/libjasper/CMakeFiles/libjasper.dir/jpc_t1enc.c.o
[ 15%] Building C object 3rdparty/libjasper/CMakeFiles/libjasper.dir/jpc_tsfb.c.o
[ 15%] Building C object 3rdparty/libjasper/CMakeFiles/libjasper.dir/jpc_math.c.o
[ 15%] Building C object 3rdparty/libjasper/CMakeFiles/libjasper.dir/jas_tmr.c.o
[ 15%] Building C object 3rdparty/libjasper/CMakeFiles/libjasper.dir/jpc_t2dec.c.o
[ 15%] Building C object 3rdparty/libjasper/CMakeFiles/libjasper.dir/jpc_tagtree.c.o
[ 17%] Building C object 3rdparty/libjasper/CMakeFiles/libjasper.dir/jpc_bs.c.o
[ 17%] Building C object 3rdparty/libjasper/CMakeFiles/libjasper.dir/jpc_t2enc.c.o
[ 17%] Building C object 3rdparty/libjasper/CMakeFiles/libjasper.dir/jas_getopt.c.o
[ 17%] Building C object 3rdparty/libjasper/CMakeFiles/libjasper.dir/jas_seq.c.o
[ 17%] Building C object 3rdparty/libjasper/CMakeFiles/libjasper.dir/jpc_mqcod.c.o
[ 18%] Building C object 3rdparty/libjasper/CMakeFiles/libjasper.dir/jpc_t1dec.c.o
[ 18%] Building C object 3rdparty/libjasper/CMakeFiles/libjasper.dir/jas_stream.c.o
[ 18%] Building C object 3rdparty/libjasper/CMakeFiles/libjasper.dir/jas_iccdata.c.o
[ 18%] Building C object 3rdparty/libjasper/CMakeFiles/libjasper.dir/jpc_t1cod.c.o
[ 18%] Building C object 3rdparty/libjasper/CMakeFiles/libjasper.dir/jas_malloc.c.o
[ 18%] Building C object 3rdparty/libjasper/CMakeFiles/libjasper.dir/jas_image.c.o
[ 20%] Building C object 3rdparty/libjasper/CMakeFiles/libjasper.dir/jas_version.c.o
[ 20%] Building C object 3rdparty/libjasper/CMakeFiles/libjasper.dir/jpc_cs.c.o
[ 20%] Building C object 3rdparty/libjasper/CMakeFiles/libjasper.dir/jpc_mqenc.c.o
[ 20%] Building C object 3rdparty/libjasper/CMakeFiles/libjasper.dir/jpc_qmfb.c.o
[ 20%] Building C object 3rdparty/libjasper/CMakeFiles/libjasper.dir/jas_debug.c.o
[ 21%] Building C object 3rdparty/libjasper/CMakeFiles/libjasper.dir/jas_tvp.c.o
[ 21%] Building C object 3rdparty/libjasper/CMakeFiles/libjasper.dir/jpc_util.c.o
[ 21%] Building C object 3rdparty/libjasper/CMakeFiles/libjasper.dir/jpc_enc.c.o
[ 21%] Building C object 3rdparty/libjasper/CMakeFiles/libjasper.dir/jpc_mqdec.c.o
[ 21%] Building C object 3rdparty/libjasper/CMakeFiles/libjasper.dir/jp2_cod.c.o
[ 22%] Building C object 3rdparty/libjasper/CMakeFiles/libjasper.dir/jpc_mct.c.o
[ 22%] Building C object 3rdparty/libjasper/CMakeFiles/libjasper.dir/jp2_enc.c.o
[ 22%] Building C object 3rdparty/libjasper/CMakeFiles/libjasper.dir/jas_string.c.o
[ 22%] Building C object 3rdparty/libjasper/CMakeFiles/libjasper.dir/jpc_t2cod.c.o
[ 22%] Building C object 3rdparty/libjasper/CMakeFiles/libjasper.dir/jas_icc.c.o
[ 22%] Building C object 3rdparty/libjasper/CMakeFiles/libjasper.dir/jpc_dec.c.o
[ 24%] Building C object 3rdparty/libjasper/CMakeFiles/libjasper.dir/jas_cm.c.o
[ 24%] Linking C static library ../lib/liblibjasper.a
[ 24%] Built target libjasper
Scanning dependencies of target IlmImf
[ 24%] Building CXX object 3rdparty/openexr/CMakeFiles/IlmImf.dir/Half/half.cpp.o
[ 24%] Building CXX object 3rdparty/openexr/CMakeFiles/IlmImf.dir/Iex/IexThrowErrnoExc.cpp.o
[ 24%] Building CXX object 3rdparty/openexr/CMakeFiles/IlmImf.dir/Iex/IexBaseExc.cpp.o
[ 24%] Building CXX object 3rdparty/openexr/CMakeFiles/IlmImf.dir/IlmThread/IlmThreadMutex.cpp.o
[ 24%] Building CXX object 3rdparty/openexr/CMakeFiles/IlmImf.dir/IlmThread/IlmThreadPosix.cpp.o
[ 25%] Building CXX object 3rdparty/openexr/CMakeFiles/IlmImf.dir/IlmThread/IlmThreadSemaphore.cpp.o
[ 25%] Building CXX object 3rdparty/openexr/CMakeFiles/IlmImf.dir/IlmThread/IlmThread.cpp.o
[ 25%] Building CXX object 3rdparty/openexr/CMakeFiles/IlmImf.dir/IlmThread/IlmThreadSemaphorePosix.cpp.o
[ 25%] Building CXX object 3rdparty/openexr/CMakeFiles/IlmImf.dir/IlmThread/IlmThreadSemaphorePosixCompat.cpp.o
[ 25%] Building CXX object 3rdparty/openexr/CMakeFiles/IlmImf.dir/IlmThread/IlmThreadPool.cpp.o
[ 27%] Building CXX object 3rdparty/openexr/CMakeFiles/IlmImf.dir/IlmThread/IlmThreadMutexPosix.cpp.o
[ 27%] Building CXX object 3rdparty/openexr/CMakeFiles/IlmImf.dir/Imath/ImathMatrixAlgo.cpp.o
[ 27%] Building CXX object 3rdparty/openexr/CMakeFiles/IlmImf.dir/Imath/ImathColorAlgo.cpp.o
[ 27%] Building CXX object 3rdparty/openexr/CMakeFiles/IlmImf.dir/Imath/ImathFun.cpp.o
[ 27%] Building CXX object 3rdparty/openexr/CMakeFiles/IlmImf.dir/Imath/ImathRandom.cpp.o
[ 27%] Building CXX object 3rdparty/openexr/CMakeFiles/IlmImf.dir/Imath/ImathVec.cpp.o
[ 28%] Building CXX object 3rdparty/openexr/CMakeFiles/IlmImf.dir/IlmImf/ImfAcesFile.cpp.o
[ 28%] Building CXX object 3rdparty/openexr/CMakeFiles/IlmImf.dir/IlmImf/ImfRationalAttribute.cpp.o
[ 28%] Building CXX object 3rdparty/openexr/CMakeFiles/IlmImf.dir/IlmImf/ImfFloatAttribute.cpp.o
[ 28%] Building CXX object 3rdparty/openexr/CMakeFiles/IlmImf.dir/IlmImf/ImfRgbaFile.cpp.o
[ 28%] Building CXX object 3rdparty/openexr/CMakeFiles/IlmImf.dir/IlmImf/ImfHeader.cpp.o
[ 30%] Building CXX object 3rdparty/openexr/CMakeFiles/IlmImf.dir/IlmImf/ImfLineOrderAttribute.cpp.o
[ 30%] Building CXX object 3rdparty/openexr/CMakeFiles/IlmImf.dir/IlmImf/ImfChannelList.cpp.o
[ 30%] Building CXX object 3rdparty/openexr/CMakeFiles/IlmImf.dir/IlmImf/ImfTimeCodeAttribute.cpp.o
[ 30%] Building CXX object 3rdparty/openexr/CMakeFiles/IlmImf.dir/IlmImf/ImfTiledOutputFile.cpp.o
[ 30%] Building CXX object 3rdparty/openexr/CMakeFiles/IlmImf.dir/IlmImf/ImfOpaqueAttribute.cpp.o
[ 31%] Building CXX object 3rdparty/openexr/CMakeFiles/IlmImf.dir/IlmImf/ImfIntAttribute.cpp.o
[ 31%] Building CXX object 3rdparty/openexr/CMakeFiles/IlmImf.dir/IlmImf/ImfFrameBuffer.cpp.o
[ 31%] Building CXX object 3rdparty/openexr/CMakeFiles/IlmImf.dir/IlmImf/ImfAttribute.cpp.o
[ 31%] Building CXX object 3rdparty/openexr/CMakeFiles/IlmImf.dir/IlmImf/ImfTestFile.cpp.o
[ 31%] Building CXX object 3rdparty/openexr/CMakeFiles/IlmImf.dir/IlmImf/ImfZipCompressor.cpp.o
[ 31%] Building CXX object 3rdparty/openexr/CMakeFiles/IlmImf.dir/IlmImf/ImfTiledMisc.cpp.o
[ 32%] Building CXX object 3rdparty/openexr/CMakeFiles/IlmImf.dir/IlmImf/ImfMatrixAttribute.cpp.o
[ 32%] Building CXX object 3rdparty/openexr/CMakeFiles/IlmImf.dir/IlmImf/ImfOutputFile.cpp.o
[ 32%] Building CXX object 3rdparty/openexr/CMakeFiles/IlmImf.dir/IlmImf/ImfIO.cpp.o
[ 32%] Building CXX object 3rdparty/openexr/CMakeFiles/IlmImf.dir/IlmImf/ImfHuf.cpp.o
[ 32%] Building CXX object 3rdparty/openexr/CMakeFiles/IlmImf.dir/IlmImf/ImfVersion.cpp.o
[ 34%] Building CXX object 3rdparty/openexr/CMakeFiles/IlmImf.dir/IlmImf/ImfKeyCode.cpp.o
[ 34%] Building CXX object 3rdparty/openexr/CMakeFiles/IlmImf.dir/IlmImf/ImfRgbaYca.cpp.o
[ 34%] Building CXX object 3rdparty/openexr/CMakeFiles/IlmImf.dir/IlmImf/ImfStdIO.cpp.o
[ 34%] Building CXX object 3rdparty/openexr/CMakeFiles/IlmImf.dir/IlmImf/ImfChannelListAttribute.cpp.o
[ 34%] Building CXX object 3rdparty/openexr/CMakeFiles/IlmImf.dir/IlmImf/ImfLut.cpp.o
[ 35%] Building CXX object 3rdparty/openexr/CMakeFiles/IlmImf.dir/IlmImf/ImfPreviewImage.cpp.o
[ 35%] Building CXX object 3rdparty/openexr/CMakeFiles/IlmImf.dir/IlmImf/ImfCompressor.cpp.o
[ 35%] Building CXX object 3rdparty/openexr/CMakeFiles/IlmImf.dir/IlmImf/ImfWav.cpp.o
[ 35%] Building CXX object 3rdparty/openexr/CMakeFiles/IlmImf.dir/IlmImf/ImfPizCompressor.cpp.o
[ 35%] Building CXX object 3rdparty/openexr/CMakeFiles/IlmImf.dir/IlmImf/ImfPxr24Compressor.cpp.o
[ 35%] Building CXX object 3rdparty/openexr/CMakeFiles/IlmImf.dir/IlmImf/ImfTiledRgbaFile.cpp.o
[ 37%] Building CXX object 3rdparty/openexr/CMakeFiles/IlmImf.dir/IlmImf/ImfEnvmap.cpp.o
[ 37%] Building CXX object 3rdparty/openexr/CMakeFiles/IlmImf.dir/IlmImf/ImfMultiView.cpp.o
[ 37%] Building CXX object 3rdparty/openexr/CMakeFiles/IlmImf.dir/IlmImf/ImfStringVectorAttribute.cpp.o
[ 37%] Building CXX object 3rdparty/openexr/CMakeFiles/IlmImf.dir/IlmImf/ImfCRgbaFile.cpp.o
[ 37%] Building CXX object 3rdparty/openexr/CMakeFiles/IlmImf.dir/IlmImf/ImfRational.cpp.o
[ 38%] Building CXX object 3rdparty/openexr/CMakeFiles/IlmImf.dir/IlmImf/ImfStringAttribute.cpp.o
[ 38%] Building CXX object 3rdparty/openexr/CMakeFiles/IlmImf.dir/IlmImf/ImfScanLineInputFile.cpp.o
[ 38%] Building CXX object 3rdparty/openexr/CMakeFiles/IlmImf.dir/IlmImf/ImfThreading.cpp.o
[ 38%] Building CXX object 3rdparty/openexr/CMakeFiles/IlmImf.dir/IlmImf/ImfB44Compressor.cpp.o
[ 38%] Building CXX object 3rdparty/openexr/CMakeFiles/IlmImf.dir/IlmImf/ImfBoxAttribute.cpp.o
[ 40%] Building CXX object 3rdparty/openexr/CMakeFiles/IlmImf.dir/IlmImf/ImfDoubleAttribute.cpp.o
[ 40%] Building CXX object 3rdparty/openexr/CMakeFiles/IlmImf.dir/IlmImf/ImfTiledInputFile.cpp.o
[ 40%] Building CXX object 3rdparty/openexr/CMakeFiles/IlmImf.dir/IlmImf/ImfStandardAttributes.cpp.o
[ 40%] Building CXX object 3rdparty/openexr/CMakeFiles/IlmImf.dir/IlmImf/ImfCompressionAttribute.cpp.o
[ 40%] Building CXX object 3rdparty/openexr/CMakeFiles/IlmImf.dir/IlmImf/ImfRleCompressor.cpp.o
[ 40%] Building CXX object 3rdparty/openexr/CMakeFiles/IlmImf.dir/IlmImf/ImfChromaticities.cpp.o
[ 41%] Building CXX object 3rdparty/openexr/CMakeFiles/IlmImf.dir/IlmImf/ImfEnvmapAttribute.cpp.o
[ 41%] Building CXX object 3rdparty/openexr/CMakeFiles/IlmImf.dir/IlmImf/ImfInputFile.cpp.o
[ 41%] Building CXX object 3rdparty/openexr/CMakeFiles/IlmImf.dir/IlmImf/ImfPreviewImageAttribute.cpp.o
[ 41%] Building CXX object 3rdparty/openexr/CMakeFiles/IlmImf.dir/IlmImf/ImfTileOffsets.cpp.o
[ 41%] Building CXX object 3rdparty/openexr/CMakeFiles/IlmImf.dir/IlmImf/ImfTimeCode.cpp.o
[ 42%] Building CXX object 3rdparty/openexr/CMakeFiles/IlmImf.dir/IlmImf/ImfTileDescriptionAttribute.cpp.o
[ 42%] Building CXX object 3rdparty/openexr/CMakeFiles/IlmImf.dir/IlmImf/ImfVecAttribute.cpp.o
[ 42%] Building CXX object 3rdparty/openexr/CMakeFiles/IlmImf.dir/IlmImf/ImfFramesPerSecond.cpp.o
[ 42%] Building CXX object 3rdparty/openexr/CMakeFiles/IlmImf.dir/IlmImf/ImfChromaticitiesAttribute.cpp.o
[ 42%] Building CXX object 3rdparty/openexr/CMakeFiles/IlmImf.dir/IlmImf/ImfKeyCodeAttribute.cpp.o
[ 44%] Building CXX object 3rdparty/openexr/CMakeFiles/IlmImf.dir/IlmImf/ImfMisc.cpp.o
[ 44%] Building CXX object 3rdparty/openexr/CMakeFiles/IlmImf.dir/IlmImf/ImfConvert.cpp.o
[ 44%] Linking CXX static library ../lib/libIlmImf.a
[ 44%] Built target IlmImf
[ 44%] Generating opencv_hal_pch_dephelp.cxx
Scanning dependencies of target opencv_hal_pch_dephelp
[ 45%] Building CXX object modules/hal/CMakeFiles/opencv_hal_pch_dephelp.dir/opencv_hal_pch_dephelp.cxx.o
[ 45%] Linking CXX static library ../../lib/libopencv_hal_pch_dephelp.a
[ 45%] Built target opencv_hal_pch_dephelp
Scanning dependencies of target pch_Generate_opencv_hal
[ 45%] Generating precomp.hpp
[ 45%] Generating precomp.hpp.gch/opencv_hal_RELEASE.gch
[ 45%] Built target pch_Generate_opencv_hal
Scanning dependencies of target opencv_hal
[ 45%] Building CXX object modules/hal/CMakeFiles/opencv_hal.dir/src/matrix.cpp.o
[ 45%] Building CXX object modules/hal/CMakeFiles/opencv_hal.dir/src/warp.cpp.o
[ 45%] Building CXX object modules/hal/CMakeFiles/opencv_hal.dir/src/stat.cpp.o
[ 47%] Building CXX object modules/hal/CMakeFiles/opencv_hal.dir/src/mathfuncs.cpp.o
[ 47%] Building CXX object modules/hal/CMakeFiles/opencv_hal.dir/src/arithm.cpp.o
[ 47%] Building CXX object modules/hal/CMakeFiles/opencv_hal.dir/src/color.cpp.o
[ 47%] Building CXX object modules/hal/CMakeFiles/opencv_hal.dir/src/filter.cpp.o
[ 47%] Building CXX object modules/hal/CMakeFiles/opencv_hal.dir/src/resize.cpp.o
[ 48%] Linking CXX static library ../../lib/libopencv_hal.a
[ 48%] Built target opencv_hal
[ 48%] Generating opencv_core_pch_dephelp.cxx
Scanning dependencies of target opencv_core_pch_dephelp
[ 48%] Building CXX object modules/core/CMakeFiles/opencv_core_pch_dephelp.dir/opencv_core_pch_dephelp.cxx.o
[ 50%] Linking CXX static library ../../lib/libopencv_core_pch_dephelp.a
[ 50%] Built target opencv_core_pch_dephelp
Scanning dependencies of target pch_Generate_opencv_core
[ 50%] Generating precomp.hpp
[ 50%] Generating precomp.hpp.gch/opencv_core_RELEASE.gch
[ 50%] Built target pch_Generate_opencv_core
[ 50%] Generating opencl_kernels_core.cpp, opencl_kernels_core.hpp
Scanning dependencies of target opencv_core
[ 50%] Building CXX object modules/core/CMakeFiles/opencv_core.dir/src/matrix.cpp.o
[ 51%] Building CXX object modules/core/CMakeFiles/opencv_core.dir/src/cuda_info.cpp.o
[ 51%] Building CXX object modules/core/CMakeFiles/opencv_core.dir/src/umatrix.cpp.o
[ 51%] Building CXX object modules/core/CMakeFiles/opencv_core.dir/src/stat.cpp.o
[ 51%] Building CXX object modules/core/CMakeFiles/opencv_core.dir/src/algorithm.cpp.o
[ 51%] Building CXX object modules/core/CMakeFiles/opencv_core.dir/src/system.cpp.o
[ 52%] Building CXX object modules/core/CMakeFiles/opencv_core.dir/src/parallel.cpp.o
[ 52%] Building CXX object modules/core/CMakeFiles/opencv_core.dir/src/mathfuncs.cpp.o
[ 52%] Building CXX object modules/core/CMakeFiles/opencv_core.dir/src/arithm.cpp.o
[ 52%] Building CXX object modules/core/CMakeFiles/opencv_core.dir/src/kmeans.cpp.o
[ 52%] Building CXX object modules/core/CMakeFiles/opencv_core.dir/src/persistence.cpp.o
[ 54%] Building CXX object modules/core/CMakeFiles/opencv_core.dir/src/downhill_simplex.cpp.o
[ 54%] Building CXX object modules/core/CMakeFiles/opencv_core.dir/src/types.cpp.o
[ 54%] Building CXX object modules/core/CMakeFiles/opencv_core.dir/src/cuda_gpu_mat.cpp.o
[ 54%] Building CXX object modules/core/CMakeFiles/opencv_core.dir/src/cuda_host_mem.cpp.o
[ 54%] Building CXX object modules/core/CMakeFiles/opencv_core.dir/src/copy.cpp.o
[ 54%] Building CXX object modules/core/CMakeFiles/opencv_core.dir/src/tables.cpp.o
[ 55%] Building CXX object modules/core/CMakeFiles/opencv_core.dir/src/opengl.cpp.o
[ 55%] Building CXX object modules/core/CMakeFiles/opencv_core.dir/src/lda.cpp.o
[ 55%] Building CXX object modules/core/CMakeFiles/opencv_core.dir/src/lpsolver.cpp.o
[ 55%] Building CXX object modules/core/CMakeFiles/opencv_core.dir/src/dxt.cpp.o
[ 55%] Building CXX object modules/core/CMakeFiles/opencv_core.dir/src/pca.cpp.o
[ 57%] Building CXX object modules/core/CMakeFiles/opencv_core.dir/src/matop.cpp.o
[ 57%] Building CXX object modules/core/CMakeFiles/opencv_core.dir/src/rand.cpp.o
[ 57%] Building CXX object modules/core/CMakeFiles/opencv_core.dir/src/opencl/runtime/opencl_clamdblas.cpp.o
[ 57%] Building CXX object modules/core/CMakeFiles/opencv_core.dir/src/opencl/runtime/opencl_core.cpp.o
[ 57%] Building CXX object modules/core/CMakeFiles/opencv_core.dir/src/opencl/runtime/opencl_clamdfft.cpp.o
[ 58%] Building CXX object modules/core/CMakeFiles/opencv_core.dir/src/array.cpp.o
[ 58%] Building CXX object modules/core/CMakeFiles/opencv_core.dir/src/conjugate_gradient.cpp.o
[ 58%] Building CXX object modules/core/CMakeFiles/opencv_core.dir/src/stl.cpp.o
[ 58%] Building CXX object modules/core/CMakeFiles/opencv_core.dir/src/matmul.cpp.o
[ 58%] Building CXX object modules/core/CMakeFiles/opencv_core.dir/src/convert.cpp.o
[ 58%] Building CXX object modules/core/CMakeFiles/opencv_core.dir/src/parallel_pthreads.cpp.o
[ 60%] Building CXX object modules/core/CMakeFiles/opencv_core.dir/src/directx.cpp.o
[ 60%] Building CXX object modules/core/CMakeFiles/opencv_core.dir/src/datastructs.cpp.o
[ 60%] Building CXX object modules/core/CMakeFiles/opencv_core.dir/src/glob.cpp.o
[ 60%] Building CXX object modules/core/CMakeFiles/opencv_core.dir/src/out.cpp.o
[ 60%] Building CXX object modules/core/CMakeFiles/opencv_core.dir/src/gl_core_3_1.cpp.o
[ 61%] Building CXX object modules/core/CMakeFiles/opencv_core.dir/src/cuda_stream.cpp.o
[ 61%] Building CXX object modules/core/CMakeFiles/opencv_core.dir/src/ocl.cpp.o
[ 61%] Building CXX object modules/core/CMakeFiles/opencv_core.dir/src/command_line_parser.cpp.o
[ 61%] Building CXX object modules/core/CMakeFiles/opencv_core.dir/src/alloc.cpp.o
[ 61%] Building CXX object modules/core/CMakeFiles/opencv_core.dir/src/lapack.cpp.o
[ 62%] Building CXX object modules/core/CMakeFiles/opencv_core.dir/opencl_kernels_core.cpp.o
[ 62%] Linking CXX static library ../../lib/libopencv_core.a
[ 62%] Built target opencv_core
[ 64%] Generating opencv_flann_pch_dephelp.cxx
Scanning dependencies of target opencv_flann_pch_dephelp
[ 64%] Building CXX object modules/flann/CMakeFiles/opencv_flann_pch_dephelp.dir/opencv_flann_pch_dephelp.cxx.o
[ 64%] Linking CXX static library ../../lib/libopencv_flann_pch_dephelp.a
[ 64%] Built target opencv_flann_pch_dephelp
Scanning dependencies of target pch_Generate_opencv_flann
[ 64%] Generating precomp.hpp
[ 64%] Generating precomp.hpp.gch/opencv_flann_RELEASE.gch
[ 64%] Built target pch_Generate_opencv_flann
Scanning dependencies of target opencv_flann
[ 65%] Building CXX object modules/flann/CMakeFiles/opencv_flann.dir/src/flann.cpp.o
In file included from /home/suzuki/opencv/opencv-3.0.0/modules/flann/src/flann.cpp:30:0:
/home/suzuki/opencv/opencv-3.0.0/modules/flann/include/opencv2/flann.hpp:405:1: warning: template<class T> class cv::flann::Index_ is deprecated [-Wdeprecated-declarations]
 Index_<T>::Index_(const Mat& dataset, const ::cvflann::IndexParams& params)
 ^
/home/suzuki/opencv/opencv-3.0.0/modules/flann/include/opencv2/flann.hpp:345:2: note: declared here
  Index_ {
  ^
/home/suzuki/opencv/opencv-3.0.0/modules/flann/include/opencv2/flann.hpp:431:1: warning: template<class T> class cv::flann::Index_ is deprecated [-Wdeprecated-declarations]
 Index_<T>::~Index_()
 ^
/home/suzuki/opencv/opencv-3.0.0/modules/flann/include/opencv2/flann.hpp:345:2: note: declared here
  Index_ {
  ^
/home/suzuki/opencv/opencv-3.0.0/modules/flann/include/opencv2/flann.hpp:438:6: warning: template<class T> class cv::flann::Index_ is deprecated [-Wdeprecated-declarations]
 void Index_<T>::knnSearch(const std::vector<ElementType>& query, std::vector<int>& indices, std::vector<DistanceType>& dists, int knn, const :
      ^
/home/suzuki/opencv/opencv-3.0.0/modules/flann/include/opencv2/flann.hpp:345:2: note: declared here
  Index_ {
  ^
/home/suzuki/opencv/opencv-3.0.0/modules/flann/include/opencv2/flann.hpp:450:6: warning: template<class T> class cv::flann::Index_ is deprecated [-Wdeprecated-declarations]
 void Index_<T>::knnSearch(const Mat& queries, Mat& indices, Mat& dists, int knn, const ::cvflann::SearchParams& searchParams)
      ^
/home/suzuki/opencv/opencv-3.0.0/modules/flann/include/opencv2/flann.hpp:345:2: note: declared here
  Index_ {
  ^
/home/suzuki/opencv/opencv-3.0.0/modules/flann/include/opencv2/flann.hpp:469:5: warning: template<class T> class cv::flann::Index_ is deprecated [-Wdeprecated-declarations]
 int Index_<T>::radiusSearch(const std::vector<ElementType>& query, std::vector<int>& indices, std::vector<DistanceType>& dists, DistanceType r
     ^
/home/suzuki/opencv/opencv-3.0.0/modules/flann/include/opencv2/flann.hpp:345:2: note: declared here
  Index_ {
  ^
/home/suzuki/opencv/opencv-3.0.0/modules/flann/include/opencv2/flann.hpp:480:5: warning: template<class T> class cv::flann::Index_ is deprecated [-Wdeprecated-declarations]
 int Index_<T>::radiusSearch(const Mat& query, Mat& indices, Mat& dists, DistanceType radius, const ::cvflann::SearchParams& searchParams)
     ^
/home/suzuki/opencv/opencv-3.0.0/modules/flann/include/opencv2/flann.hpp:345:2: note: declared here
  Index_ {
  ^
[ 65%] Building CXX object modules/flann/CMakeFiles/opencv_flann.dir/src/miniflann.cpp.o
[ 65%] Linking CXX static library ../../lib/libopencv_flann.a
[ 65%] Built target opencv_flann
[ 65%] Generating opencv_imgproc_pch_dephelp.cxx
Scanning dependencies of target opencv_imgproc_pch_dephelp
[ 65%] Building CXX object modules/imgproc/CMakeFiles/opencv_imgproc_pch_dephelp.dir/opencv_imgproc_pch_dephelp.cxx.o
[ 65%] Linking CXX static library ../../lib/libopencv_imgproc_pch_dephelp.a
[ 65%] Built target opencv_imgproc_pch_dephelp
Scanning dependencies of target pch_Generate_opencv_imgproc
[ 65%] Generating precomp.hpp
[ 65%] Generating precomp.hpp.gch/opencv_imgproc_RELEASE.gch
[ 65%] Built target pch_Generate_opencv_imgproc
[ 65%] Generating opencl_kernels_imgproc.cpp, opencl_kernels_imgproc.hpp
Scanning dependencies of target opencv_imgproc
[ 65%] Building CXX object modules/imgproc/CMakeFiles/opencv_imgproc.dir/src/subdivision2d.cpp.o
[ 65%] Building CXX object modules/imgproc/CMakeFiles/opencv_imgproc.dir/src/grabcut.cpp.o
[ 65%] Building CXX object modules/imgproc/CMakeFiles/opencv_imgproc.dir/src/approx.cpp.o
[ 65%] Building CXX object modules/imgproc/CMakeFiles/opencv_imgproc.dir/src/imgwarp.cpp.o
/home/suzuki/opencv/opencv-3.0.0/modules/imgproc/src/imgwarp.cpp:54:18: warning: sts defined but not used [-Wunused-variable]
 static IppStatus sts = ippInit();
                  ^
[ 67%] Building CXX object modules/imgproc/CMakeFiles/opencv_imgproc.dir/src/rotcalipers.cpp.o
[ 67%] Building CXX object modules/imgproc/CMakeFiles/opencv_imgproc.dir/src/connectedcomponents.cpp.o
[ 67%] Building CXX object modules/imgproc/CMakeFiles/opencv_imgproc.dir/src/min_enclosing_triangle.cpp.o
[ 67%] Building CXX object modules/imgproc/CMakeFiles/opencv_imgproc.dir/src/clahe.cpp.o
[ 67%] Building CXX object modules/imgproc/CMakeFiles/opencv_imgproc.dir/src/histogram.cpp.o
[ 68%] Building CXX object modules/imgproc/CMakeFiles/opencv_imgproc.dir/src/accum.cpp.o
[ 68%] Building CXX object modules/imgproc/CMakeFiles/opencv_imgproc.dir/src/undistort.cpp.o
[ 68%] Building CXX object modules/imgproc/CMakeFiles/opencv_imgproc.dir/src/segmentation.cpp.o
[ 68%] Building CXX object modules/imgproc/CMakeFiles/opencv_imgproc.dir/src/drawing.cpp.o
[ 68%] Building CXX object modules/imgproc/CMakeFiles/opencv_imgproc.dir/src/lsd.cpp.o
[ 70%] Building CXX object modules/imgproc/CMakeFiles/opencv_imgproc.dir/src/smooth.cpp.o
[ 70%] Building CXX object modules/imgproc/CMakeFiles/opencv_imgproc.dir/src/moments.cpp.o
[ 70%] Building CXX object modules/imgproc/CMakeFiles/opencv_imgproc.dir/src/floodfill.cpp.o
[ 70%] Building CXX object modules/imgproc/CMakeFiles/opencv_imgproc.dir/src/sumpixels.cpp.o
/home/suzuki/opencv/opencv-3.0.0/modules/imgproc/src/sumpixels.cpp:48:18: warning: sts defined but not used [-Wunused-variable]
 static IppStatus sts = ippInit();
                  ^
[ 70%] Building CXX object modules/imgproc/CMakeFiles/opencv_imgproc.dir/src/canny.cpp.o
[ 70%] Building CXX object modules/imgproc/CMakeFiles/opencv_imgproc.dir/src/geometry.cpp.o
[ 71%] Building CXX object modules/imgproc/CMakeFiles/opencv_imgproc.dir/src/colormap.cpp.o
[ 71%] Building CXX object modules/imgproc/CMakeFiles/opencv_imgproc.dir/src/featureselect.cpp.o
[ 71%] Building CXX object modules/imgproc/CMakeFiles/opencv_imgproc.dir/src/emd.cpp.o
[ 71%] Building CXX object modules/imgproc/CMakeFiles/opencv_imgproc.dir/src/tables.cpp.o
[ 71%] Building CXX object modules/imgproc/CMakeFiles/opencv_imgproc.dir/src/gabor.cpp.o
[ 72%] Building CXX object modules/imgproc/CMakeFiles/opencv_imgproc.dir/src/cornersubpix.cpp.o
[ 72%] Building CXX object modules/imgproc/CMakeFiles/opencv_imgproc.dir/src/blend.cpp.o
[ 72%] Building CXX object modules/imgproc/CMakeFiles/opencv_imgproc.dir/src/morph.cpp.o
[ 72%] Building CXX object modules/imgproc/CMakeFiles/opencv_imgproc.dir/src/color.cpp.o
/home/suzuki/opencv/opencv-3.0.0/modules/imgproc/src/color.cpp:103:18: warning: sts defined but not used [-Wunused-variable]
 static IppStatus sts = ippInit();
                  ^
[ 72%] Building CXX object modules/imgproc/CMakeFiles/opencv_imgproc.dir/src/samplers.cpp.o
[ 74%] Building CXX object modules/imgproc/CMakeFiles/opencv_imgproc.dir/src/demosaicing.cpp.o
[ 74%] Building CXX object modules/imgproc/CMakeFiles/opencv_imgproc.dir/src/contours.cpp.o
[ 74%] Building CXX object modules/imgproc/CMakeFiles/opencv_imgproc.dir/src/generalized_hough.cpp.o
[ 74%] Building CXX object modules/imgproc/CMakeFiles/opencv_imgproc.dir/src/linefit.cpp.o
[ 74%] Building CXX object modules/imgproc/CMakeFiles/opencv_imgproc.dir/src/intersection.cpp.o
[ 74%] Building CXX object modules/imgproc/CMakeFiles/opencv_imgproc.dir/src/distransform.cpp.o
[ 75%] Building CXX object modules/imgproc/CMakeFiles/opencv_imgproc.dir/src/deriv.cpp.o
/home/suzuki/opencv/opencv-3.0.0/modules/imgproc/src/deriv.cpp:47:18: warning: sts defined but not used [-Wunused-variable]
 static IppStatus sts = ippInit();
                  ^
[ 75%] Building CXX object modules/imgproc/CMakeFiles/opencv_imgproc.dir/src/phasecorr.cpp.o
[ 75%] Building CXX object modules/imgproc/CMakeFiles/opencv_imgproc.dir/src/shapedescr.cpp.o
[ 75%] Building CXX object modules/imgproc/CMakeFiles/opencv_imgproc.dir/src/matchcontours.cpp.o
[ 75%] Building CXX object modules/imgproc/CMakeFiles/opencv_imgproc.dir/src/hough.cpp.o
[ 77%] Building CXX object modules/imgproc/CMakeFiles/opencv_imgproc.dir/src/filter.cpp.o
[ 77%] Building CXX object modules/imgproc/CMakeFiles/opencv_imgproc.dir/src/thresh.cpp.o
[ 77%] Building CXX object modules/imgproc/CMakeFiles/opencv_imgproc.dir/src/corner.cpp.o
[ 77%] Building CXX object modules/imgproc/CMakeFiles/opencv_imgproc.dir/src/utils.cpp.o
[ 77%] Building CXX object modules/imgproc/CMakeFiles/opencv_imgproc.dir/src/hershey_fonts.cpp.o
[ 78%] Building CXX object modules/imgproc/CMakeFiles/opencv_imgproc.dir/src/templmatch.cpp.o
[ 78%] Building CXX object modules/imgproc/CMakeFiles/opencv_imgproc.dir/src/convhull.cpp.o
[ 78%] Building CXX object modules/imgproc/CMakeFiles/opencv_imgproc.dir/src/pyramids.cpp.o
[ 78%] Building CXX object modules/imgproc/CMakeFiles/opencv_imgproc.dir/opencl_kernels_imgproc.cpp.o
[ 78%] Linking CXX static library ../../lib/libopencv_imgproc.a
[ 78%] Built target opencv_imgproc
[ 78%] Generating opencv_ml_pch_dephelp.cxx
Scanning dependencies of target opencv_ml_pch_dephelp
[ 78%] Building CXX object modules/ml/CMakeFiles/opencv_ml_pch_dephelp.dir/opencv_ml_pch_dephelp.cxx.o
[ 78%] Linking CXX static library ../../lib/libopencv_ml_pch_dephelp.a
[ 78%] Built target opencv_ml_pch_dephelp
Scanning dependencies of target pch_Generate_opencv_ml
[ 80%] Generating precomp.hpp
[ 80%] Generating precomp.hpp.gch/opencv_ml_RELEASE.gch
[ 80%] Built target pch_Generate_opencv_ml
Scanning dependencies of target opencv_ml
[ 81%] Building CXX object modules/ml/CMakeFiles/opencv_ml.dir/src/inner_functions.cpp.o
[ 81%] Building CXX object modules/ml/CMakeFiles/opencv_ml.dir/src/tree.cpp.o
[ 81%] Building CXX object modules/ml/CMakeFiles/opencv_ml.dir/src/svm.cpp.o
[ 81%] Building CXX object modules/ml/CMakeFiles/opencv_ml.dir/src/em.cpp.o
[ 81%] Building CXX object modules/ml/CMakeFiles/opencv_ml.dir/src/ann_mlp.cpp.o
[ 81%] Building CXX object modules/ml/CMakeFiles/opencv_ml.dir/src/testset.cpp.o
[ 82%] Building CXX object modules/ml/CMakeFiles/opencv_ml.dir/src/nbayes.cpp.o
[ 82%] Building CXX object modules/ml/CMakeFiles/opencv_ml.dir/src/data.cpp.o
[ 82%] Building CXX object modules/ml/CMakeFiles/opencv_ml.dir/src/rtrees.cpp.o
[ 82%] Building CXX object modules/ml/CMakeFiles/opencv_ml.dir/src/gbt.cpp.o
[ 82%] Building CXX object modules/ml/CMakeFiles/opencv_ml.dir/src/boost.cpp.o
[ 84%] Building CXX object modules/ml/CMakeFiles/opencv_ml.dir/src/knearest.cpp.o
[ 84%] Building CXX object modules/ml/CMakeFiles/opencv_ml.dir/src/kdtree.cpp.o
[ 84%] Building CXX object modules/ml/CMakeFiles/opencv_ml.dir/src/lr.cpp.o
[ 84%] Linking CXX static library ../../lib/libopencv_ml.a
[ 84%] Built target opencv_ml
[ 84%] Generating opencv_features2d_pch_dephelp.cxx
Scanning dependencies of target opencv_features2d_pch_dephelp
[ 84%] Building CXX object modules/features2d/CMakeFiles/opencv_features2d_pch_dephelp.dir/opencv_features2d_pch_dephelp.cxx.o
[ 84%] Linking CXX static library ../../lib/libopencv_features2d_pch_dephelp.a
[ 84%] Built target opencv_features2d_pch_dephelp
Scanning dependencies of target pch_Generate_opencv_features2d
[ 85%] Generating precomp.hpp
[ 85%] Generating precomp.hpp.gch/opencv_features2d_RELEASE.gch
[ 85%] Built target pch_Generate_opencv_features2d
[ 85%] Generating opencl_kernels_features2d.cpp, opencl_kernels_features2d.hpp
Scanning dependencies of target opencv_features2d
[ 85%] Building CXX object modules/features2d/CMakeFiles/opencv_features2d.dir/src/feature2d.cpp.o
[ 85%] Building CXX object modules/features2d/CMakeFiles/opencv_features2d.dir/src/fast_score.cpp.o
[ 85%] Building CXX object modules/features2d/CMakeFiles/opencv_features2d.dir/src/kaze/AKAZEFeatures.cpp.o
[ 87%] Building CXX object modules/features2d/CMakeFiles/opencv_features2d.dir/src/kaze/nldiffusion_functions.cpp.o
[ 87%] Building CXX object modules/features2d/CMakeFiles/opencv_features2d.dir/src/kaze/KAZEFeatures.cpp.o
[ 87%] Building CXX object modules/features2d/CMakeFiles/opencv_features2d.dir/src/kaze/fed.cpp.o
[ 87%] Building CXX object modules/features2d/CMakeFiles/opencv_features2d.dir/src/orb.cpp.o
[ 87%] Building CXX object modules/features2d/CMakeFiles/opencv_features2d.dir/src/kaze.cpp.o
[ 88%] Building CXX object modules/features2d/CMakeFiles/opencv_features2d.dir/src/evaluation.cpp.o
[ 88%] Building CXX object modules/features2d/CMakeFiles/opencv_features2d.dir/src/blobdetector.cpp.o
[ 88%] Building CXX object modules/features2d/CMakeFiles/opencv_features2d.dir/src/agast_score.cpp.o
[ 88%] Building CXX object modules/features2d/CMakeFiles/opencv_features2d.dir/src/gftt.cpp.o
[ 88%] Building CXX object modules/features2d/CMakeFiles/opencv_features2d.dir/src/mser.cpp.o
[ 88%] Building CXX object modules/features2d/CMakeFiles/opencv_features2d.dir/src/keypoint.cpp.o
[ 90%] Building CXX object modules/features2d/CMakeFiles/opencv_features2d.dir/src/bagofwords.cpp.o
[ 90%] Building CXX object modules/features2d/CMakeFiles/opencv_features2d.dir/src/matchers.cpp.o
[ 90%] Building CXX object modules/features2d/CMakeFiles/opencv_features2d.dir/src/dynamic.cpp.o
[ 90%] Building CXX object modules/features2d/CMakeFiles/opencv_features2d.dir/src/brisk.cpp.o
[ 90%] Building CXX object modules/features2d/CMakeFiles/opencv_features2d.dir/src/akaze.cpp.o
[ 91%] Building CXX object modules/features2d/CMakeFiles/opencv_features2d.dir/src/fast.cpp.o
[ 91%] Building CXX object modules/features2d/CMakeFiles/opencv_features2d.dir/src/agast.cpp.o
[ 91%] Building CXX object modules/features2d/CMakeFiles/opencv_features2d.dir/src/draw.cpp.o
[ 91%] Building CXX object modules/features2d/CMakeFiles/opencv_features2d.dir/opencl_kernels_features2d.cpp.o
[ 91%] Linking CXX static library ../../lib/libopencv_features2d.a
[ 91%] Built target opencv_features2d
[ 91%] Generating opencv_imgcodecs_pch_dephelp.cxx
Scanning dependencies of target opencv_imgcodecs_pch_dephelp
[ 91%] Building CXX object modules/imgcodecs/CMakeFiles/opencv_imgcodecs_pch_dephelp.dir/opencv_imgcodecs_pch_dephelp.cxx.o
[ 92%] Linking CXX static library ../../lib/libopencv_imgcodecs_pch_dephelp.a
[ 92%] Built target opencv_imgcodecs_pch_dephelp
Scanning dependencies of target pch_Generate_opencv_imgcodecs
[ 92%] Generating precomp.hpp
[ 94%] Generating precomp.hpp.gch/opencv_imgcodecs_RELEASE.gch
[ 94%] Built target pch_Generate_opencv_imgcodecs
Scanning dependencies of target opencv_imgcodecs
[ 94%] Building CXX object modules/imgcodecs/CMakeFiles/opencv_imgcodecs.dir/src/loadsave.cpp.o
[ 94%] Building CXX object modules/imgcodecs/CMakeFiles/opencv_imgcodecs.dir/src/utils.cpp.o
[ 94%] Building CXX object modules/imgcodecs/CMakeFiles/opencv_imgcodecs.dir/src/grfmt_exr.cpp.o
[ 95%] Building CXX object modules/imgcodecs/CMakeFiles/opencv_imgcodecs.dir/src/grfmt_jpeg.cpp.o
/home/suzuki/opencv/opencv-3.0.0/modules/imgcodecs/src/grfmt_jpeg.cpp: In member function virtual bool cv::JpegDecoder::readData(cv::Mat&):
/home/suzuki/opencv/opencv-3.0.0/modules/imgcodecs/src/grfmt_jpeg.cpp:394:10: warning: variable result might be clobbered by longjmp or vfork [-Wclobbered]
     bool result = false;
          ^
[ 95%] Building CXX object modules/imgcodecs/CMakeFiles/opencv_imgcodecs.dir/src/grfmt_tiff.cpp.o
[ 95%] Building CXX object modules/imgcodecs/CMakeFiles/opencv_imgcodecs.dir/src/grfmt_base.cpp.o
[ 95%] Building CXX object modules/imgcodecs/CMakeFiles/opencv_imgcodecs.dir/src/grfmt_sunras.cpp.o
[ 95%] Building CXX object modules/imgcodecs/CMakeFiles/opencv_imgcodecs.dir/src/grfmt_pxm.cpp.o
[ 95%] Building CXX object modules/imgcodecs/CMakeFiles/opencv_imgcodecs.dir/src/grfmt_png.cpp.o
/home/suzuki/opencv/opencv-3.0.0/modules/imgcodecs/src/grfmt_png.cpp: In member function virtual bool cv::PngDecoder::readData(cv::Mat&):
/home/suzuki/opencv/opencv-3.0.0/modules/imgcodecs/src/grfmt_png.cpp:227:10: warning: variable result might be clobbered by longjmp or vfork [-Wclobbered]
     bool result = false;
          ^
[ 97%] Building CXX object modules/imgcodecs/CMakeFiles/opencv_imgcodecs.dir/src/grfmt_jpeg2000.cpp.o
[ 97%] Building CXX object modules/imgcodecs/CMakeFiles/opencv_imgcodecs.dir/src/grfmt_hdr.cpp.o
[ 97%] Building CXX object modules/imgcodecs/CMakeFiles/opencv_imgcodecs.dir/src/grfmt_gdal.cpp.o
[ 97%] Building CXX object modules/imgcodecs/CMakeFiles/opencv_imgcodecs.dir/src/grfmt_webp.cpp.o
[ 97%] Building CXX object modules/imgcodecs/CMakeFiles/opencv_imgcodecs.dir/src/grfmt_bmp.cpp.o
[ 98%] Building CXX object modules/imgcodecs/CMakeFiles/opencv_imgcodecs.dir/src/bitstrm.cpp.o
[ 98%] Building CXX object modules/imgcodecs/CMakeFiles/opencv_imgcodecs.dir/src/rgbe.cpp.o
[ 98%] Linking CXX static library ../../lib/libopencv_imgcodecs.a
[ 98%] Built target opencv_imgcodecs
[100%] Generating pyopencv_generated_include.h, pyopencv_generated_funcs.h, pyopencv_generated_types.h, pyopencv_generated_type_reg.h, pyopencv_generated_ns_reg.h
Scanning dependencies of target opencv_python2
[100%] Building CXX object modules/python2/CMakeFiles/opencv_python2.dir/__/src2/cv2.cpp.o
In file included from /home/suzuki/anaconda3/envs/cv/lib/python2.7/site-packages/numpy/core/include/numpy/ndarraytypes.h:4:0,
                 from /home/suzuki/anaconda3/envs/cv/lib/python2.7/site-packages/numpy/core/include/numpy/ndarrayobject.h:18,
                 from /home/suzuki/opencv/opencv-3.0.0/modules/python/src2/cv2.cpp:10:
/home/suzuki/anaconda3/envs/cv/lib/python2.7/site-packages/numpy/core/include/numpy/npy_common.h:17:5: warning: "NPY_INTERNAL_BUILD" is not defined [-Wundef]
 #if NPY_INTERNAL_BUILD
     ^
[100%] Linking CXX shared library ../../lib/cv2.so
[100%] Built target opencv_python2
(cv) suzuki@dynabook:~/opencv/opencv-3.0.0/build$ make install
[ 14%] Built target libwebp
[ 24%] Built target libjasper
[ 44%] Built target IlmImf
[ 45%] Built target opencv_hal_pch_dephelp
[ 45%] Built target pch_Generate_opencv_hal
[ 48%] Built target opencv_hal
[ 50%] Built target opencv_core_pch_dephelp
[ 50%] Built target pch_Generate_opencv_core
[ 62%] Built target opencv_core
[ 64%] Built target opencv_flann_pch_dephelp
[ 64%] Built target pch_Generate_opencv_flann
[ 65%] Built target opencv_flann
[ 65%] Built target opencv_imgproc_pch_dephelp
[ 65%] Built target pch_Generate_opencv_imgproc
[ 78%] Built target opencv_imgproc
[ 78%] Built target opencv_ml_pch_dephelp
[ 80%] Built target pch_Generate_opencv_ml
[ 84%] Built target opencv_ml
[ 84%] Built target opencv_features2d_pch_dephelp
[ 85%] Built target pch_Generate_opencv_features2d
[ 91%] Built target opencv_features2d
[ 92%] Built target opencv_imgcodecs_pch_dephelp
[ 94%] Built target pch_Generate_opencv_imgcodecs
[ 98%] Built target opencv_imgcodecs
[100%] Built target opencv_python2
Install the project...
-- Install configuration: "RELEASE"
-- Installing: /home/suzuki/opencv/3.0/share/OpenCV/3rdparty/lib/libippicv.a
-- Installing: /home/suzuki/opencv/3.0/include/opencv2/cvconfig.h
-- Installing: /home/suzuki/opencv/3.0/include/opencv2/opencv_modules.hpp
-- Installing: /home/suzuki/opencv/3.0/lib/pkgconfig/opencv.pc
-- Installing: /home/suzuki/opencv/3.0/share/OpenCV/OpenCVConfig.cmake
-- Installing: /home/suzuki/opencv/3.0/share/OpenCV/OpenCVConfig-version.cmake
-- Installing: /home/suzuki/opencv/3.0/share/OpenCV/OpenCVModules.cmake
-- Installing: /home/suzuki/opencv/3.0/share/OpenCV/OpenCVModules-release.cmake
-- Installing: /home/suzuki/opencv/3.0/share/OpenCV/3rdparty/lib/liblibwebp.a
-- Installing: /home/suzuki/opencv/3.0/share/OpenCV/3rdparty/lib/liblibjasper.a
-- Installing: /home/suzuki/opencv/3.0/share/OpenCV/3rdparty/lib/libIlmImf.a
-- Installing: /home/suzuki/opencv/3.0/include/opencv/cvaux.hpp
-- Installing: /home/suzuki/opencv/3.0/include/opencv/cvaux.h
-- Installing: /home/suzuki/opencv/3.0/include/opencv/cv.hpp
-- Installing: /home/suzuki/opencv/3.0/include/opencv/cxcore.hpp
-- Installing: /home/suzuki/opencv/3.0/include/opencv/ml.h
-- Installing: /home/suzuki/opencv/3.0/include/opencv/cxeigen.hpp
-- Installing: /home/suzuki/opencv/3.0/include/opencv/cxmisc.h
-- Installing: /home/suzuki/opencv/3.0/include/opencv/highgui.h
-- Installing: /home/suzuki/opencv/3.0/include/opencv/cxcore.h
-- Installing: /home/suzuki/opencv/3.0/include/opencv/cv.h
-- Installing: /home/suzuki/opencv/3.0/include/opencv/cvwimage.h
-- Installing: /home/suzuki/opencv/3.0/include/opencv2/opencv.hpp
-- Installing: /home/suzuki/opencv/3.0/lib/libopencv_hal.a
-- Installing: /home/suzuki/opencv/3.0/include/opencv2/hal.hpp
-- Installing: /home/suzuki/opencv/3.0/include/opencv2/hal/intrin_neon.hpp
-- Installing: /home/suzuki/opencv/3.0/include/opencv2/hal/intrin.hpp
-- Installing: /home/suzuki/opencv/3.0/include/opencv2/hal/intrin_sse.hpp
-- Installing: /home/suzuki/opencv/3.0/include/opencv2/hal/intrin_cpp.hpp
-- Installing: /home/suzuki/opencv/3.0/include/opencv2/hal/defs.h
-- Installing: /home/suzuki/opencv/3.0/lib/libopencv_core.a
-- Installing: /home/suzuki/opencv/3.0/include/opencv2/core/cuda/saturate_cast.hpp
-- Installing: /home/suzuki/opencv/3.0/include/opencv2/core/cuda/warp_shuffle.hpp
-- Installing: /home/suzuki/opencv/3.0/include/opencv2/core/cuda/filters.hpp
-- Installing: /home/suzuki/opencv/3.0/include/opencv2/core/cuda/type_traits.hpp
-- Installing: /home/suzuki/opencv/3.0/include/opencv2/core/cuda/scan.hpp
-- Installing: /home/suzuki/opencv/3.0/include/opencv2/core/cuda/transform.hpp
-- Installing: /home/suzuki/opencv/3.0/include/opencv2/core/cuda/dynamic_smem.hpp
-- Installing: /home/suzuki/opencv/3.0/include/opencv2/core/cuda/simd_functions.hpp
-- Installing: /home/suzuki/opencv/3.0/include/opencv2/core/cuda/vec_traits.hpp
-- Installing: /home/suzuki/opencv/3.0/include/opencv2/core/cuda/common.hpp
-- Installing: /home/suzuki/opencv/3.0/include/opencv2/core/cuda/vec_math.hpp
-- Installing: /home/suzuki/opencv/3.0/include/opencv2/core/cuda/funcattrib.hpp
-- Installing: /home/suzuki/opencv/3.0/include/opencv2/core/cuda/functional.hpp
-- Installing: /home/suzuki/opencv/3.0/include/opencv2/core/cuda/vec_distance.hpp
-- Installing: /home/suzuki/opencv/3.0/include/opencv2/core/cuda/limits.hpp
-- Installing: /home/suzuki/opencv/3.0/include/opencv2/core/cuda/block.hpp
-- Installing: /home/suzuki/opencv/3.0/include/opencv2/core/cuda/datamov_utils.hpp
-- Installing: /home/suzuki/opencv/3.0/include/opencv2/core/cuda/utility.hpp
-- Installing: /home/suzuki/opencv/3.0/include/opencv2/core/cuda/border_interpolate.hpp
-- Installing: /home/suzuki/opencv/3.0/include/opencv2/core/cuda/reduce.hpp
-- Installing: /home/suzuki/opencv/3.0/include/opencv2/core/cuda/emulation.hpp
-- Installing: /home/suzuki/opencv/3.0/include/opencv2/core/cuda/color.hpp
-- Installing: /home/suzuki/opencv/3.0/include/opencv2/core/cuda/warp.hpp
-- Installing: /home/suzuki/opencv/3.0/include/opencv2/core/cuda/warp_reduce.hpp
-- Installing: /home/suzuki/opencv/3.0/include/opencv2/core/cuda/detail/type_traits_detail.hpp
-- Installing: /home/suzuki/opencv/3.0/include/opencv2/core/cuda/detail/color_detail.hpp
-- Installing: /home/suzuki/opencv/3.0/include/opencv2/core/cuda/detail/vec_distance_detail.hpp
-- Installing: /home/suzuki/opencv/3.0/include/opencv2/core/cuda/detail/reduce.hpp
-- Installing: /home/suzuki/opencv/3.0/include/opencv2/core/cuda/detail/transform_detail.hpp
-- Installing: /home/suzuki/opencv/3.0/include/opencv2/core/cuda/detail/reduce_key_val.hpp
-- Installing: /home/suzuki/opencv/3.0/include/opencv2/core.hpp
-- Installing: /home/suzuki/opencv/3.0/include/opencv2/core/cvstd.inl.hpp
-- Installing: /home/suzuki/opencv/3.0/include/opencv2/core/persistence.hpp
-- Installing: /home/suzuki/opencv/3.0/include/opencv2/core/types.hpp
-- Installing: /home/suzuki/opencv/3.0/include/opencv2/core/base.hpp
-- Installing: /home/suzuki/opencv/3.0/include/opencv2/core/bufferpool.hpp
-- Installing: /home/suzuki/opencv/3.0/include/opencv2/core/optim.hpp
-- Installing: /home/suzuki/opencv/3.0/include/opencv2/core/private.hpp
-- Installing: /home/suzuki/opencv/3.0/include/opencv2/core/operations.hpp
-- Installing: /home/suzuki/opencv/3.0/include/opencv2/core/cuda_stream_accessor.hpp
-- Installing: /home/suzuki/opencv/3.0/include/opencv2/core/core.hpp
-- Installing: /home/suzuki/opencv/3.0/include/opencv2/core/cuda_types.hpp
-- Installing: /home/suzuki/opencv/3.0/include/opencv2/core/private.cuda.hpp
-- Installing: /home/suzuki/opencv/3.0/include/opencv2/core/directx.hpp
-- Installing: /home/suzuki/opencv/3.0/include/opencv2/core/traits.hpp
-- Installing: /home/suzuki/opencv/3.0/include/opencv2/core/version.hpp
-- Installing: /home/suzuki/opencv/3.0/include/opencv2/core/wimage.hpp
-- Installing: /home/suzuki/opencv/3.0/include/opencv2/core/ptr.inl.hpp
-- Installing: /home/suzuki/opencv/3.0/include/opencv2/core/sse_utils.hpp
-- Installing: /home/suzuki/opencv/3.0/include/opencv2/core/cuda.inl.hpp
-- Installing: /home/suzuki/opencv/3.0/include/opencv2/core/mat.hpp
-- Installing: /home/suzuki/opencv/3.0/include/opencv2/core/cuda.hpp
-- Installing: /home/suzuki/opencv/3.0/include/opencv2/core/utility.hpp
-- Installing: /home/suzuki/opencv/3.0/include/opencv2/core/mat.inl.hpp
-- Installing: /home/suzuki/opencv/3.0/include/opencv2/core/eigen.hpp
-- Installing: /home/suzuki/opencv/3.0/include/opencv2/core/ippasync.hpp
-- Installing: /home/suzuki/opencv/3.0/include/opencv2/core/ocl_genbase.hpp
-- Installing: /home/suzuki/opencv/3.0/include/opencv2/core/cvstd.hpp
-- Installing: /home/suzuki/opencv/3.0/include/opencv2/core/affine.hpp
-- Installing: /home/suzuki/opencv/3.0/include/opencv2/core/opengl.hpp
-- Installing: /home/suzuki/opencv/3.0/include/opencv2/core/matx.hpp
-- Installing: /home/suzuki/opencv/3.0/include/opencv2/core/ocl.hpp
-- Installing: /home/suzuki/opencv/3.0/include/opencv2/core/types_c.h
-- Installing: /home/suzuki/opencv/3.0/include/opencv2/core/cvdef.h
-- Installing: /home/suzuki/opencv/3.0/include/opencv2/core/core_c.h
-- Installing: /home/suzuki/opencv/3.0/lib/libopencv_flann.a
-- Installing: /home/suzuki/opencv/3.0/include/opencv2/flann.hpp
-- Installing: /home/suzuki/opencv/3.0/include/opencv2/flann/flann_base.hpp
-- Installing: /home/suzuki/opencv/3.0/include/opencv2/flann/miniflann.hpp
-- Installing: /home/suzuki/opencv/3.0/include/opencv2/flann/flann.hpp
-- Installing: /home/suzuki/opencv/3.0/include/opencv2/flann/kmeans_index.h
-- Installing: /home/suzuki/opencv/3.0/include/opencv2/flann/simplex_downhill.h
-- Installing: /home/suzuki/opencv/3.0/include/opencv2/flann/object_factory.h
-- Installing: /home/suzuki/opencv/3.0/include/opencv2/flann/matrix.h
-- Installing: /home/suzuki/opencv/3.0/include/opencv2/flann/defines.h
-- Installing: /home/suzuki/opencv/3.0/include/opencv2/flann/all_indices.h
-- Installing: /home/suzuki/opencv/3.0/include/opencv2/flann/kdtree_single_index.h
-- Installing: /home/suzuki/opencv/3.0/include/opencv2/flann/index_testing.h
-- Installing: /home/suzuki/opencv/3.0/include/opencv2/flann/nn_index.h
-- Installing: /home/suzuki/opencv/3.0/include/opencv2/flann/general.h
-- Installing: /home/suzuki/opencv/3.0/include/opencv2/flann/dist.h
-- Installing: /home/suzuki/opencv/3.0/include/opencv2/flann/dummy.h
-- Installing: /home/suzuki/opencv/3.0/include/opencv2/flann/kdtree_index.h
-- Installing: /home/suzuki/opencv/3.0/include/opencv2/flann/dynamic_bitset.h
-- Installing: /home/suzuki/opencv/3.0/include/opencv2/flann/result_set.h
-- Installing: /home/suzuki/opencv/3.0/include/opencv2/flann/heap.h
-- Installing: /home/suzuki/opencv/3.0/include/opencv2/flann/config.h
-- Installing: /home/suzuki/opencv/3.0/include/opencv2/flann/params.h
-- Installing: /home/suzuki/opencv/3.0/include/opencv2/flann/sampling.h
-- Installing: /home/suzuki/opencv/3.0/include/opencv2/flann/logger.h
-- Installing: /home/suzuki/opencv/3.0/include/opencv2/flann/composite_index.h
-- Installing: /home/suzuki/opencv/3.0/include/opencv2/flann/lsh_table.h
-- Installing: /home/suzuki/opencv/3.0/include/opencv2/flann/lsh_index.h
-- Installing: /home/suzuki/opencv/3.0/include/opencv2/flann/ground_truth.h
-- Installing: /home/suzuki/opencv/3.0/include/opencv2/flann/allocator.h
-- Installing: /home/suzuki/opencv/3.0/include/opencv2/flann/saving.h
-- Installing: /home/suzuki/opencv/3.0/include/opencv2/flann/linear_index.h
-- Installing: /home/suzuki/opencv/3.0/include/opencv2/flann/timer.h
-- Installing: /home/suzuki/opencv/3.0/include/opencv2/flann/hierarchical_clustering_index.h
-- Installing: /home/suzuki/opencv/3.0/include/opencv2/flann/random.h
-- Installing: /home/suzuki/opencv/3.0/include/opencv2/flann/autotuned_index.h
-- Installing: /home/suzuki/opencv/3.0/include/opencv2/flann/hdf5.h
-- Installing: /home/suzuki/opencv/3.0/include/opencv2/flann/any.h
-- Installing: /home/suzuki/opencv/3.0/lib/libopencv_imgproc.a
-- Installing: /home/suzuki/opencv/3.0/include/opencv2/imgproc.hpp
-- Installing: /home/suzuki/opencv/3.0/include/opencv2/imgproc/imgproc.hpp
-- Installing: /home/suzuki/opencv/3.0/include/opencv2/imgproc/types_c.h
-- Installing: /home/suzuki/opencv/3.0/include/opencv2/imgproc/imgproc_c.h
-- Installing: /home/suzuki/opencv/3.0/lib/libopencv_ml.a
-- Installing: /home/suzuki/opencv/3.0/include/opencv2/ml.hpp
-- Installing: /home/suzuki/opencv/3.0/include/opencv2/ml/ml.hpp
-- Installing: /home/suzuki/opencv/3.0/lib/libopencv_features2d.a
-- Installing: /home/suzuki/opencv/3.0/include/opencv2/features2d.hpp
-- Installing: /home/suzuki/opencv/3.0/include/opencv2/features2d/features2d.hpp
-- Installing: /home/suzuki/opencv/3.0/lib/libopencv_imgcodecs.a
-- Installing: /home/suzuki/opencv/3.0/include/opencv2/imgcodecs.hpp
-- Installing: /home/suzuki/opencv/3.0/include/opencv2/imgcodecs/imgcodecs.hpp
-- Installing: /home/suzuki/opencv/3.0/include/opencv2/imgcodecs/imgcodecs_c.h
-- Installing: /home/suzuki/opencv/3.0/include/opencv2/imgcodecs/ios.h
-- Installing: /home/suzuki/opencv/3.0/lib/python2.7/site-packages/cv2.so
-- Set runtime path of "/home/suzuki/opencv/3.0/lib/python2.7/site-packages/cv2.so" to "/home/suzuki/opencv/3.0/lib:/home/suzuki/anaconda3/lib:/home/suzuki/anaconda3/envs/cv/lib"
-- Installing: /home/suzuki/opencv/3.0/share/OpenCV/haarcascades/haarcascade_righteye_2splits.xml
-- Installing: /home/suzuki/opencv/3.0/share/OpenCV/haarcascades/haarcascade_profileface.xml
-- Installing: /home/suzuki/opencv/3.0/share/OpenCV/haarcascades/haarcascade_frontalface_alt.xml
-- Installing: /home/suzuki/opencv/3.0/share/OpenCV/haarcascades/haarcascade_frontalcatface_extended.xml
-- Installing: /home/suzuki/opencv/3.0/share/OpenCV/haarcascades/haarcascade_frontalcatface.xml
-- Installing: /home/suzuki/opencv/3.0/share/OpenCV/haarcascades/haarcascade_smile.xml
-- Installing: /home/suzuki/opencv/3.0/share/OpenCV/haarcascades/haarcascade_frontalface_alt2.xml
-- Installing: /home/suzuki/opencv/3.0/share/OpenCV/haarcascades/haarcascade_licence_plate_rus_16stages.xml
-- Installing: /home/suzuki/opencv/3.0/share/OpenCV/haarcascades/haarcascade_eye_tree_eyeglasses.xml
-- Installing: /home/suzuki/opencv/3.0/share/OpenCV/haarcascades/haarcascade_frontalface_alt_tree.xml
-- Installing: /home/suzuki/opencv/3.0/share/OpenCV/haarcascades/haarcascade_lefteye_2splits.xml
-- Installing: /home/suzuki/opencv/3.0/share/OpenCV/haarcascades/haarcascade_frontalface_default.xml
-- Installing: /home/suzuki/opencv/3.0/share/OpenCV/haarcascades/haarcascade_lowerbody.xml
-- Installing: /home/suzuki/opencv/3.0/share/OpenCV/haarcascades/haarcascade_upperbody.xml
-- Installing: /home/suzuki/opencv/3.0/share/OpenCV/haarcascades/haarcascade_fullbody.xml
-- Installing: /home/suzuki/opencv/3.0/share/OpenCV/haarcascades/haarcascade_eye.xml
-- Installing: /home/suzuki/opencv/3.0/share/OpenCV/haarcascades/haarcascade_russian_plate_number.xml
-- Installing: /home/suzuki/opencv/3.0/share/OpenCV/lbpcascades/lbpcascade_frontalface.xml
-- Installing: /home/suzuki/opencv/3.0/share/OpenCV/lbpcascades/lbpcascade_frontalcatface.xml
-- Installing: /home/suzuki/opencv/3.0/share/OpenCV/lbpcascades/lbpcascade_profileface.xml
-- Installing: /home/suzuki/opencv/3.0/share/OpenCV/lbpcascades/lbpcascade_silverware.xml
(cv) suzuki@dynabook:~/opencv/opencv-3.0.0/build$ ls -la ../../3.0/lib/python2.7/site-packages
total 31032
drwxrwxr-x 2 suzuki suzuki     4096  2 26 20:43 .
drwxrwxr-x 3 suzuki suzuki     4096  2 26 20:43 ..
-rw-r--r-- 1 suzuki suzuki 31765248  2 26 20:42 cv2.so
(cv) suzuki@dynabook:~/opencv/opencv-3.0.0/build$ 

