(cv) suzuki@dynabook:~/opencv/opencv-3.4.0/build$ cmake -D CMAKE_BUILD_TYPE=RELEASE -D BUILD_SHARED_LIBS=NO -D BUILD_opencv_python2=ON -D BUILD_opencv_python3=ON -D BUILD_opencv_ml=OFF -D BUILD_opencv_flann=OFF -D BUILD_opencv_features2d=OFF -D BUILD_opencv_photo=OFF -D BUILD_opencv_objdetect=OFF -D BUILD_opencv_video=OFF -D BUILD_opencv_videoio=OFF -D BUILD_opencv_ts=OFF -D BUILD_opencv_calib3d=OFF -D BUILD_opencv_dnn=OFF -D BUILD_opencv_highgui=OFF -D CMAKE_INSTALL_PREFIX=/home/suzuki/opencv/3.4-1 ..
-- The CXX compiler identification is GNU 5.4.0
-- The C compiler identification is GNU 5.4.0
-- Check for working CXX compiler: /usr/bin/c++
-- Check for working CXX compiler: /usr/bin/c++ -- works
-- Detecting CXX compiler ABI info
-- Detecting CXX compiler ABI info - done
-- Detecting CXX compile features
-- Detecting CXX compile features - done
-- Check for working C compiler: /usr/bin/cc
-- Check for working C compiler: /usr/bin/cc -- works
-- Detecting C compiler ABI info
-- Detecting C compiler ABI info - done
-- Detecting C compile features
-- Detecting C compile features - done
-- Performing Test HAVE_CXX11 (check file: cmake/checks/cxx11.cpp)
-- Performing Test HAVE_CXX11 - Failed
-- Found PythonInterp: /home/suzuki/anaconda3/envs/cv/bin/python2.7 (found suitable version "2.7.14", minimum required is "2.7") 
-- Found PythonLibs: /usr/lib/x86_64-linux-gnu/libpython2.7.so (found suitable exact version "2.7.14") 
-- Found PythonInterp: /home/suzuki/anaconda3/bin/python3 (found suitable version "3.6.4", minimum required is "3.4") 
-- Could NOT find PythonLibs (missing:  PYTHON_LIBRARIES PYTHON_INCLUDE_DIRS) (Required is exact version "3.6.4")
-- Looking for ccache - not found
-- Performing Test HAVE_CXX_FSIGNED_CHAR
-- Performing Test HAVE_CXX_FSIGNED_CHAR - Success
-- Performing Test HAVE_C_FSIGNED_CHAR
-- Performing Test HAVE_C_FSIGNED_CHAR - Success
-- Performing Test HAVE_CXX_W
-- Performing Test HAVE_CXX_W - Success
-- Performing Test HAVE_C_W
-- Performing Test HAVE_C_W - Success
-- Performing Test HAVE_CXX_WALL
-- Performing Test HAVE_CXX_WALL - Success
-- Performing Test HAVE_C_WALL
-- Performing Test HAVE_C_WALL - Success
-- Performing Test HAVE_CXX_WERROR_RETURN_TYPE
-- Performing Test HAVE_CXX_WERROR_RETURN_TYPE - Success
-- Performing Test HAVE_C_WERROR_RETURN_TYPE
-- Performing Test HAVE_C_WERROR_RETURN_TYPE - Success
-- Performing Test HAVE_CXX_WERROR_NON_VIRTUAL_DTOR
-- Performing Test HAVE_CXX_WERROR_NON_VIRTUAL_DTOR - Success
-- Performing Test HAVE_C_WERROR_NON_VIRTUAL_DTOR
-- Performing Test HAVE_C_WERROR_NON_VIRTUAL_DTOR - Success
-- Performing Test HAVE_CXX_WERROR_ADDRESS
-- Performing Test HAVE_CXX_WERROR_ADDRESS - Success
-- Performing Test HAVE_C_WERROR_ADDRESS
-- Performing Test HAVE_C_WERROR_ADDRESS - Success
-- Performing Test HAVE_CXX_WERROR_SEQUENCE_POINT
-- Performing Test HAVE_CXX_WERROR_SEQUENCE_POINT - Success
-- Performing Test HAVE_C_WERROR_SEQUENCE_POINT
-- Performing Test HAVE_C_WERROR_SEQUENCE_POINT - Success
-- Performing Test HAVE_CXX_WFORMAT
-- Performing Test HAVE_CXX_WFORMAT - Success
-- Performing Test HAVE_C_WFORMAT
-- Performing Test HAVE_C_WFORMAT - Success
-- Performing Test HAVE_CXX_WERROR_FORMAT_SECURITY
-- Performing Test HAVE_CXX_WERROR_FORMAT_SECURITY - Success
-- Performing Test HAVE_C_WERROR_FORMAT_SECURITY
-- Performing Test HAVE_C_WERROR_FORMAT_SECURITY - Success
-- Performing Test HAVE_CXX_WMISSING_DECLARATIONS
-- Performing Test HAVE_CXX_WMISSING_DECLARATIONS - Success
-- Performing Test HAVE_C_WMISSING_DECLARATIONS
-- Performing Test HAVE_C_WMISSING_DECLARATIONS - Success
-- Performing Test HAVE_CXX_WMISSING_PROTOTYPES
-- Performing Test HAVE_CXX_WMISSING_PROTOTYPES - Failed
-- Performing Test HAVE_C_WMISSING_PROTOTYPES
-- Performing Test HAVE_C_WMISSING_PROTOTYPES - Success
-- Performing Test HAVE_CXX_WSTRICT_PROTOTYPES
-- Performing Test HAVE_CXX_WSTRICT_PROTOTYPES - Failed
-- Performing Test HAVE_C_WSTRICT_PROTOTYPES
-- Performing Test HAVE_C_WSTRICT_PROTOTYPES - Success
-- Performing Test HAVE_CXX_WUNDEF
-- Performing Test HAVE_CXX_WUNDEF - Success
-- Performing Test HAVE_C_WUNDEF
-- Performing Test HAVE_C_WUNDEF - Success
-- Performing Test HAVE_CXX_WINIT_SELF
-- Performing Test HAVE_CXX_WINIT_SELF - Success
-- Performing Test HAVE_C_WINIT_SELF
-- Performing Test HAVE_C_WINIT_SELF - Success
-- Performing Test HAVE_CXX_WPOINTER_ARITH
-- Performing Test HAVE_CXX_WPOINTER_ARITH - Success
-- Performing Test HAVE_C_WPOINTER_ARITH
-- Performing Test HAVE_C_WPOINTER_ARITH - Success
-- Performing Test HAVE_CXX_WSHADOW
-- Performing Test HAVE_CXX_WSHADOW - Success
-- Performing Test HAVE_C_WSHADOW
-- Performing Test HAVE_C_WSHADOW - Success
-- Performing Test HAVE_CXX_WSIGN_PROMO
-- Performing Test HAVE_CXX_WSIGN_PROMO - Success
-- Performing Test HAVE_C_WSIGN_PROMO
-- Performing Test HAVE_C_WSIGN_PROMO - Failed
-- Performing Test HAVE_CXX_WUNINITIALIZED
-- Performing Test HAVE_CXX_WUNINITIALIZED - Success
-- Performing Test HAVE_C_WUNINITIALIZED
-- Performing Test HAVE_C_WUNINITIALIZED - Success
-- Performing Test HAVE_CXX_WNO_NARROWING
-- Performing Test HAVE_CXX_WNO_NARROWING - Success
-- Performing Test HAVE_C_WNO_NARROWING
-- Performing Test HAVE_C_WNO_NARROWING - Success
-- Performing Test HAVE_CXX_WNO_DELETE_NON_VIRTUAL_DTOR
-- Performing Test HAVE_CXX_WNO_DELETE_NON_VIRTUAL_DTOR - Success
-- Performing Test HAVE_C_WNO_DELETE_NON_VIRTUAL_DTOR
-- Performing Test HAVE_C_WNO_DELETE_NON_VIRTUAL_DTOR - Failed
-- Performing Test HAVE_CXX_WNO_UNNAMED_TYPE_TEMPLATE_ARGS
-- Performing Test HAVE_CXX_WNO_UNNAMED_TYPE_TEMPLATE_ARGS - Failed
-- Performing Test HAVE_C_WNO_UNNAMED_TYPE_TEMPLATE_ARGS
-- Performing Test HAVE_C_WNO_UNNAMED_TYPE_TEMPLATE_ARGS - Failed
-- Performing Test HAVE_CXX_WNO_COMMENT
-- Performing Test HAVE_CXX_WNO_COMMENT - Success
-- Performing Test HAVE_C_WNO_COMMENT
-- Performing Test HAVE_C_WNO_COMMENT - Success
-- Performing Test HAVE_CXX_WNO_IMPLICIT_FALLTHROUGH
-- Performing Test HAVE_CXX_WNO_IMPLICIT_FALLTHROUGH - Failed
-- Performing Test HAVE_C_WNO_IMPLICIT_FALLTHROUGH
-- Performing Test HAVE_C_WNO_IMPLICIT_FALLTHROUGH - Failed
-- Performing Test HAVE_CXX_FDIAGNOSTICS_SHOW_OPTION
-- Performing Test HAVE_CXX_FDIAGNOSTICS_SHOW_OPTION - Success
-- Performing Test HAVE_C_FDIAGNOSTICS_SHOW_OPTION
-- Performing Test HAVE_C_FDIAGNOSTICS_SHOW_OPTION - Success
-- Performing Test HAVE_CXX_WNO_LONG_LONG
-- Performing Test HAVE_CXX_WNO_LONG_LONG - Success
-- Performing Test HAVE_C_WNO_LONG_LONG
-- Performing Test HAVE_C_WNO_LONG_LONG - Success
-- Performing Test HAVE_CXX_PTHREAD
-- Performing Test HAVE_CXX_PTHREAD - Success
-- Performing Test HAVE_C_PTHREAD
-- Performing Test HAVE_C_PTHREAD - Success
-- Performing Test HAVE_CXX_FOMIT_FRAME_POINTER
-- Performing Test HAVE_CXX_FOMIT_FRAME_POINTER - Success
-- Performing Test HAVE_C_FOMIT_FRAME_POINTER
-- Performing Test HAVE_C_FOMIT_FRAME_POINTER - Success
-- Performing Test HAVE_CXX_FFUNCTION_SECTIONS
-- Performing Test HAVE_CXX_FFUNCTION_SECTIONS - Success
-- Performing Test HAVE_C_FFUNCTION_SECTIONS
-- Performing Test HAVE_C_FFUNCTION_SECTIONS - Success
-- Performing Test HAVE_CXX_FDATA_SECTIONS
-- Performing Test HAVE_CXX_FDATA_SECTIONS - Success
-- Performing Test HAVE_C_FDATA_SECTIONS
-- Performing Test HAVE_C_FDATA_SECTIONS - Success
-- Performing Test HAVE_CXX_MSSE (check file: cmake/checks/cpu_sse.cpp)
-- Performing Test HAVE_CXX_MSSE - Success
-- Performing Test HAVE_CXX_MSSE2 (check file: cmake/checks/cpu_sse2.cpp)
-- Performing Test HAVE_CXX_MSSE2 - Success
-- Performing Test HAVE_CXX_MSSE3 (check file: cmake/checks/cpu_sse3.cpp)
-- Performing Test HAVE_CXX_MSSE3 - Success
-- Performing Test HAVE_CXX_MSSSE3 (check file: cmake/checks/cpu_ssse3.cpp)
-- Performing Test HAVE_CXX_MSSSE3 - Success
-- Performing Test HAVE_CXX_MSSE4_1 (check file: cmake/checks/cpu_sse41.cpp)
-- Performing Test HAVE_CXX_MSSE4_1 - Success
-- Performing Test HAVE_CXX_MPOPCNT (check file: cmake/checks/cpu_popcnt.cpp)
-- Performing Test HAVE_CXX_MPOPCNT - Success
-- Performing Test HAVE_CXX_MSSE4_2 (check file: cmake/checks/cpu_sse42.cpp)
-- Performing Test HAVE_CXX_MSSE4_2 - Success
-- Performing Test HAVE_CXX_MF16C (check file: cmake/checks/cpu_fp16.cpp)
-- Performing Test HAVE_CXX_MF16C - Success
-- Performing Test HAVE_CXX_MFMA
-- Performing Test HAVE_CXX_MFMA - Success
-- Performing Test HAVE_CXX_MAVX (check file: cmake/checks/cpu_avx.cpp)
-- Performing Test HAVE_CXX_MAVX - Success
-- Performing Test HAVE_CXX_MAVX2 (check file: cmake/checks/cpu_avx2.cpp)
-- Performing Test HAVE_CXX_MAVX2 - Success
-- Performing Test HAVE_CPU_BASELINE_FLAGS
-- Performing Test HAVE_CPU_BASELINE_FLAGS - Success
-- Performing Test HAVE_CPU_DISPATCH_FLAGS_SSE4_1
-- Performing Test HAVE_CPU_DISPATCH_FLAGS_SSE4_1 - Success
-- Performing Test HAVE_CPU_DISPATCH_FLAGS_SSE4_2
-- Performing Test HAVE_CPU_DISPATCH_FLAGS_SSE4_2 - Success
-- Performing Test HAVE_CPU_DISPATCH_FLAGS_FP16
-- Performing Test HAVE_CPU_DISPATCH_FLAGS_FP16 - Success
-- Performing Test HAVE_CPU_DISPATCH_FLAGS_AVX
-- Performing Test HAVE_CPU_DISPATCH_FLAGS_AVX - Success
-- Performing Test HAVE_CPU_DISPATCH_FLAGS_AVX2
-- Performing Test HAVE_CPU_DISPATCH_FLAGS_AVX2 - Success
-- Performing Test HAVE_CXX_FVISIBILITY_HIDDEN
-- Performing Test HAVE_CXX_FVISIBILITY_HIDDEN - Success
-- Performing Test HAVE_C_FVISIBILITY_HIDDEN
-- Performing Test HAVE_C_FVISIBILITY_HIDDEN - Success
-- Performing Test HAVE_CXX_FVISIBILITY_INLINES_HIDDEN
-- Performing Test HAVE_CXX_FVISIBILITY_INLINES_HIDDEN - Success
-- Performing Test HAVE_C_FVISIBILITY_INLINES_HIDDEN
-- Performing Test HAVE_C_FVISIBILITY_INLINES_HIDDEN - Failed
-- Looking for pthread.h
-- Looking for pthread.h - found
-- Looking for posix_memalign
-- Looking for posix_memalign - found
-- Looking for malloc.h
-- Looking for malloc.h - found
-- Looking for memalign
-- Looking for memalign - found
-- Check if the system is big endian
-- Searching 16 bit integer
-- Looking for sys/types.h
-- Looking for sys/types.h - found
-- Looking for stdint.h
-- Looking for stdint.h - found
-- Looking for stddef.h
-- Looking for stddef.h - found
-- Check size of unsigned short
-- Check size of unsigned short - done
-- Using unsigned short
-- Check if the system is big endian - little endian
-- Found ZLIB: /home/suzuki/anaconda3/envs/cv/lib/libz.so (found suitable version "1.2.11", minimum required is "1.2.3") 
-- Found JPEG: /home/suzuki/anaconda3/lib/libjpeg.so  
-- Found TIFF: /home/suzuki/anaconda3/lib/libtiff.so (found version "4.0.9") 
-- Performing Test HAVE_C_WNO_UNUSED_VARIABLE
-- Performing Test HAVE_C_WNO_UNUSED_VARIABLE - Success
-- Performing Test HAVE_C_WNO_UNUSED_FUNCTION
-- Performing Test HAVE_C_WNO_UNUSED_FUNCTION - Success
-- Performing Test HAVE_C_WNO_SHADOW
-- Performing Test HAVE_C_WNO_SHADOW - Success
-- Performing Test HAVE_C_WNO_MAYBE_UNINITIALIZED
-- Performing Test HAVE_C_WNO_MAYBE_UNINITIALIZED - Success
-- Performing Test HAVE_C_WNO_MISSING_PROTOTYPES
-- Performing Test HAVE_C_WNO_MISSING_PROTOTYPES - Success
-- Performing Test HAVE_C_WNO_MISSING_DECLARATIONS
-- Performing Test HAVE_C_WNO_MISSING_DECLARATIONS - Success
-- Could NOT find Jasper (missing:  JASPER_LIBRARIES JASPER_INCLUDE_DIR) 
-- Performing Test HAVE_C_WNO_IMPLICIT_FUNCTION_DECLARATION
-- Performing Test HAVE_C_WNO_IMPLICIT_FUNCTION_DECLARATION - Success
-- Performing Test HAVE_C_WNO_UNINITIALIZED
-- Performing Test HAVE_C_WNO_UNINITIALIZED - Success
-- Performing Test HAVE_C_WNO_UNUSED_BUT_SET_PARAMETER
-- Performing Test HAVE_C_WNO_UNUSED_BUT_SET_PARAMETER - Success
-- Performing Test HAVE_C_WNO_UNUSED
-- Performing Test HAVE_C_WNO_UNUSED - Success
-- Performing Test HAVE_C_WNO_SIGN_COMPARE
-- Performing Test HAVE_C_WNO_SIGN_COMPARE - Success
-- Performing Test HAVE_C_WNO_STRICT_OVERFLOW
-- Performing Test HAVE_C_WNO_STRICT_OVERFLOW - Success
-- Performing Test HAVE_C_WNO_POINTER_COMPARE
-- Performing Test HAVE_C_WNO_POINTER_COMPARE - Failed
-- Performing Test HAVE_C_WNO_ABSOLUTE_VALUE
-- Performing Test HAVE_C_WNO_ABSOLUTE_VALUE - Failed
-- Performing Test HAVE_C_WNO_UNUSED_PARAMETER
-- Performing Test HAVE_C_WNO_UNUSED_PARAMETER - Success
-- Performing Test HAVE_C_WNO_STRICT_PROTOTYPES
-- Performing Test HAVE_C_WNO_STRICT_PROTOTYPES - Success
-- Found ZLIB: /home/suzuki/anaconda3/envs/cv/lib/libz.so (found version "1.2.11") 
-- Found PNG: /home/suzuki/anaconda3/lib/libpng.so (found version "1.6.34") 
-- Looking for /home/suzuki/anaconda3/include/libpng/png.h
-- Looking for /home/suzuki/anaconda3/include/libpng/png.h - not found
-- Looking for semaphore.h
-- Looking for semaphore.h - found
-- Performing Test HAVE_CXX_WNO_SHADOW
-- Performing Test HAVE_CXX_WNO_SHADOW - Success
-- Performing Test HAVE_CXX_WNO_UNUSED
-- Performing Test HAVE_CXX_WNO_UNUSED - Success
-- Performing Test HAVE_CXX_WNO_SIGN_COMPARE
-- Performing Test HAVE_CXX_WNO_SIGN_COMPARE - Success
-- Performing Test HAVE_CXX_WNO_UNDEF
-- Performing Test HAVE_CXX_WNO_UNDEF - Success
-- Performing Test HAVE_CXX_WNO_MISSING_DECLARATIONS
-- Performing Test HAVE_CXX_WNO_MISSING_DECLARATIONS - Success
-- Performing Test HAVE_CXX_WNO_UNINITIALIZED
-- Performing Test HAVE_CXX_WNO_UNINITIALIZED - Success
-- Performing Test HAVE_CXX_WNO_SWITCH
-- Performing Test HAVE_CXX_WNO_SWITCH - Success
-- Performing Test HAVE_CXX_WNO_PARENTHESES
-- Performing Test HAVE_CXX_WNO_PARENTHESES - Success
-- Performing Test HAVE_CXX_WNO_ARRAY_BOUNDS
-- Performing Test HAVE_CXX_WNO_ARRAY_BOUNDS - Success
-- Performing Test HAVE_CXX_WNO_EXTRA
-- Performing Test HAVE_CXX_WNO_EXTRA - Success
-- Performing Test HAVE_CXX_WNO_DEPRECATED_DECLARATIONS
-- Performing Test HAVE_CXX_WNO_DEPRECATED_DECLARATIONS - Success
-- Performing Test HAVE_CXX_WNO_MISLEADING_INDENTATION
-- Performing Test HAVE_CXX_WNO_MISLEADING_INDENTATION - Failed
-- Performing Test HAVE_CXX_WNO_DEPRECATED
-- Performing Test HAVE_CXX_WNO_DEPRECATED - Success
-- Checking for module 'gtk+-3.0'
--   No package 'gtk+-3.0' found
-- Checking for module 'gtk+-2.0'
--   No package 'gtk+-2.0' found
-- Checking for module 'gthread-2.0'
--   No package 'gthread-2.0' found
-- Checking for module 'gstreamer-base-1.0'
--   No package 'gstreamer-base-1.0' found
-- Checking for module 'gstreamer-video-1.0'
--   No package 'gstreamer-video-1.0' found
-- Checking for module 'gstreamer-app-1.0'
--   No package 'gstreamer-app-1.0' found
-- Checking for module 'gstreamer-riff-1.0'
--   No package 'gstreamer-riff-1.0' found
-- Checking for module 'gstreamer-pbutils-1.0'
--   No package 'gstreamer-pbutils-1.0' found
-- Checking for module 'gstreamer-base-0.10'
--   No package 'gstreamer-base-0.10' found
-- Checking for module 'gstreamer-video-0.10'
--   No package 'gstreamer-video-0.10' found
-- Checking for module 'gstreamer-app-0.10'
--   No package 'gstreamer-app-0.10' found
-- Checking for module 'gstreamer-riff-0.10'
--   No package 'gstreamer-riff-0.10' found
-- Checking for module 'gstreamer-pbutils-0.10'
--   No package 'gstreamer-pbutils-0.10' found
-- Checking for module 'libdc1394-2'
--   No package 'libdc1394-2' found
-- Checking for module 'libdc1394'
--   No package 'libdc1394' found
-- Looking for linux/videodev.h
-- Looking for linux/videodev.h - not found
-- Looking for linux/videodev2.h
-- Looking for linux/videodev2.h - found
-- Looking for sys/videoio.h
-- Looking for sys/videoio.h - not found
-- Checking for modules 'libavcodec;libavformat;libavutil;libswscale'
--   No package 'libavcodec' found
--   No package 'libavformat' found
--   No package 'libavutil' found
--   No package 'libswscale' found
-- Checking for module 'libavresample'
--   No package 'libavresample' found
-- Checking for module 'libgphoto2'
--   No package 'libgphoto2' found
-- IPPICV: Download: ippicv_2017u3_lnx_intel64_general_20170822.tgz
-- found Intel IPP (ICV version): 2017.0.3 [2017.0.3]
-- at: /home/suzuki/opencv/opencv-3.4.0/build/3rdparty/ippicv/ippicv_lnx
-- found Intel IPP IW sources: 2017.0.3
-- at: /home/suzuki/opencv/opencv-3.4.0/build/3rdparty/ippicv/ippiw_lnx
-- Could not find OpenBLAS include. Turning OpenBLAS_FOUND off
-- Could not find OpenBLAS lib. Turning OpenBLAS_FOUND off
-- Could NOT find Atlas (missing:  Atlas_CBLAS_INCLUDE_DIR Atlas_CLAPACK_INCLUDE_DIR Atlas_CBLAS_LIBRARY Atlas_BLAS_LIBRARY Atlas_LAPACK_LIBRARY) 
-- Looking for pthread.h
-- Looking for pthread.h - found
-- Looking for pthread_create
-- Looking for pthread_create - found
-- Found Threads: TRUE  
-- Looking for sgemm_
-- Looking for sgemm_ - found
-- A library with BLAS API found.
-- Looking for cheev_
-- Looking for cheev_ - found
-- A library with LAPACK API found.
-- Could NOT find Doxygen (missing:  DOXYGEN_EXECUTABLE) 
-- Could NOT find JNI (missing:  JAVA_AWT_LIBRARY JAVA_JVM_LIBRARY JAVA_INCLUDE_PATH JAVA_INCLUDE_PATH2 JAVA_AWT_INCLUDE_PATH) 
-- Found Pylint: /home/suzuki/anaconda3/bin/pylint  
-- Could NOT find Matlab (missing:  MATLAB_MEX_SCRIPT MATLAB_INCLUDE_DIRS MATLAB_ROOT_DIR MATLAB_LIBRARIES MATLAB_LIBRARY_DIRS MATLAB_MEXEXT MATLAB_ARCH MATLAB_BIN) 
-- VTK is not found. Please set -DVTK_DIR in CMake to VTK build directory, or to VTK install subdirectory with VTKConfig.cmake file
-- Looking for dlerror in dl
-- Looking for dlerror in dl - found
-- Performing Test HAVE_C_WNO_UNDEF
-- Performing Test HAVE_C_WNO_UNDEF - Success
-- Module opencv_shape disabled because opencv_video dependency can't be resolved!
-- Module opencv_stitching disabled because opencv_features2d dependency can't be resolved!
-- Module opencv_superres disabled because opencv_video dependency can't be resolved!
-- Module opencv_videostab disabled because opencv_features2d dependency can't be resolved!
-- Excluding from source files list: /home/suzuki/opencv/opencv-3.4.0/build/modules/imgproc/accum.neon.cpp
-- Performing Test HAVE_CXX_WNO_OVERLOADED_VIRTUAL
-- Performing Test HAVE_CXX_WNO_OVERLOADED_VIRTUAL - Success
-- Performing Test HAVE_CXX_WNO_UNUSED_PRIVATE_FIELD
-- Performing Test HAVE_CXX_WNO_UNUSED_PRIVATE_FIELD - Failed
-- Pylint: registered 113 targets. Build 'check_pylint' target to run checks ("cmake --build . --target check_pylint" or "make check_pylint")
-- 
-- General configuration for OpenCV 3.4.0 =====================================
--   Version control:               unknown
-- 
--   Platform:
--     Timestamp:                   2018-02-25T15:03:59Z
--     Host:                        Linux 4.13.0-36-generic x86_64
--     CMake:                       3.5.1
--     CMake generator:             Unix Makefiles
--     CMake build tool:            /usr/bin/make
--     Configuration:               RELEASE
-- 
--   CPU/HW features:
--     Baseline:                    SSE SSE2 SSE3
--       requested:                 SSE3
--     Dispatched code generation:  SSE4_1 SSE4_2 FP16 AVX AVX2
--       requested:                 SSE4_1 SSE4_2 AVX FP16 AVX2
--       SSE4_1 (3 files):          + SSSE3 SSE4_1
--       SSE4_2 (1 files):          + SSSE3 SSE4_1 POPCNT SSE4_2
--       FP16 (1 files):            + SSSE3 SSE4_1 POPCNT SSE4_2 FP16 AVX
--       AVX (3 files):             + SSSE3 SSE4_1 POPCNT SSE4_2 AVX
--       AVX2 (7 files):            + SSSE3 SSE4_1 POPCNT SSE4_2 FP16 FMA3 AVX AVX2
-- 
--   C/C++:
--     Built as dynamic libs?:      NO
--     C++ Compiler:                /usr/bin/c++  (ver 5.4.0)
--     C++ flags (Release):         -fsigned-char -W -Wall -Werror=return-type -Werror=non-virtual-dtor -Werror=address -Werror=sequence-point -Wformat -Werror=format-security -Wmissing-declarations -Wundef -Winit-self -Wpointer-arith -Wshadow -Wsign-promo -Wuninitialized -Winit-self -Wno-narrowing -Wno-delete-non-virtual-dtor -Wno-comment -fdiagnostics-show-option -Wno-long-long -pthread -fomit-frame-pointer -ffunction-sections -fdata-sections  -msse -msse2 -msse3 -fvisibility=hidden -fvisibility-inlines-hidden -O3 -DNDEBUG  -DNDEBUG
--     C++ flags (Debug):           -fsigned-char -W -Wall -Werror=return-type -Werror=non-virtual-dtor -Werror=address -Werror=sequence-point -Wformat -Werror=format-security -Wmissing-declarations -Wundef -Winit-self -Wpointer-arith -Wshadow -Wsign-promo -Wuninitialized -Winit-self -Wno-narrowing -Wno-delete-non-virtual-dtor -Wno-comment -fdiagnostics-show-option -Wno-long-long -pthread -fomit-frame-pointer -ffunction-sections -fdata-sections  -msse -msse2 -msse3 -fvisibility=hidden -fvisibility-inlines-hidden -g  -O0 -DDEBUG -D_DEBUG
--     C Compiler:                  /usr/bin/cc
--     C flags (Release):           -fsigned-char -W -Wall -Werror=return-type -Werror=non-virtual-dtor -Werror=address -Werror=sequence-point -Wformat -Werror=format-security -Wmissing-declarations -Wmissing-prototypes -Wstrict-prototypes -Wundef -Winit-self -Wpointer-arith -Wshadow -Wuninitialized -Winit-self -Wno-narrowing -Wno-comment -fdiagnostics-show-option -Wno-long-long -pthread -fomit-frame-pointer -ffunction-sections -fdata-sections  -msse -msse2 -msse3 -fvisibility=hidden -O3 -DNDEBUG  -DNDEBUG
--     C flags (Debug):             -fsigned-char -W -Wall -Werror=return-type -Werror=non-virtual-dtor -Werror=address -Werror=sequence-point -Wformat -Werror=format-security -Wmissing-declarations -Wmissing-prototypes -Wstrict-prototypes -Wundef -Winit-self -Wpointer-arith -Wshadow -Wuninitialized -Winit-self -Wno-narrowing -Wno-comment -fdiagnostics-show-option -Wno-long-long -pthread -fomit-frame-pointer -ffunction-sections -fdata-sections  -msse -msse2 -msse3 -fvisibility=hidden -g  -O0 -DDEBUG -D_DEBUG
--     Linker flags (Release):
--     Linker flags (Debug):
--     ccache:                      NO
--     Precompiled headers:         YES
--     Extra dependencies:          /home/suzuki/anaconda3/lib/libjpeg.so /home/suzuki/anaconda3/lib/libpng.so /home/suzuki/anaconda3/envs/cv/lib/libz.so /home/suzuki/anaconda3/lib/libtiff.so dl m pthread rt
--     3rdparty dependencies:       ittnotify libwebp libjasper IlmImf ippiw ippicv
-- 
--   OpenCV modules:
--     To be built:                 core imgcodecs imgproc python2 python_bindings_generator
--     Disabled:                    calib3d features2d flann highgui js ml objdetect photo ts video videoio world
--     Disabled by dependency:      shape stitching superres videostab
--     Unavailable:                 cudaarithm cudabgsegm cudacodec cudafeatures2d cudafilters cudaimgproc cudalegacy cudaobjdetect cudaoptflow cudastereo cudawarping cudev java python3 viz
--     Applications:                apps
--     Documentation:               NO
--     Non-free algorithms:         NO
-- 
--   GUI: 
--     GTK+:                        NO
--     VTK support:                 NO
-- 
--   Media I/O: 
--     ZLib:                        /home/suzuki/anaconda3/envs/cv/lib/libz.so (ver 1.2.11)
--     JPEG:                        /home/suzuki/anaconda3/lib/libjpeg.so (ver 90)
--     WEBP:                        build (ver encoder: 0x020e)
--     PNG:                         /home/suzuki/anaconda3/lib/libpng.so (ver 1.6.34)
--     TIFF:                        /home/suzuki/anaconda3/lib/libtiff.so (ver 42 / 4.0.9)
--     JPEG 2000:                   build (ver 1.900.1)
--     OpenEXR:                     build (ver 1.7.1)
-- 
--   Video I/O:
--     DC1394:                      NO
--     FFMPEG:                      NO
--       avcodec:                   NO
--       avformat:                  NO
--       avutil:                    NO
--       swscale:                   NO
--       avresample:                NO
--     GStreamer:                   NO
--     libv4l/libv4l2:              NO
--     v4l/v4l2:                    linux/videodev2.h
--     gPhoto2:                     NO
-- 
--   Parallel framework:            pthreads
-- 
--   Trace:                         YES (with Intel ITT)
-- 
--   Other third-party libraries:
--     Intel IPP:                   2017.0.3 [2017.0.3]
--            at:                   /home/suzuki/opencv/opencv-3.4.0/build/3rdparty/ippicv/ippicv_lnx
--     Intel IPP IW:                sources (2017.0.3)
--               at:                /home/suzuki/opencv/opencv-3.4.0/build/3rdparty/ippicv/ippiw_lnx
--     Lapack:                      NO
--     Eigen:                       NO
--     Custom HAL:                  NO
-- 
--   NVIDIA CUDA:                   NO
-- 
--   OpenCL:                        YES (no extra features)
--     Include path:                /home/suzuki/opencv/opencv-3.4.0/3rdparty/include/opencl/1.2
--     Link libraries:              Dynamic load
-- 
--   Python 2:
--     Interpreter:                 /home/suzuki/anaconda3/envs/cv/bin/python2.7 (ver 2.7.14)
--     Libraries:                   /usr/lib/x86_64-linux-gnu/libpython2.7.so (ver 2.7.14)
--     numpy:                       /home/suzuki/anaconda3/envs/cv/lib/python2.7/site-packages/numpy/core/include (ver 1.14.1)
--     packages path:               lib/python2.7/site-packages
-- 
--   Python 3:
--     Interpreter:                 /home/suzuki/anaconda3/bin/python3 (ver 3.6.4)
--     Libraries:                   NO
--     numpy:                       /home/suzuki/anaconda3/lib/python3.6/site-packages/numpy/core/include (ver 1.14.0)
--     packages path:               lib/python3.6/site-packages
-- 
--   Python (for build):            /home/suzuki/anaconda3/envs/cv/bin/python2.7
--     Pylint:                      /home/suzuki/anaconda3/bin/pylint (ver: 1.8.2, checks: 113)
-- 
--   Java:
--     ant:                         NO
--     JNI:                         NO
--     Java wrappers:               NO
--     Java tests:                  NO
-- 
--   Matlab:                        NO
-- 
--   Install to:                    /home/suzuki/opencv/3.4-1
-- -----------------------------------------------------------------
-- 
-- Configuring done
-- Generating done
-- Build files have been written to: /home/suzuki/opencv/opencv-3.4.0/build
(cv) suzuki@dynabook:~/opencv/opencv-3.4.0/build$ make
Scanning dependencies of target gen-pkgconfig
[  0%] Generate opencv.pc
[  0%] Built target gen-pkgconfig
Scanning dependencies of target libwebp
[  0%] Building C object 3rdparty/libwebp/CMakeFiles/libwebp.dir/src/dec/webp_dec.c.o
[  0%] Building C object 3rdparty/libwebp/CMakeFiles/libwebp.dir/src/dec/buffer_dec.c.o
[  1%] Building C object 3rdparty/libwebp/CMakeFiles/libwebp.dir/src/dec/tree_dec.c.o
[  1%] Building C object 3rdparty/libwebp/CMakeFiles/libwebp.dir/src/dec/quant_dec.c.o
[  1%] Building C object 3rdparty/libwebp/CMakeFiles/libwebp.dir/src/dec/idec_dec.c.o
[  1%] Building C object 3rdparty/libwebp/CMakeFiles/libwebp.dir/src/dec/frame_dec.c.o
[  2%] Building C object 3rdparty/libwebp/CMakeFiles/libwebp.dir/src/dec/io_dec.c.o
[  2%] Building C object 3rdparty/libwebp/CMakeFiles/libwebp.dir/src/dec/alpha_dec.c.o
[  2%] Building C object 3rdparty/libwebp/CMakeFiles/libwebp.dir/src/dec/vp8_dec.c.o
[  2%] Building C object 3rdparty/libwebp/CMakeFiles/libwebp.dir/src/dec/vp8l_dec.c.o
[  2%] Building C object 3rdparty/libwebp/CMakeFiles/libwebp.dir/src/demux/anim_decode.c.o
[  3%] Building C object 3rdparty/libwebp/CMakeFiles/libwebp.dir/src/demux/demux.c.o
[  3%] Building C object 3rdparty/libwebp/CMakeFiles/libwebp.dir/src/dsp/upsampling.c.o
[  3%] Building C object 3rdparty/libwebp/CMakeFiles/libwebp.dir/src/dsp/rescaler_sse2.c.o
[  3%] Building C object 3rdparty/libwebp/CMakeFiles/libwebp.dir/src/dsp/dec_clip_tables.c.o
[  4%] Building C object 3rdparty/libwebp/CMakeFiles/libwebp.dir/src/dsp/argb_mips_dsp_r2.c.o
[  4%] Building C object 3rdparty/libwebp/CMakeFiles/libwebp.dir/src/dsp/filters_sse2.c.o
[  4%] Building C object 3rdparty/libwebp/CMakeFiles/libwebp.dir/src/dsp/enc_sse41.c.o
[  4%] Building C object 3rdparty/libwebp/CMakeFiles/libwebp.dir/src/dsp/rescaler_mips32.c.o
[  5%] Building C object 3rdparty/libwebp/CMakeFiles/libwebp.dir/src/dsp/argb_sse2.c.o
[  5%] Building C object 3rdparty/libwebp/CMakeFiles/libwebp.dir/src/dsp/upsampling_sse2.c.o
[  5%] Building C object 3rdparty/libwebp/CMakeFiles/libwebp.dir/src/dsp/cost_sse2.c.o
[  5%] Building C object 3rdparty/libwebp/CMakeFiles/libwebp.dir/src/dsp/lossless_neon.c.o
[  6%] Building C object 3rdparty/libwebp/CMakeFiles/libwebp.dir/src/dsp/enc_neon.c.o
[  6%] Building C object 3rdparty/libwebp/CMakeFiles/libwebp.dir/src/dsp/enc_sse2.c.o
[  6%] Building C object 3rdparty/libwebp/CMakeFiles/libwebp.dir/src/dsp/alpha_processing.c.o
[  6%] Building C object 3rdparty/libwebp/CMakeFiles/libwebp.dir/src/dsp/dec_mips_dsp_r2.c.o
[  6%] Building C object 3rdparty/libwebp/CMakeFiles/libwebp.dir/src/dsp/dec.c.o
[  7%] Building C object 3rdparty/libwebp/CMakeFiles/libwebp.dir/src/dsp/rescaler_neon.c.o
[  7%] Building C object 3rdparty/libwebp/CMakeFiles/libwebp.dir/src/dsp/dec_mips32.c.o
[  7%] Building C object 3rdparty/libwebp/CMakeFiles/libwebp.dir/src/dsp/dec_sse41.c.o
[  7%] Building C object 3rdparty/libwebp/CMakeFiles/libwebp.dir/src/dsp/filters_neon.c.o
[  8%] Building C object 3rdparty/libwebp/CMakeFiles/libwebp.dir/src/dsp/yuv_mips32.c.o
[  8%] Building C object 3rdparty/libwebp/CMakeFiles/libwebp.dir/src/dsp/ssim_sse2.c.o
[  8%] Building C object 3rdparty/libwebp/CMakeFiles/libwebp.dir/src/dsp/dec_neon.c.o
[  8%] Building C object 3rdparty/libwebp/CMakeFiles/libwebp.dir/src/dsp/lossless_enc_neon.c.o
[  9%] Building C object 3rdparty/libwebp/CMakeFiles/libwebp.dir/src/dsp/upsampling_msa.c.o
[  9%] Building C object 3rdparty/libwebp/CMakeFiles/libwebp.dir/src/dsp/lossless_sse2.c.o
[  9%] Building C object 3rdparty/libwebp/CMakeFiles/libwebp.dir/src/dsp/argb.c.o
[  9%] Building C object 3rdparty/libwebp/CMakeFiles/libwebp.dir/src/dsp/dec_sse2.c.o
[  9%] Building C object 3rdparty/libwebp/CMakeFiles/libwebp.dir/src/dsp/enc_mips_dsp_r2.c.o
[ 10%] Building C object 3rdparty/libwebp/CMakeFiles/libwebp.dir/src/dsp/alpha_processing_neon.c.o
[ 10%] Building C object 3rdparty/libwebp/CMakeFiles/libwebp.dir/src/dsp/lossless_mips_dsp_r2.c.o
[ 10%] Building C object 3rdparty/libwebp/CMakeFiles/libwebp.dir/src/dsp/rescaler_msa.c.o
[ 10%] Building C object 3rdparty/libwebp/CMakeFiles/libwebp.dir/src/dsp/upsampling_neon.c.o
[ 11%] Building C object 3rdparty/libwebp/CMakeFiles/libwebp.dir/src/dsp/cpu.c.o
[ 11%] Building C object 3rdparty/libwebp/CMakeFiles/libwebp.dir/src/dsp/lossless_enc_mips_dsp_r2.c.o
[ 11%] Building C object 3rdparty/libwebp/CMakeFiles/libwebp.dir/src/dsp/yuv.c.o
[ 11%] Building C object 3rdparty/libwebp/CMakeFiles/libwebp.dir/src/dsp/lossless_enc_sse41.c.o
[ 12%] Building C object 3rdparty/libwebp/CMakeFiles/libwebp.dir/src/dsp/ssim.c.o
[ 12%] Building C object 3rdparty/libwebp/CMakeFiles/libwebp.dir/src/dsp/alpha_processing_sse41.c.o
[ 12%] Building C object 3rdparty/libwebp/CMakeFiles/libwebp.dir/src/dsp/enc.c.o
[ 12%] Building C object 3rdparty/libwebp/CMakeFiles/libwebp.dir/src/dsp/rescaler.c.o
[ 12%] Building C object 3rdparty/libwebp/CMakeFiles/libwebp.dir/src/dsp/lossless_enc_mips32.c.o
[ 13%] Building C object 3rdparty/libwebp/CMakeFiles/libwebp.dir/src/dsp/enc_mips32.c.o
[ 13%] Building C object 3rdparty/libwebp/CMakeFiles/libwebp.dir/src/dsp/cost.c.o
[ 13%] Building C object 3rdparty/libwebp/CMakeFiles/libwebp.dir/src/dsp/enc_avx2.c.o
[ 13%] Building C object 3rdparty/libwebp/CMakeFiles/libwebp.dir/src/dsp/yuv_mips_dsp_r2.c.o
[ 14%] Building C object 3rdparty/libwebp/CMakeFiles/libwebp.dir/src/dsp/lossless_enc_msa.c.o
[ 14%] Building C object 3rdparty/libwebp/CMakeFiles/libwebp.dir/src/dsp/enc_msa.c.o
[ 14%] Building C object 3rdparty/libwebp/CMakeFiles/libwebp.dir/src/dsp/yuv_sse2.c.o
[ 14%] Building C object 3rdparty/libwebp/CMakeFiles/libwebp.dir/src/dsp/alpha_processing_mips_dsp_r2.c.o
[ 15%] Building C object 3rdparty/libwebp/CMakeFiles/libwebp.dir/src/dsp/dec_msa.c.o
[ 15%] Building C object 3rdparty/libwebp/CMakeFiles/libwebp.dir/src/dsp/lossless_enc_sse2.c.o
[ 15%] Building C object 3rdparty/libwebp/CMakeFiles/libwebp.dir/src/dsp/lossless_msa.c.o
[ 15%] Building C object 3rdparty/libwebp/CMakeFiles/libwebp.dir/src/dsp/alpha_processing_sse2.c.o
[ 16%] Building C object 3rdparty/libwebp/CMakeFiles/libwebp.dir/src/dsp/rescaler_mips_dsp_r2.c.o
[ 16%] Building C object 3rdparty/libwebp/CMakeFiles/libwebp.dir/src/dsp/cost_mips32.c.o
[ 16%] Building C object 3rdparty/libwebp/CMakeFiles/libwebp.dir/src/dsp/filters_msa.c.o
[ 16%] Building C object 3rdparty/libwebp/CMakeFiles/libwebp.dir/src/dsp/lossless.c.o
[ 16%] Building C object 3rdparty/libwebp/CMakeFiles/libwebp.dir/src/dsp/lossless_enc.c.o
[ 17%] Building C object 3rdparty/libwebp/CMakeFiles/libwebp.dir/src/dsp/filters_mips_dsp_r2.c.o
[ 17%] Building C object 3rdparty/libwebp/CMakeFiles/libwebp.dir/src/dsp/yuv_neon.c.o
[ 17%] Building C object 3rdparty/libwebp/CMakeFiles/libwebp.dir/src/dsp/cost_mips_dsp_r2.c.o
[ 17%] Building C object 3rdparty/libwebp/CMakeFiles/libwebp.dir/src/dsp/filters.c.o
[ 18%] Building C object 3rdparty/libwebp/CMakeFiles/libwebp.dir/src/dsp/upsampling_mips_dsp_r2.c.o
[ 18%] Building C object 3rdparty/libwebp/CMakeFiles/libwebp.dir/src/enc/picture_enc.c.o
[ 18%] Building C object 3rdparty/libwebp/CMakeFiles/libwebp.dir/src/enc/alpha_enc.c.o
[ 18%] Building C object 3rdparty/libwebp/CMakeFiles/libwebp.dir/src/enc/picture_tools_enc.c.o
[ 19%] Building C object 3rdparty/libwebp/CMakeFiles/libwebp.dir/src/enc/picture_rescale_enc.c.o
[ 19%] Building C object 3rdparty/libwebp/CMakeFiles/libwebp.dir/src/enc/near_lossless_enc.c.o
[ 19%] Building C object 3rdparty/libwebp/CMakeFiles/libwebp.dir/src/enc/predictor_enc.c.o
[ 19%] Building C object 3rdparty/libwebp/CMakeFiles/libwebp.dir/src/enc/backward_references_cost_enc.c.o
[ 19%] Building C object 3rdparty/libwebp/CMakeFiles/libwebp.dir/src/enc/iterator_enc.c.o
[ 20%] Building C object 3rdparty/libwebp/CMakeFiles/libwebp.dir/src/enc/webp_enc.c.o
[ 20%] Building C object 3rdparty/libwebp/CMakeFiles/libwebp.dir/src/enc/tree_enc.c.o
[ 20%] Building C object 3rdparty/libwebp/CMakeFiles/libwebp.dir/src/enc/picture_csp_enc.c.o
[ 20%] Building C object 3rdparty/libwebp/CMakeFiles/libwebp.dir/src/enc/cost_enc.c.o
[ 21%] Building C object 3rdparty/libwebp/CMakeFiles/libwebp.dir/src/enc/token_enc.c.o
[ 21%] Building C object 3rdparty/libwebp/CMakeFiles/libwebp.dir/src/enc/backward_references_enc.c.o
[ 21%] Building C object 3rdparty/libwebp/CMakeFiles/libwebp.dir/src/enc/analysis_enc.c.o
[ 21%] Building C object 3rdparty/libwebp/CMakeFiles/libwebp.dir/src/enc/filter_enc.c.o
[ 22%] Building C object 3rdparty/libwebp/CMakeFiles/libwebp.dir/src/enc/histogram_enc.c.o
[ 22%] Building C object 3rdparty/libwebp/CMakeFiles/libwebp.dir/src/enc/picture_psnr_enc.c.o
[ 22%] Building C object 3rdparty/libwebp/CMakeFiles/libwebp.dir/src/enc/config_enc.c.o
[ 22%] Building C object 3rdparty/libwebp/CMakeFiles/libwebp.dir/src/enc/vp8l_enc.c.o
[ 22%] Building C object 3rdparty/libwebp/CMakeFiles/libwebp.dir/src/enc/quant_enc.c.o
[ 23%] Building C object 3rdparty/libwebp/CMakeFiles/libwebp.dir/src/enc/syntax_enc.c.o
[ 23%] Building C object 3rdparty/libwebp/CMakeFiles/libwebp.dir/src/enc/delta_palettization_enc.c.o
[ 23%] Building C object 3rdparty/libwebp/CMakeFiles/libwebp.dir/src/enc/frame_enc.c.o
[ 23%] Building C object 3rdparty/libwebp/CMakeFiles/libwebp.dir/src/mux/anim_encode.c.o
[ 24%] Building C object 3rdparty/libwebp/CMakeFiles/libwebp.dir/src/mux/muxread.c.o
[ 24%] Building C object 3rdparty/libwebp/CMakeFiles/libwebp.dir/src/mux/muxinternal.c.o
[ 24%] Building C object 3rdparty/libwebp/CMakeFiles/libwebp.dir/src/mux/muxedit.c.o
[ 24%] Building C object 3rdparty/libwebp/CMakeFiles/libwebp.dir/src/utils/utils.c.o
[ 25%] Building C object 3rdparty/libwebp/CMakeFiles/libwebp.dir/src/utils/quant_levels_dec_utils.c.o
[ 25%] Building C object 3rdparty/libwebp/CMakeFiles/libwebp.dir/src/utils/bit_reader_utils.c.o
[ 25%] Building C object 3rdparty/libwebp/CMakeFiles/libwebp.dir/src/utils/huffman_encode_utils.c.o
[ 25%] Building C object 3rdparty/libwebp/CMakeFiles/libwebp.dir/src/utils/bit_writer_utils.c.o
[ 26%] Building C object 3rdparty/libwebp/CMakeFiles/libwebp.dir/src/utils/filters_utils.c.o
[ 26%] Building C object 3rdparty/libwebp/CMakeFiles/libwebp.dir/src/utils/rescaler_utils.c.o
[ 26%] Building C object 3rdparty/libwebp/CMakeFiles/libwebp.dir/src/utils/thread_utils.c.o
[ 26%] Building C object 3rdparty/libwebp/CMakeFiles/libwebp.dir/src/utils/random_utils.c.o
[ 26%] Building C object 3rdparty/libwebp/CMakeFiles/libwebp.dir/src/utils/quant_levels_utils.c.o
[ 27%] Building C object 3rdparty/libwebp/CMakeFiles/libwebp.dir/src/utils/huffman_utils.c.o
[ 27%] Building C object 3rdparty/libwebp/CMakeFiles/libwebp.dir/src/utils/color_cache_utils.c.o
[ 27%] Linking C static library ../lib/liblibwebp.a
[ 27%] Built target libwebp
Scanning dependencies of target libjasper
[ 28%] Building C object 3rdparty/libjasper/CMakeFiles/libjasper.dir/jp2_dec.c.o
[ 28%] Building C object 3rdparty/libjasper/CMakeFiles/libjasper.dir/jas_init.c.o
[ 28%] Building C object 3rdparty/libjasper/CMakeFiles/libjasper.dir/jpc_t1enc.c.o
[ 28%] Building C object 3rdparty/libjasper/CMakeFiles/libjasper.dir/jpc_tsfb.c.o
[ 28%] Building C object 3rdparty/libjasper/CMakeFiles/libjasper.dir/jpc_math.c.o
[ 29%] Building C object 3rdparty/libjasper/CMakeFiles/libjasper.dir/jas_tmr.c.o
[ 29%] Building C object 3rdparty/libjasper/CMakeFiles/libjasper.dir/jpc_t2dec.c.o
[ 29%] Building C object 3rdparty/libjasper/CMakeFiles/libjasper.dir/jpc_tagtree.c.o
[ 29%] Building C object 3rdparty/libjasper/CMakeFiles/libjasper.dir/jpc_bs.c.o
[ 30%] Building C object 3rdparty/libjasper/CMakeFiles/libjasper.dir/jpc_t2enc.c.o
[ 30%] Building C object 3rdparty/libjasper/CMakeFiles/libjasper.dir/jas_getopt.c.o
[ 30%] Building C object 3rdparty/libjasper/CMakeFiles/libjasper.dir/jas_seq.c.o
[ 30%] Building C object 3rdparty/libjasper/CMakeFiles/libjasper.dir/jpc_mqcod.c.o
[ 31%] Building C object 3rdparty/libjasper/CMakeFiles/libjasper.dir/jpc_t1dec.c.o
[ 31%] Building C object 3rdparty/libjasper/CMakeFiles/libjasper.dir/jas_stream.c.o
[ 31%] Building C object 3rdparty/libjasper/CMakeFiles/libjasper.dir/jas_iccdata.c.o
[ 31%] Building C object 3rdparty/libjasper/CMakeFiles/libjasper.dir/jpc_t1cod.c.o
[ 32%] Building C object 3rdparty/libjasper/CMakeFiles/libjasper.dir/jas_malloc.c.o
[ 32%] Building C object 3rdparty/libjasper/CMakeFiles/libjasper.dir/jas_image.c.o
[ 32%] Building C object 3rdparty/libjasper/CMakeFiles/libjasper.dir/jas_version.c.o
[ 32%] Building C object 3rdparty/libjasper/CMakeFiles/libjasper.dir/jpc_cs.c.o
[ 32%] Building C object 3rdparty/libjasper/CMakeFiles/libjasper.dir/jpc_mqenc.c.o
[ 33%] Building C object 3rdparty/libjasper/CMakeFiles/libjasper.dir/jpc_qmfb.c.o
[ 33%] Building C object 3rdparty/libjasper/CMakeFiles/libjasper.dir/jas_debug.c.o
[ 33%] Building C object 3rdparty/libjasper/CMakeFiles/libjasper.dir/jas_tvp.c.o
[ 33%] Building C object 3rdparty/libjasper/CMakeFiles/libjasper.dir/jpc_util.c.o
[ 34%] Building C object 3rdparty/libjasper/CMakeFiles/libjasper.dir/jpc_enc.c.o
[ 34%] Building C object 3rdparty/libjasper/CMakeFiles/libjasper.dir/jpc_mqdec.c.o
[ 34%] Building C object 3rdparty/libjasper/CMakeFiles/libjasper.dir/jp2_cod.c.o
[ 34%] Building C object 3rdparty/libjasper/CMakeFiles/libjasper.dir/jpc_mct.c.o
[ 35%] Building C object 3rdparty/libjasper/CMakeFiles/libjasper.dir/jp2_enc.c.o
[ 35%] Building C object 3rdparty/libjasper/CMakeFiles/libjasper.dir/jas_string.c.o
[ 35%] Building C object 3rdparty/libjasper/CMakeFiles/libjasper.dir/jpc_t2cod.c.o
[ 35%] Building C object 3rdparty/libjasper/CMakeFiles/libjasper.dir/jas_icc.c.o
[ 35%] Building C object 3rdparty/libjasper/CMakeFiles/libjasper.dir/jpc_dec.c.o
[ 36%] Building C object 3rdparty/libjasper/CMakeFiles/libjasper.dir/jas_cm.c.o
[ 36%] Linking C static library ../lib/liblibjasper.a
[ 36%] Built target libjasper
Scanning dependencies of target IlmImf
[ 36%] Building CXX object 3rdparty/openexr/CMakeFiles/IlmImf.dir/Half/half.cpp.o
[ 36%] Building CXX object 3rdparty/openexr/CMakeFiles/IlmImf.dir/Iex/IexThrowErrnoExc.cpp.o
[ 36%] Building CXX object 3rdparty/openexr/CMakeFiles/IlmImf.dir/Iex/IexBaseExc.cpp.o
[ 36%] Building CXX object 3rdparty/openexr/CMakeFiles/IlmImf.dir/IlmThread/IlmThreadMutex.cpp.o
[ 37%] Building CXX object 3rdparty/openexr/CMakeFiles/IlmImf.dir/IlmThread/IlmThreadPosix.cpp.o
[ 37%] Building CXX object 3rdparty/openexr/CMakeFiles/IlmImf.dir/IlmThread/IlmThreadSemaphore.cpp.o
[ 37%] Building CXX object 3rdparty/openexr/CMakeFiles/IlmImf.dir/IlmThread/IlmThread.cpp.o
[ 37%] Building CXX object 3rdparty/openexr/CMakeFiles/IlmImf.dir/IlmThread/IlmThreadSemaphorePosix.cpp.o
[ 38%] Building CXX object 3rdparty/openexr/CMakeFiles/IlmImf.dir/IlmThread/IlmThreadSemaphorePosixCompat.cpp.o
[ 38%] Building CXX object 3rdparty/openexr/CMakeFiles/IlmImf.dir/IlmThread/IlmThreadPool.cpp.o
[ 38%] Building CXX object 3rdparty/openexr/CMakeFiles/IlmImf.dir/IlmThread/IlmThreadMutexPosix.cpp.o
[ 38%] Building CXX object 3rdparty/openexr/CMakeFiles/IlmImf.dir/Imath/ImathMatrixAlgo.cpp.o
[ 39%] Building CXX object 3rdparty/openexr/CMakeFiles/IlmImf.dir/Imath/ImathColorAlgo.cpp.o
[ 39%] Building CXX object 3rdparty/openexr/CMakeFiles/IlmImf.dir/Imath/ImathFun.cpp.o
[ 39%] Building CXX object 3rdparty/openexr/CMakeFiles/IlmImf.dir/Imath/ImathRandom.cpp.o
[ 39%] Building CXX object 3rdparty/openexr/CMakeFiles/IlmImf.dir/Imath/ImathVec.cpp.o
[ 39%] Building CXX object 3rdparty/openexr/CMakeFiles/IlmImf.dir/IlmImf/ImfAcesFile.cpp.o
[ 40%] Building CXX object 3rdparty/openexr/CMakeFiles/IlmImf.dir/IlmImf/ImfRationalAttribute.cpp.o
[ 40%] Building CXX object 3rdparty/openexr/CMakeFiles/IlmImf.dir/IlmImf/ImfFloatAttribute.cpp.o
[ 40%] Building CXX object 3rdparty/openexr/CMakeFiles/IlmImf.dir/IlmImf/ImfRgbaFile.cpp.o
[ 40%] Building CXX object 3rdparty/openexr/CMakeFiles/IlmImf.dir/IlmImf/ImfHeader.cpp.o
[ 41%] Building CXX object 3rdparty/openexr/CMakeFiles/IlmImf.dir/IlmImf/ImfLineOrderAttribute.cpp.o
[ 41%] Building CXX object 3rdparty/openexr/CMakeFiles/IlmImf.dir/IlmImf/ImfChannelList.cpp.o
[ 41%] Building CXX object 3rdparty/openexr/CMakeFiles/IlmImf.dir/IlmImf/ImfTimeCodeAttribute.cpp.o
[ 41%] Building CXX object 3rdparty/openexr/CMakeFiles/IlmImf.dir/IlmImf/ImfTiledOutputFile.cpp.o
[ 42%] Building CXX object 3rdparty/openexr/CMakeFiles/IlmImf.dir/IlmImf/ImfOpaqueAttribute.cpp.o
[ 42%] Building CXX object 3rdparty/openexr/CMakeFiles/IlmImf.dir/IlmImf/ImfIntAttribute.cpp.o
[ 42%] Building CXX object 3rdparty/openexr/CMakeFiles/IlmImf.dir/IlmImf/ImfFrameBuffer.cpp.o
[ 42%] Building CXX object 3rdparty/openexr/CMakeFiles/IlmImf.dir/IlmImf/ImfAttribute.cpp.o
[ 42%] Building CXX object 3rdparty/openexr/CMakeFiles/IlmImf.dir/IlmImf/ImfTestFile.cpp.o
[ 43%] Building CXX object 3rdparty/openexr/CMakeFiles/IlmImf.dir/IlmImf/ImfZipCompressor.cpp.o
[ 43%] Building CXX object 3rdparty/openexr/CMakeFiles/IlmImf.dir/IlmImf/ImfTiledMisc.cpp.o
[ 43%] Building CXX object 3rdparty/openexr/CMakeFiles/IlmImf.dir/IlmImf/ImfMatrixAttribute.cpp.o
[ 43%] Building CXX object 3rdparty/openexr/CMakeFiles/IlmImf.dir/IlmImf/ImfOutputFile.cpp.o
[ 44%] Building CXX object 3rdparty/openexr/CMakeFiles/IlmImf.dir/IlmImf/ImfIO.cpp.o
[ 44%] Building CXX object 3rdparty/openexr/CMakeFiles/IlmImf.dir/IlmImf/ImfHuf.cpp.o
[ 44%] Building CXX object 3rdparty/openexr/CMakeFiles/IlmImf.dir/IlmImf/ImfVersion.cpp.o
[ 44%] Building CXX object 3rdparty/openexr/CMakeFiles/IlmImf.dir/IlmImf/ImfKeyCode.cpp.o
[ 45%] Building CXX object 3rdparty/openexr/CMakeFiles/IlmImf.dir/IlmImf/ImfRgbaYca.cpp.o
[ 45%] Building CXX object 3rdparty/openexr/CMakeFiles/IlmImf.dir/IlmImf/ImfStdIO.cpp.o
[ 45%] Building CXX object 3rdparty/openexr/CMakeFiles/IlmImf.dir/IlmImf/ImfChannelListAttribute.cpp.o
[ 45%] Building CXX object 3rdparty/openexr/CMakeFiles/IlmImf.dir/IlmImf/ImfLut.cpp.o
[ 46%] Building CXX object 3rdparty/openexr/CMakeFiles/IlmImf.dir/IlmImf/ImfPreviewImage.cpp.o
[ 46%] Building CXX object 3rdparty/openexr/CMakeFiles/IlmImf.dir/IlmImf/ImfCompressor.cpp.o
[ 46%] Building CXX object 3rdparty/openexr/CMakeFiles/IlmImf.dir/IlmImf/ImfWav.cpp.o
[ 46%] Building CXX object 3rdparty/openexr/CMakeFiles/IlmImf.dir/IlmImf/ImfPizCompressor.cpp.o
[ 46%] Building CXX object 3rdparty/openexr/CMakeFiles/IlmImf.dir/IlmImf/ImfPxr24Compressor.cpp.o
[ 47%] Building CXX object 3rdparty/openexr/CMakeFiles/IlmImf.dir/IlmImf/ImfTiledRgbaFile.cpp.o
[ 47%] Building CXX object 3rdparty/openexr/CMakeFiles/IlmImf.dir/IlmImf/ImfEnvmap.cpp.o
[ 47%] Building CXX object 3rdparty/openexr/CMakeFiles/IlmImf.dir/IlmImf/ImfMultiView.cpp.o
[ 47%] Building CXX object 3rdparty/openexr/CMakeFiles/IlmImf.dir/IlmImf/ImfStringVectorAttribute.cpp.o
[ 48%] Building CXX object 3rdparty/openexr/CMakeFiles/IlmImf.dir/IlmImf/ImfCRgbaFile.cpp.o
[ 48%] Building CXX object 3rdparty/openexr/CMakeFiles/IlmImf.dir/IlmImf/ImfRational.cpp.o
[ 48%] Building CXX object 3rdparty/openexr/CMakeFiles/IlmImf.dir/IlmImf/ImfStringAttribute.cpp.o
[ 48%] Building CXX object 3rdparty/openexr/CMakeFiles/IlmImf.dir/IlmImf/ImfScanLineInputFile.cpp.o
[ 49%] Building CXX object 3rdparty/openexr/CMakeFiles/IlmImf.dir/IlmImf/ImfThreading.cpp.o
[ 49%] Building CXX object 3rdparty/openexr/CMakeFiles/IlmImf.dir/IlmImf/ImfB44Compressor.cpp.o
[ 49%] Building CXX object 3rdparty/openexr/CMakeFiles/IlmImf.dir/IlmImf/ImfBoxAttribute.cpp.o
[ 49%] Building CXX object 3rdparty/openexr/CMakeFiles/IlmImf.dir/IlmImf/ImfDoubleAttribute.cpp.o
[ 49%] Building CXX object 3rdparty/openexr/CMakeFiles/IlmImf.dir/IlmImf/ImfTiledInputFile.cpp.o
[ 50%] Building CXX object 3rdparty/openexr/CMakeFiles/IlmImf.dir/IlmImf/ImfStandardAttributes.cpp.o
[ 50%] Building CXX object 3rdparty/openexr/CMakeFiles/IlmImf.dir/IlmImf/ImfCompressionAttribute.cpp.o
[ 50%] Building CXX object 3rdparty/openexr/CMakeFiles/IlmImf.dir/IlmImf/ImfRleCompressor.cpp.o
[ 50%] Building CXX object 3rdparty/openexr/CMakeFiles/IlmImf.dir/IlmImf/ImfChromaticities.cpp.o
[ 51%] Building CXX object 3rdparty/openexr/CMakeFiles/IlmImf.dir/IlmImf/ImfEnvmapAttribute.cpp.o
[ 51%] Building CXX object 3rdparty/openexr/CMakeFiles/IlmImf.dir/IlmImf/ImfInputFile.cpp.o
[ 51%] Building CXX object 3rdparty/openexr/CMakeFiles/IlmImf.dir/IlmImf/ImfPreviewImageAttribute.cpp.o
[ 51%] Building CXX object 3rdparty/openexr/CMakeFiles/IlmImf.dir/IlmImf/ImfTileOffsets.cpp.o
[ 52%] Building CXX object 3rdparty/openexr/CMakeFiles/IlmImf.dir/IlmImf/ImfTimeCode.cpp.o
[ 52%] Building CXX object 3rdparty/openexr/CMakeFiles/IlmImf.dir/IlmImf/ImfTileDescriptionAttribute.cpp.o
[ 52%] Building CXX object 3rdparty/openexr/CMakeFiles/IlmImf.dir/IlmImf/ImfVecAttribute.cpp.o
[ 52%] Building CXX object 3rdparty/openexr/CMakeFiles/IlmImf.dir/IlmImf/ImfFramesPerSecond.cpp.o
[ 52%] Building CXX object 3rdparty/openexr/CMakeFiles/IlmImf.dir/IlmImf/ImfChromaticitiesAttribute.cpp.o
[ 53%] Building CXX object 3rdparty/openexr/CMakeFiles/IlmImf.dir/IlmImf/ImfKeyCodeAttribute.cpp.o
[ 53%] Building CXX object 3rdparty/openexr/CMakeFiles/IlmImf.dir/IlmImf/ImfMisc.cpp.o
[ 53%] Building CXX object 3rdparty/openexr/CMakeFiles/IlmImf.dir/IlmImf/ImfConvert.cpp.o
[ 53%] Linking CXX static library ../lib/libIlmImf.a
[ 53%] Built target IlmImf
Scanning dependencies of target ippiw
[ 53%] Building C object 3rdparty/ippiw/CMakeFiles/ippiw.dir/src/iw_image_filter_scharr.c.o
[ 54%] Building C object 3rdparty/ippiw/CMakeFiles/ippiw.dir/src/iw_image_op_copy_split.c.o
[ 54%] Building C object 3rdparty/ippiw/CMakeFiles/ippiw.dir/src/iw_image_op_set.c.o
[ 54%] Building C object 3rdparty/ippiw/CMakeFiles/ippiw.dir/src/iw_image_color_convert_rgbs.c.o
[ 54%] Building C object 3rdparty/ippiw/CMakeFiles/ippiw.dir/src/iw_image_filter_gaussian.c.o
[ 55%] Building C object 3rdparty/ippiw/CMakeFiles/ippiw.dir/src/iw_image_op_copy_make_border.c.o
[ 55%] Building C object 3rdparty/ippiw/CMakeFiles/ippiw.dir/src/iw_image.c.o
[ 55%] Building C object 3rdparty/ippiw/CMakeFiles/ippiw.dir/src/iw_image_transform_mirror.c.o
[ 55%] Building C object 3rdparty/ippiw/CMakeFiles/ippiw.dir/src/iw_image_filter_canny.c.o
[ 55%] Building C object 3rdparty/ippiw/CMakeFiles/ippiw.dir/src/iw_image_op_set_channel.c.o
[ 56%] Building C object 3rdparty/ippiw/CMakeFiles/ippiw.dir/src/iw_image_filter_laplacian.c.o
[ 56%] Building C object 3rdparty/ippiw/CMakeFiles/ippiw.dir/src/iw_image_color_convert_all.c.o
[ 56%] Building C object 3rdparty/ippiw/CMakeFiles/ippiw.dir/src/iw_image_op_copy.c.o
[ 56%] Building C object 3rdparty/ippiw/CMakeFiles/ippiw.dir/src/iw_image_op_copy_channel.c.o
[ 57%] Building C object 3rdparty/ippiw/CMakeFiles/ippiw.dir/src/iw_image_filter_general.c.o
[ 57%] Building C object 3rdparty/ippiw/CMakeFiles/ippiw.dir/src/iw_core.c.o
[ 57%] Building C object 3rdparty/ippiw/CMakeFiles/ippiw.dir/src/iw_image_filter_sobel.c.o
[ 57%] Building C object 3rdparty/ippiw/CMakeFiles/ippiw.dir/src/iw_image_transform_rotate.c.o
[ 58%] Building C object 3rdparty/ippiw/CMakeFiles/ippiw.dir/src/iw_image_filter_box.c.o
[ 58%] Building C object 3rdparty/ippiw/CMakeFiles/ippiw.dir/src/iw_image_transform_warpaffine.c.o
[ 58%] Building C object 3rdparty/ippiw/CMakeFiles/ippiw.dir/src/iw_image_op_copy_merge.c.o
[ 58%] Building C object 3rdparty/ippiw/CMakeFiles/ippiw.dir/src/iw_own.c.o
[ 58%] Building C object 3rdparty/ippiw/CMakeFiles/ippiw.dir/src/iw_image_transform_resize.c.o
[ 59%] Building C object 3rdparty/ippiw/CMakeFiles/ippiw.dir/src/iw_image_op_scale.c.o
[ 59%] Building C object 3rdparty/ippiw/CMakeFiles/ippiw.dir/src/iw_image_filter_morphology.c.o
[ 59%] Building C object 3rdparty/ippiw/CMakeFiles/ippiw.dir/src/iw_image_filter_bilateral.c.o
[ 59%] Building C object 3rdparty/ippiw/CMakeFiles/ippiw.dir/src/iw_image_op_swap_channels.c.o
[ 60%] Linking C static library ../lib/libippiw.a
[ 60%] Built target ippiw
Scanning dependencies of target ittnotify
[ 60%] Building C object 3rdparty/ittnotify/CMakeFiles/ittnotify.dir/src/ittnotify/ittnotify_static.c.o
[ 60%] Building C object 3rdparty/ittnotify/CMakeFiles/ittnotify.dir/src/ittnotify/jitprofiling.c.o
[ 60%] Linking C static library ../lib/libittnotify.a
[ 60%] Built target ittnotify
Scanning dependencies of target opencv_core_pch_dephelp
[ 61%] Building CXX object modules/core/CMakeFiles/opencv_core_pch_dephelp.dir/opencv_core_pch_dephelp.cxx.o
[ 61%] Linking CXX static library ../../lib/libopencv_core_pch_dephelp.a
[ 61%] Built target opencv_core_pch_dephelp
Scanning dependencies of target pch_Generate_opencv_core
[ 62%] Generating precomp.hpp
[ 62%] Generating precomp.hpp.gch/opencv_core_RELEASE.gch
[ 62%] Built target pch_Generate_opencv_core
[ 62%] Processing OpenCL kernels (core)
Scanning dependencies of target opencv_core
[ 63%] Building CXX object modules/core/CMakeFiles/opencv_core.dir/src/matrix.cpp.o
[ 63%] Building CXX object modules/core/CMakeFiles/opencv_core.dir/src/cuda_info.cpp.o
[ 63%] Building CXX object modules/core/CMakeFiles/opencv_core.dir/src/mathfuncs_core.dispatch.cpp.o
[ 63%] Building CXX object modules/core/CMakeFiles/opencv_core.dir/src/umatrix.cpp.o
[ 64%] Building CXX object modules/core/CMakeFiles/opencv_core.dir/src/stat.cpp.o
[ 64%] Building CXX object modules/core/CMakeFiles/opencv_core.dir/src/algorithm.cpp.o
[ 64%] Building CXX object modules/core/CMakeFiles/opencv_core.dir/src/system.cpp.o
[ 64%] Building CXX object modules/core/CMakeFiles/opencv_core.dir/src/parallel.cpp.o
[ 64%] Building CXX object modules/core/CMakeFiles/opencv_core.dir/src/mathfuncs.cpp.o
[ 65%] Building CXX object modules/core/CMakeFiles/opencv_core.dir/src/va_intel.cpp.o
[ 65%] Building CXX object modules/core/CMakeFiles/opencv_core.dir/src/trace.cpp.o
[ 65%] Building CXX object modules/core/CMakeFiles/opencv_core.dir/src/matrix_decomp.cpp.o
[ 65%] Building CXX object modules/core/CMakeFiles/opencv_core.dir/src/arithm.cpp.o
[ 66%] Building CXX object modules/core/CMakeFiles/opencv_core.dir/src/kmeans.cpp.o
[ 66%] Building CXX object modules/core/CMakeFiles/opencv_core.dir/src/persistence.cpp.o
[ 66%] Building CXX object modules/core/CMakeFiles/opencv_core.dir/src/downhill_simplex.cpp.o
[ 66%] Building CXX object modules/core/CMakeFiles/opencv_core.dir/src/ovx.cpp.o
[ 67%] Building CXX object modules/core/CMakeFiles/opencv_core.dir/src/types.cpp.o
[ 67%] Building CXX object modules/core/CMakeFiles/opencv_core.dir/src/cuda_gpu_mat.cpp.o
[ 67%] Building CXX object modules/core/CMakeFiles/opencv_core.dir/src/cuda_host_mem.cpp.o
[ 67%] Building CXX object modules/core/CMakeFiles/opencv_core.dir/src/copy.cpp.o
[ 67%] Building CXX object modules/core/CMakeFiles/opencv_core.dir/src/tables.cpp.o
[ 68%] Building CXX object modules/core/CMakeFiles/opencv_core.dir/src/logger.cpp.o
[ 68%] Building CXX object modules/core/CMakeFiles/opencv_core.dir/src/opengl.cpp.o
[ 68%] Building CXX object modules/core/CMakeFiles/opencv_core.dir/src/lda.cpp.o
[ 68%] Building CXX object modules/core/CMakeFiles/opencv_core.dir/src/hal_internal.cpp.o
[ 69%] Building CXX object modules/core/CMakeFiles/opencv_core.dir/src/lpsolver.cpp.o
[ 69%] Building CXX object modules/core/CMakeFiles/opencv_core.dir/src/dxt.cpp.o
[ 69%] Building CXX object modules/core/CMakeFiles/opencv_core.dir/src/split.cpp.o
[ 69%] Building CXX object modules/core/CMakeFiles/opencv_core.dir/src/merge.cpp.o
[ 70%] Building CXX object modules/core/CMakeFiles/opencv_core.dir/src/pca.cpp.o
[ 70%] Building CXX object modules/core/CMakeFiles/opencv_core.dir/src/matop.cpp.o
[ 70%] Building CXX object modules/core/CMakeFiles/opencv_core.dir/src/rand.cpp.o
[ 70%] Building CXX object modules/core/CMakeFiles/opencv_core.dir/src/opencl/runtime/opencl_clamdblas.cpp.o
[ 71%] Building CXX object modules/core/CMakeFiles/opencv_core.dir/src/opencl/runtime/opencl_core.cpp.o
[ 71%] Building CXX object modules/core/CMakeFiles/opencv_core.dir/src/opencl/runtime/opencl_clamdfft.cpp.o
[ 71%] Building CXX object modules/core/CMakeFiles/opencv_core.dir/src/array.cpp.o
[ 71%] Building CXX object modules/core/CMakeFiles/opencv_core.dir/src/conjugate_gradient.cpp.o
[ 71%] Building CXX object modules/core/CMakeFiles/opencv_core.dir/src/stl.cpp.o
[ 72%] Building CXX object modules/core/CMakeFiles/opencv_core.dir/src/matmul.cpp.o
[ 72%] Building CXX object modules/core/CMakeFiles/opencv_core.dir/src/convert.cpp.o
[ 72%] Building CXX object modules/core/CMakeFiles/opencv_core.dir/src/parallel_pthreads.cpp.o
[ 72%] Building CXX object modules/core/CMakeFiles/opencv_core.dir/src/stat.dispatch.cpp.o
[ 73%] Building CXX object modules/core/CMakeFiles/opencv_core.dir/src/directx.cpp.o
[ 73%] Building CXX object modules/core/CMakeFiles/opencv_core.dir/src/softfloat.cpp.o
[ 73%] Building CXX object modules/core/CMakeFiles/opencv_core.dir/src/datastructs.cpp.o
[ 73%] Building CXX object modules/core/CMakeFiles/opencv_core.dir/src/glob.cpp.o
[ 74%] Building CXX object modules/core/CMakeFiles/opencv_core.dir/src/out.cpp.o
[ 74%] Building CXX object modules/core/CMakeFiles/opencv_core.dir/src/gl_core_3_1.cpp.o
[ 74%] Building CXX object modules/core/CMakeFiles/opencv_core.dir/src/cuda_stream.cpp.o
[ 74%] Building CXX object modules/core/CMakeFiles/opencv_core.dir/src/ocl.cpp.o
[ 74%] Building CXX object modules/core/CMakeFiles/opencv_core.dir/src/command_line_parser.cpp.o
[ 75%] Building CXX object modules/core/CMakeFiles/opencv_core.dir/src/utils/filesystem.cpp.o
[ 75%] Building CXX object modules/core/CMakeFiles/opencv_core.dir/src/alloc.cpp.o
[ 75%] Building CXX object modules/core/CMakeFiles/opencv_core.dir/src/lapack.cpp.o
[ 75%] Building CXX object modules/core/CMakeFiles/opencv_core.dir/opencl_kernels_core.cpp.o
[ 76%] Building CXX object modules/core/CMakeFiles/opencv_core.dir/mathfuncs_core.sse2.cpp.o
[ 76%] Building CXX object modules/core/CMakeFiles/opencv_core.dir/src/convert.sse4_1.cpp.o
[ 76%] Building CXX object modules/core/CMakeFiles/opencv_core.dir/stat.sse4_2.cpp.o
[ 76%] Building CXX object modules/core/CMakeFiles/opencv_core.dir/src/convert.fp16.cpp.o
[ 77%] Building CXX object modules/core/CMakeFiles/opencv_core.dir/mathfuncs_core.avx.cpp.o
[ 77%] Building CXX object modules/core/CMakeFiles/opencv_core.dir/src/convert.avx2.cpp.o
[ 77%] Building CXX object modules/core/CMakeFiles/opencv_core.dir/mathfuncs_core.avx2.cpp.o
[ 77%] Building CXX object modules/core/CMakeFiles/opencv_core.dir/stat.avx2.cpp.o
[ 77%] Linking CXX static library ../../lib/libopencv_core.a
[ 77%] Built target opencv_core
Scanning dependencies of target opencv_imgproc_pch_dephelp
[ 77%] Building CXX object modules/imgproc/CMakeFiles/opencv_imgproc_pch_dephelp.dir/opencv_imgproc_pch_dephelp.cxx.o
[ 78%] Linking CXX static library ../../lib/libopencv_imgproc_pch_dephelp.a
[ 78%] Built target opencv_imgproc_pch_dephelp
Scanning dependencies of target pch_Generate_opencv_imgproc
[ 79%] Generating precomp.hpp
[ 79%] Generating precomp.hpp.gch/opencv_imgproc_RELEASE.gch
[ 79%] Built target pch_Generate_opencv_imgproc
[ 79%] Processing OpenCL kernels (imgproc)
Scanning dependencies of target opencv_imgproc
[ 80%] Building CXX object modules/imgproc/CMakeFiles/opencv_imgproc.dir/src/subdivision2d.cpp.o
[ 80%] Building CXX object modules/imgproc/CMakeFiles/opencv_imgproc.dir/src/grabcut.cpp.o
[ 80%] Building CXX object modules/imgproc/CMakeFiles/opencv_imgproc.dir/src/approx.cpp.o
[ 80%] Building CXX object modules/imgproc/CMakeFiles/opencv_imgproc.dir/src/accum.dispatch.cpp.o
[ 80%] Building CXX object modules/imgproc/CMakeFiles/opencv_imgproc.dir/src/imgwarp.cpp.o
[ 81%] Building CXX object modules/imgproc/CMakeFiles/opencv_imgproc.dir/src/rotcalipers.cpp.o
[ 81%] Building CXX object modules/imgproc/CMakeFiles/opencv_imgproc.dir/src/connectedcomponents.cpp.o
[ 81%] Building CXX object modules/imgproc/CMakeFiles/opencv_imgproc.dir/src/min_enclosing_triangle.cpp.o
[ 81%] Building CXX object modules/imgproc/CMakeFiles/opencv_imgproc.dir/src/clahe.cpp.o
[ 82%] Building CXX object modules/imgproc/CMakeFiles/opencv_imgproc.dir/src/histogram.cpp.o
[ 82%] Building CXX object modules/imgproc/CMakeFiles/opencv_imgproc.dir/src/accum.cpp.o
[ 82%] Building CXX object modules/imgproc/CMakeFiles/opencv_imgproc.dir/src/undistort.cpp.o
[ 82%] Building CXX object modules/imgproc/CMakeFiles/opencv_imgproc.dir/src/segmentation.cpp.o
[ 83%] Building CXX object modules/imgproc/CMakeFiles/opencv_imgproc.dir/src/drawing.cpp.o
[ 83%] Building CXX object modules/imgproc/CMakeFiles/opencv_imgproc.dir/src/lsd.cpp.o
[ 83%] Building CXX object modules/imgproc/CMakeFiles/opencv_imgproc.dir/src/smooth.cpp.o
[ 83%] Building CXX object modules/imgproc/CMakeFiles/opencv_imgproc.dir/src/moments.cpp.o
[ 83%] Building CXX object modules/imgproc/CMakeFiles/opencv_imgproc.dir/src/floodfill.cpp.o
[ 84%] Building CXX object modules/imgproc/CMakeFiles/opencv_imgproc.dir/src/sumpixels.cpp.o
[ 84%] Building CXX object modules/imgproc/CMakeFiles/opencv_imgproc.dir/src/canny.cpp.o
[ 84%] Building CXX object modules/imgproc/CMakeFiles/opencv_imgproc.dir/src/geometry.cpp.o
[ 84%] Building CXX object modules/imgproc/CMakeFiles/opencv_imgproc.dir/src/colormap.cpp.o
[ 85%] Building CXX object modules/imgproc/CMakeFiles/opencv_imgproc.dir/src/featureselect.cpp.o
[ 85%] Building CXX object modules/imgproc/CMakeFiles/opencv_imgproc.dir/src/emd.cpp.o
[ 85%] Building CXX object modules/imgproc/CMakeFiles/opencv_imgproc.dir/src/tables.cpp.o
[ 85%] Building CXX object modules/imgproc/CMakeFiles/opencv_imgproc.dir/src/gabor.cpp.o
[ 86%] Building CXX object modules/imgproc/CMakeFiles/opencv_imgproc.dir/src/cornersubpix.cpp.o
[ 86%] Building CXX object modules/imgproc/CMakeFiles/opencv_imgproc.dir/src/blend.cpp.o
[ 86%] Building CXX object modules/imgproc/CMakeFiles/opencv_imgproc.dir/src/morph.cpp.o
[ 86%] Building CXX object modules/imgproc/CMakeFiles/opencv_imgproc.dir/src/color.cpp.o
[ 87%] Building CXX object modules/imgproc/CMakeFiles/opencv_imgproc.dir/src/samplers.cpp.o
[ 87%] Building CXX object modules/imgproc/CMakeFiles/opencv_imgproc.dir/src/demosaicing.cpp.o
[ 87%] Building CXX object modules/imgproc/CMakeFiles/opencv_imgproc.dir/src/contours.cpp.o
[ 87%] Building CXX object modules/imgproc/CMakeFiles/opencv_imgproc.dir/src/generalized_hough.cpp.o
[ 87%] Building CXX object modules/imgproc/CMakeFiles/opencv_imgproc.dir/src/linefit.cpp.o
[ 88%] Building CXX object modules/imgproc/CMakeFiles/opencv_imgproc.dir/src/intersection.cpp.o
[ 88%] Building CXX object modules/imgproc/CMakeFiles/opencv_imgproc.dir/src/distransform.cpp.o
[ 88%] Building CXX object modules/imgproc/CMakeFiles/opencv_imgproc.dir/src/spatialgradient.cpp.o
[ 88%] Building CXX object modules/imgproc/CMakeFiles/opencv_imgproc.dir/src/deriv.cpp.o
[ 89%] Building CXX object modules/imgproc/CMakeFiles/opencv_imgproc.dir/src/main.cpp.o
[ 89%] Building CXX object modules/imgproc/CMakeFiles/opencv_imgproc.dir/src/phasecorr.cpp.o
[ 89%] Building CXX object modules/imgproc/CMakeFiles/opencv_imgproc.dir/src/shapedescr.cpp.o
[ 89%] Building CXX object modules/imgproc/CMakeFiles/opencv_imgproc.dir/src/matchcontours.cpp.o
[ 90%] Building CXX object modules/imgproc/CMakeFiles/opencv_imgproc.dir/src/hough.cpp.o
[ 90%] Building CXX object modules/imgproc/CMakeFiles/opencv_imgproc.dir/src/filter.cpp.o
[ 90%] Building CXX object modules/imgproc/CMakeFiles/opencv_imgproc.dir/src/resize.cpp.o
[ 90%] Building CXX object modules/imgproc/CMakeFiles/opencv_imgproc.dir/src/thresh.cpp.o
[ 90%] Building CXX object modules/imgproc/CMakeFiles/opencv_imgproc.dir/src/corner.cpp.o
[ 91%] Building CXX object modules/imgproc/CMakeFiles/opencv_imgproc.dir/src/utils.cpp.o
[ 91%] Building CXX object modules/imgproc/CMakeFiles/opencv_imgproc.dir/src/hershey_fonts.cpp.o
[ 91%] Building CXX object modules/imgproc/CMakeFiles/opencv_imgproc.dir/src/templmatch.cpp.o
[ 91%] Building CXX object modules/imgproc/CMakeFiles/opencv_imgproc.dir/src/convhull.cpp.o
[ 92%] Building CXX object modules/imgproc/CMakeFiles/opencv_imgproc.dir/src/pyramids.cpp.o
[ 92%] Building CXX object modules/imgproc/CMakeFiles/opencv_imgproc.dir/opencl_kernels_imgproc.cpp.o
[ 92%] Building CXX object modules/imgproc/CMakeFiles/opencv_imgproc.dir/accum.sse2.cpp.o
[ 92%] Building CXX object modules/imgproc/CMakeFiles/opencv_imgproc.dir/src/imgwarp.sse4_1.cpp.o
[ 93%] Building CXX object modules/imgproc/CMakeFiles/opencv_imgproc.dir/src/resize.sse4_1.cpp.o
[ 93%] Building CXX object modules/imgproc/CMakeFiles/opencv_imgproc.dir/src/corner.avx.cpp.o
[ 93%] Building CXX object modules/imgproc/CMakeFiles/opencv_imgproc.dir/accum.avx.cpp.o
[ 93%] Building CXX object modules/imgproc/CMakeFiles/opencv_imgproc.dir/src/resize.avx2.cpp.o
[ 93%] Building CXX object modules/imgproc/CMakeFiles/opencv_imgproc.dir/src/undistort.avx2.cpp.o
[ 94%] Building CXX object modules/imgproc/CMakeFiles/opencv_imgproc.dir/src/filter.avx2.cpp.o
[ 94%] Building CXX object modules/imgproc/CMakeFiles/opencv_imgproc.dir/src/imgwarp.avx2.cpp.o
[ 94%] Linking CXX static library ../../lib/libopencv_imgproc.a
[ 94%] Built target opencv_imgproc
Scanning dependencies of target opencv_imgcodecs_pch_dephelp
[ 94%] Building CXX object modules/imgcodecs/CMakeFiles/opencv_imgcodecs_pch_dephelp.dir/opencv_imgcodecs_pch_dephelp.cxx.o
[ 94%] Linking CXX static library ../../lib/libopencv_imgcodecs_pch_dephelp.a
[ 94%] Built target opencv_imgcodecs_pch_dephelp
Scanning dependencies of target pch_Generate_opencv_imgcodecs
[ 94%] Generating precomp.hpp
[ 94%] Generating precomp.hpp.gch/opencv_imgcodecs_RELEASE.gch
[ 94%] Built target pch_Generate_opencv_imgcodecs
Scanning dependencies of target opencv_imgcodecs
[ 94%] Building CXX object modules/imgcodecs/CMakeFiles/opencv_imgcodecs.dir/src/loadsave.cpp.o
[ 94%] Building CXX object modules/imgcodecs/CMakeFiles/opencv_imgcodecs.dir/src/utils.cpp.o
[ 95%] Building CXX object modules/imgcodecs/CMakeFiles/opencv_imgcodecs.dir/src/grfmt_exr.cpp.o
[ 95%] Building CXX object modules/imgcodecs/CMakeFiles/opencv_imgcodecs.dir/src/grfmt_jpeg.cpp.o
[ 95%] Building CXX object modules/imgcodecs/CMakeFiles/opencv_imgcodecs.dir/src/grfmt_tiff.cpp.o
[ 95%] Building CXX object modules/imgcodecs/CMakeFiles/opencv_imgcodecs.dir/src/grfmt_base.cpp.o
[ 96%] Building CXX object modules/imgcodecs/CMakeFiles/opencv_imgcodecs.dir/src/grfmt_sunras.cpp.o
[ 96%] Building CXX object modules/imgcodecs/CMakeFiles/opencv_imgcodecs.dir/src/grfmt_pxm.cpp.o
[ 96%] Building CXX object modules/imgcodecs/CMakeFiles/opencv_imgcodecs.dir/src/grfmt_pam.cpp.o
[ 96%] Building CXX object modules/imgcodecs/CMakeFiles/opencv_imgcodecs.dir/src/grfmt_png.cpp.o
[ 97%] Building CXX object modules/imgcodecs/CMakeFiles/opencv_imgcodecs.dir/src/grfmt_jpeg2000.cpp.o
[ 97%] Building CXX object modules/imgcodecs/CMakeFiles/opencv_imgcodecs.dir/src/grfmt_hdr.cpp.o
[ 97%] Building CXX object modules/imgcodecs/CMakeFiles/opencv_imgcodecs.dir/src/grfmt_gdal.cpp.o
[ 97%] Building CXX object modules/imgcodecs/CMakeFiles/opencv_imgcodecs.dir/src/grfmt_webp.cpp.o
[ 97%] Building CXX object modules/imgcodecs/CMakeFiles/opencv_imgcodecs.dir/src/grfmt_gdcm.cpp.o
[ 98%] Building CXX object modules/imgcodecs/CMakeFiles/opencv_imgcodecs.dir/src/grfmt_bmp.cpp.o
[ 98%] Building CXX object modules/imgcodecs/CMakeFiles/opencv_imgcodecs.dir/src/bitstrm.cpp.o
[ 98%] Building CXX object modules/imgcodecs/CMakeFiles/opencv_imgcodecs.dir/src/rgbe.cpp.o
[ 98%] Building CXX object modules/imgcodecs/CMakeFiles/opencv_imgcodecs.dir/src/exif.cpp.o
[100%] Linking CXX static library ../../lib/libopencv_imgcodecs.a
[100%] Built target opencv_imgcodecs
Scanning dependencies of target gen_opencv_python_source
[100%] Generate files for Python bindings and documentation
[100%] Built target gen_opencv_python_source
Scanning dependencies of target opencv_python2
[100%] Building CXX object modules/python2/CMakeFiles/opencv_python2.dir/__/src2/cv2.cpp.o
[100%] Linking CXX shared module ../../lib/cv2.so
[100%] Built target opencv_python2
(cv) suzuki@dynabook:~/opencv/opencv-3.4.0/build$ make install
[  0%] Built target gen-pkgconfig
[ 27%] Built target libwebp
[ 36%] Built target libjasper
[ 53%] Built target IlmImf
[ 60%] Built target ippiw
[ 60%] Built target ittnotify
[ 61%] Built target opencv_core_pch_dephelp
[ 62%] Built target pch_Generate_opencv_core
[ 77%] Built target opencv_core
[ 78%] Built target opencv_imgproc_pch_dephelp
[ 79%] Built target pch_Generate_opencv_imgproc
[ 94%] Built target opencv_imgproc
[ 94%] Built target opencv_imgcodecs_pch_dephelp
[ 94%] Built target pch_Generate_opencv_imgcodecs
[100%] Built target opencv_imgcodecs
[100%] Built target gen_opencv_python_source
[100%] Built target opencv_python2
Install the project...
-- Install configuration: "RELEASE"
-- Installing: /home/suzuki/opencv/3.4-1/share/OpenCV/3rdparty/lib/libippicv.a
-- Installing: /home/suzuki/opencv/3.4-1/include/opencv2/cvconfig.h
-- Installing: /home/suzuki/opencv/3.4-1/include/opencv2/opencv_modules.hpp
-- Installing: /home/suzuki/opencv/3.4-1/lib/pkgconfig/opencv.pc
-- Installing: /home/suzuki/opencv/3.4-1/share/OpenCV/OpenCVModules.cmake
-- Installing: /home/suzuki/opencv/3.4-1/share/OpenCV/OpenCVModules-release.cmake
-- Installing: /home/suzuki/opencv/3.4-1/share/OpenCV/OpenCVConfig-version.cmake
-- Installing: /home/suzuki/opencv/3.4-1/share/OpenCV/OpenCVConfig.cmake
-- Installing: /home/suzuki/opencv/3.4-1/share/OpenCV/valgrind.supp
-- Installing: /home/suzuki/opencv/3.4-1/share/OpenCV/valgrind_3rdparty.supp
-- Installing: /home/suzuki/opencv/3.4-1/share/OpenCV/3rdparty/lib/liblibwebp.a
-- Installing: /home/suzuki/opencv/3.4-1/share/OpenCV/3rdparty/lib/liblibjasper.a
-- Installing: /home/suzuki/opencv/3.4-1/share/OpenCV/3rdparty/lib/libIlmImf.a
-- Installing: /home/suzuki/opencv/3.4-1/share/OpenCV/3rdparty/lib/libippiw.a
-- Installing: /home/suzuki/opencv/3.4-1/share/OpenCV/3rdparty/lib/libittnotify.a
-- Installing: /home/suzuki/opencv/3.4-1/include/opencv/cvaux.hpp
-- Installing: /home/suzuki/opencv/3.4-1/include/opencv/cvaux.h
-- Installing: /home/suzuki/opencv/3.4-1/include/opencv/cv.hpp
-- Installing: /home/suzuki/opencv/3.4-1/include/opencv/cxcore.hpp
-- Installing: /home/suzuki/opencv/3.4-1/include/opencv/ml.h
-- Installing: /home/suzuki/opencv/3.4-1/include/opencv/cxeigen.hpp
-- Installing: /home/suzuki/opencv/3.4-1/include/opencv/cxmisc.h
-- Installing: /home/suzuki/opencv/3.4-1/include/opencv/highgui.h
-- Installing: /home/suzuki/opencv/3.4-1/include/opencv/cxcore.h
-- Installing: /home/suzuki/opencv/3.4-1/include/opencv/cv.h
-- Installing: /home/suzuki/opencv/3.4-1/include/opencv/cvwimage.h
-- Installing: /home/suzuki/opencv/3.4-1/include/opencv2/opencv.hpp
-- Installing: /home/suzuki/opencv/3.4-1/lib/libopencv_core.a
-- Installing: /home/suzuki/opencv/3.4-1/include/opencv2/core/cuda/saturate_cast.hpp
-- Installing: /home/suzuki/opencv/3.4-1/include/opencv2/core/cuda/warp_shuffle.hpp
-- Installing: /home/suzuki/opencv/3.4-1/include/opencv2/core/cuda/filters.hpp
-- Installing: /home/suzuki/opencv/3.4-1/include/opencv2/core/cuda/type_traits.hpp
-- Installing: /home/suzuki/opencv/3.4-1/include/opencv2/core/cuda/scan.hpp
-- Installing: /home/suzuki/opencv/3.4-1/include/opencv2/core/cuda/transform.hpp
-- Installing: /home/suzuki/opencv/3.4-1/include/opencv2/core/cuda/dynamic_smem.hpp
-- Installing: /home/suzuki/opencv/3.4-1/include/opencv2/core/cuda/simd_functions.hpp
-- Installing: /home/suzuki/opencv/3.4-1/include/opencv2/core/cuda/vec_traits.hpp
-- Installing: /home/suzuki/opencv/3.4-1/include/opencv2/core/cuda/common.hpp
-- Installing: /home/suzuki/opencv/3.4-1/include/opencv2/core/cuda/vec_math.hpp
-- Installing: /home/suzuki/opencv/3.4-1/include/opencv2/core/cuda/funcattrib.hpp
-- Installing: /home/suzuki/opencv/3.4-1/include/opencv2/core/cuda/functional.hpp
-- Installing: /home/suzuki/opencv/3.4-1/include/opencv2/core/cuda/vec_distance.hpp
-- Installing: /home/suzuki/opencv/3.4-1/include/opencv2/core/cuda/limits.hpp
-- Installing: /home/suzuki/opencv/3.4-1/include/opencv2/core/cuda/block.hpp
-- Installing: /home/suzuki/opencv/3.4-1/include/opencv2/core/cuda/datamov_utils.hpp
-- Installing: /home/suzuki/opencv/3.4-1/include/opencv2/core/cuda/utility.hpp
-- Installing: /home/suzuki/opencv/3.4-1/include/opencv2/core/cuda/border_interpolate.hpp
-- Installing: /home/suzuki/opencv/3.4-1/include/opencv2/core/cuda/reduce.hpp
-- Installing: /home/suzuki/opencv/3.4-1/include/opencv2/core/cuda/emulation.hpp
-- Installing: /home/suzuki/opencv/3.4-1/include/opencv2/core/cuda/color.hpp
-- Installing: /home/suzuki/opencv/3.4-1/include/opencv2/core/cuda/warp.hpp
-- Installing: /home/suzuki/opencv/3.4-1/include/opencv2/core/cuda/warp_reduce.hpp
-- Installing: /home/suzuki/opencv/3.4-1/include/opencv2/core/cuda/detail/type_traits_detail.hpp
-- Installing: /home/suzuki/opencv/3.4-1/include/opencv2/core/cuda/detail/color_detail.hpp
-- Installing: /home/suzuki/opencv/3.4-1/include/opencv2/core/cuda/detail/vec_distance_detail.hpp
-- Installing: /home/suzuki/opencv/3.4-1/include/opencv2/core/cuda/detail/reduce.hpp
-- Installing: /home/suzuki/opencv/3.4-1/include/opencv2/core/cuda/detail/transform_detail.hpp
-- Installing: /home/suzuki/opencv/3.4-1/include/opencv2/core/cuda/detail/reduce_key_val.hpp
-- Installing: /home/suzuki/opencv/3.4-1/include/opencv2/core.hpp
-- Installing: /home/suzuki/opencv/3.4-1/include/opencv2/core/cvstd.inl.hpp
-- Installing: /home/suzuki/opencv/3.4-1/include/opencv2/core/persistence.hpp
-- Installing: /home/suzuki/opencv/3.4-1/include/opencv2/core/types.hpp
-- Installing: /home/suzuki/opencv/3.4-1/include/opencv2/core/base.hpp
-- Installing: /home/suzuki/opencv/3.4-1/include/opencv2/core/bufferpool.hpp
-- Installing: /home/suzuki/opencv/3.4-1/include/opencv2/core/optim.hpp
-- Installing: /home/suzuki/opencv/3.4-1/include/opencv2/core/ovx.hpp
-- Installing: /home/suzuki/opencv/3.4-1/include/opencv2/core/operations.hpp
-- Installing: /home/suzuki/opencv/3.4-1/include/opencv2/core/cuda_stream_accessor.hpp
-- Installing: /home/suzuki/opencv/3.4-1/include/opencv2/core/core.hpp
-- Installing: /home/suzuki/opencv/3.4-1/include/opencv2/core/cuda_types.hpp
-- Installing: /home/suzuki/opencv/3.4-1/include/opencv2/core/directx.hpp
-- Installing: /home/suzuki/opencv/3.4-1/include/opencv2/core/traits.hpp
-- Installing: /home/suzuki/opencv/3.4-1/include/opencv2/core/version.hpp
-- Installing: /home/suzuki/opencv/3.4-1/include/opencv2/core/neon_utils.hpp
-- Installing: /home/suzuki/opencv/3.4-1/include/opencv2/core/fast_math.hpp
-- Installing: /home/suzuki/opencv/3.4-1/include/opencv2/core/wimage.hpp
-- Installing: /home/suzuki/opencv/3.4-1/include/opencv2/core/ptr.inl.hpp
-- Installing: /home/suzuki/opencv/3.4-1/include/opencv2/core/sse_utils.hpp
-- Installing: /home/suzuki/opencv/3.4-1/include/opencv2/core/softfloat.hpp
-- Installing: /home/suzuki/opencv/3.4-1/include/opencv2/core/vsx_utils.hpp
-- Installing: /home/suzuki/opencv/3.4-1/include/opencv2/core/cuda.inl.hpp
-- Installing: /home/suzuki/opencv/3.4-1/include/opencv2/core/mat.hpp
-- Installing: /home/suzuki/opencv/3.4-1/include/opencv2/core/cuda.hpp
-- Installing: /home/suzuki/opencv/3.4-1/include/opencv2/core/utility.hpp
-- Installing: /home/suzuki/opencv/3.4-1/include/opencv2/core/mat.inl.hpp
-- Installing: /home/suzuki/opencv/3.4-1/include/opencv2/core/eigen.hpp
-- Installing: /home/suzuki/opencv/3.4-1/include/opencv2/core/saturate.hpp
-- Installing: /home/suzuki/opencv/3.4-1/include/opencv2/core/ippasync.hpp
-- Installing: /home/suzuki/opencv/3.4-1/include/opencv2/core/va_intel.hpp
-- Installing: /home/suzuki/opencv/3.4-1/include/opencv2/core/ocl_genbase.hpp
-- Installing: /home/suzuki/opencv/3.4-1/include/opencv2/core/cvstd.hpp
-- Installing: /home/suzuki/opencv/3.4-1/include/opencv2/core/affine.hpp
-- Installing: /home/suzuki/opencv/3.4-1/include/opencv2/core/opengl.hpp
-- Installing: /home/suzuki/opencv/3.4-1/include/opencv2/core/matx.hpp
-- Installing: /home/suzuki/opencv/3.4-1/include/opencv2/core/ocl.hpp
-- Installing: /home/suzuki/opencv/3.4-1/include/opencv2/core/types_c.h
-- Installing: /home/suzuki/opencv/3.4-1/include/opencv2/core/cv_cpu_helper.h
-- Installing: /home/suzuki/opencv/3.4-1/include/opencv2/core/cv_cpu_dispatch.h
-- Installing: /home/suzuki/opencv/3.4-1/include/opencv2/core/cvdef.h
-- Installing: /home/suzuki/opencv/3.4-1/include/opencv2/core/core_c.h
-- Installing: /home/suzuki/opencv/3.4-1/include/opencv2/core/hal/intrin_neon.hpp
-- Installing: /home/suzuki/opencv/3.4-1/include/opencv2/core/hal/intrin.hpp
-- Installing: /home/suzuki/opencv/3.4-1/include/opencv2/core/hal/intrin_vsx.hpp
-- Installing: /home/suzuki/opencv/3.4-1/include/opencv2/core/hal/hal.hpp
-- Installing: /home/suzuki/opencv/3.4-1/include/opencv2/core/hal/intrin_sse.hpp
-- Installing: /home/suzuki/opencv/3.4-1/include/opencv2/core/hal/intrin_cpp.hpp
-- Installing: /home/suzuki/opencv/3.4-1/include/opencv2/core/hal/interface.h
-- Installing: /home/suzuki/opencv/3.4-1/include/opencv2/core/utils/logger.defines.hpp
-- Installing: /home/suzuki/opencv/3.4-1/include/opencv2/core/utils/logger.hpp
-- Installing: /home/suzuki/opencv/3.4-1/include/opencv2/core/utils/filesystem.hpp
-- Installing: /home/suzuki/opencv/3.4-1/include/opencv2/core/utils/trace.hpp
-- Installing: /home/suzuki/opencv/3.4-1/lib/libopencv_imgproc.a
-- Installing: /home/suzuki/opencv/3.4-1/include/opencv2/imgproc.hpp
-- Installing: /home/suzuki/opencv/3.4-1/include/opencv2/imgproc/imgproc.hpp
-- Installing: /home/suzuki/opencv/3.4-1/include/opencv2/imgproc/types_c.h
-- Installing: /home/suzuki/opencv/3.4-1/include/opencv2/imgproc/imgproc_c.h
-- Installing: /home/suzuki/opencv/3.4-1/include/opencv2/imgproc/hal/hal.hpp
-- Installing: /home/suzuki/opencv/3.4-1/include/opencv2/imgproc/hal/interface.h
-- Installing: /home/suzuki/opencv/3.4-1/include/opencv2/imgproc/detail/distortion_model.hpp
-- Installing: /home/suzuki/opencv/3.4-1/lib/libopencv_imgcodecs.a
-- Installing: /home/suzuki/opencv/3.4-1/include/opencv2/imgcodecs.hpp
-- Installing: /home/suzuki/opencv/3.4-1/include/opencv2/imgcodecs/imgcodecs.hpp
-- Installing: /home/suzuki/opencv/3.4-1/include/opencv2/imgcodecs/imgcodecs_c.h
-- Installing: /home/suzuki/opencv/3.4-1/include/opencv2/imgcodecs/ios.h
-- Installing: /home/suzuki/opencv/3.4-1/lib/python2.7/site-packages/cv2.so
-- Set runtime path of "/home/suzuki/opencv/3.4-1/lib/python2.7/site-packages/cv2.so" to "/home/suzuki/opencv/3.4-1/lib:/home/suzuki/anaconda3/lib:/home/suzuki/anaconda3/envs/cv/lib"
-- Installing: /home/suzuki/opencv/3.4-1/share/OpenCV/haarcascades/haarcascade_righteye_2splits.xml
-- Installing: /home/suzuki/opencv/3.4-1/share/OpenCV/haarcascades/haarcascade_profileface.xml
-- Installing: /home/suzuki/opencv/3.4-1/share/OpenCV/haarcascades/haarcascade_frontalface_alt.xml
-- Installing: /home/suzuki/opencv/3.4-1/share/OpenCV/haarcascades/haarcascade_frontalcatface_extended.xml
-- Installing: /home/suzuki/opencv/3.4-1/share/OpenCV/haarcascades/haarcascade_frontalcatface.xml
-- Installing: /home/suzuki/opencv/3.4-1/share/OpenCV/haarcascades/haarcascade_smile.xml
-- Installing: /home/suzuki/opencv/3.4-1/share/OpenCV/haarcascades/haarcascade_frontalface_alt2.xml
-- Installing: /home/suzuki/opencv/3.4-1/share/OpenCV/haarcascades/haarcascade_licence_plate_rus_16stages.xml
-- Installing: /home/suzuki/opencv/3.4-1/share/OpenCV/haarcascades/haarcascade_eye_tree_eyeglasses.xml
-- Installing: /home/suzuki/opencv/3.4-1/share/OpenCV/haarcascades/haarcascade_frontalface_alt_tree.xml
-- Installing: /home/suzuki/opencv/3.4-1/share/OpenCV/haarcascades/haarcascade_lefteye_2splits.xml
-- Installing: /home/suzuki/opencv/3.4-1/share/OpenCV/haarcascades/haarcascade_frontalface_default.xml
-- Installing: /home/suzuki/opencv/3.4-1/share/OpenCV/haarcascades/haarcascade_lowerbody.xml
-- Installing: /home/suzuki/opencv/3.4-1/share/OpenCV/haarcascades/haarcascade_upperbody.xml
-- Installing: /home/suzuki/opencv/3.4-1/share/OpenCV/haarcascades/haarcascade_fullbody.xml
-- Installing: /home/suzuki/opencv/3.4-1/share/OpenCV/haarcascades/haarcascade_eye.xml
-- Installing: /home/suzuki/opencv/3.4-1/share/OpenCV/haarcascades/haarcascade_russian_plate_number.xml
-- Installing: /home/suzuki/opencv/3.4-1/share/OpenCV/lbpcascades/lbpcascade_frontalface_improved.xml
-- Installing: /home/suzuki/opencv/3.4-1/share/OpenCV/lbpcascades/lbpcascade_frontalface.xml
-- Installing: /home/suzuki/opencv/3.4-1/share/OpenCV/lbpcascades/lbpcascade_frontalcatface.xml
-- Installing: /home/suzuki/opencv/3.4-1/share/OpenCV/lbpcascades/lbpcascade_profileface.xml
-- Installing: /home/suzuki/opencv/3.4-1/share/OpenCV/lbpcascades/lbpcascade_silverware.xml
(cv) suzuki@dynabook:~/opencv/opencv-3.4.0/build$ ls -la ../../3.4-1/lib/python2.7/site-packages
total 57708
drwxrwxr-x 2 suzuki suzuki     4096  2 26 06:28 .
drwxrwxr-x 3 suzuki suzuki     4096  2 26 06:28 ..
-rw-r--r-- 1 suzuki suzuki 59081112  2 26 00:12 cv2.so

